2025-10-16 12:08:21 - INFO - INFO: SESSION STARTED
2025-10-16 12:08:21 - INFO - INFO: Термодинамическая система v2.0
2025-10-16 12:08:21 - INFO - INFO: Запрос пользователя: Возможно ли взаимодействие фторида титана (TiF4) с магнием (Mg) при температуре 900-1500K?
2025-10-16 12:08:25 - INFO - INFO: Начало поиска для TiF4
2025-10-16 12:08:25 - INFO - INFO: 
2025-10-16 12:08:25 - INFO - INFO: ═══════════════════════════════════════════════════════════════
2025-10-16 12:08:25 - INFO - INFO: ПОИСК: TiF4
2025-10-16 12:08:25 - INFO - INFO: ───────────────────────────────────────────────────────────────
2025-10-16 12:08:25 - INFO - INFO: SQL запрос:
2025-10-16 12:08:25 - INFO - INFO: 
          SELECT * 
  FROM compounds
        
  WHERE (TRIM(Formula) = 'TiF4' OR Formula LIKE 'TiF4(%' OR Formula LIKE 'TiF4%' OR Formula LIKE '%TiF4%') AND (? >= Tmin AND ? <= Tmax)
        
  ORDER BY CASE ReliabilityClass WHEN 1 THEN 0 WHEN 2 THEN 1 WHEN 3 THEN 2 WHEN 0 THEN 3 WHEN 4 THEN 4 WHEN 5 THEN 5 ELSE 6 END, (Tmax - Tmin) DESC, LENGTH(TRIM(Formula)) ASC, CASE Phase WHEN 'g' THEN 0 WHEN 'l' THEN 1 WHEN 's' THEN 2 WHEN 'aq' THEN 3 ELSE 4 END, rowid ASC
        
  LIMIT ?
        
2025-10-16 12:08:25 - INFO - INFO: Параметры: [900.0, 1500.0, 100]
2025-10-16 12:08:25 - INFO - INFO: Найдено записей: 14
2025-10-16 12:08:25 - INFO - INFO: Время выполнения: 112.8 мс
2025-10-16 12:08:25 - INFO - INFO: ═══════════════════════════════════════════════════════════════
2025-10-16 12:08:25 - INFO - INFO: ═══════════════════════════════════════════════════════════════
2025-10-16 12:08:25 - INFO - INFO: СТАДИЯ 1: Комплексный поиск формул | Вещество: TiF4
2025-10-16 12:08:25 - INFO - INFO: ───────────────────────────────────────────────────────────────
2025-10-16 12:08:25 - INFO - INFO: Записей до фильтрации: 14
2025-10-16 12:08:25 - INFO - INFO: Записей после фильтрации: 14
2025-10-16 12:08:25 - INFO - INFO: Процент отсева: 0.0%
2025-10-16 12:08:25 - INFO - INFO: Время выполнения: 1.0 мс
2025-10-16 12:08:25 - INFO - INFO: Дополнительная статистика:
2025-10-16 12:08:25 - INFO - INFO:   total_records_before: 14
2025-10-16 12:08:25 - INFO - INFO:   total_records_after: 14
2025-10-16 12:08:25 - INFO - INFO:   search_statistics:
2025-10-16 12:08:25 - INFO - INFO:     exact_matches: 14
2025-10-16 12:08:25 - INFO - INFO:     phase_matches: 0
2025-10-16 12:08:25 - INFO - INFO:     prefix_matches: 0
2025-10-16 12:08:25 - INFO - INFO:     contains_matches: 0
2025-10-16 12:08:25 - INFO - INFO:   performance:
2025-10-16 12:08:25 - INFO - INFO:     memory_before_mb: 95.91015625
2025-10-16 12:08:25 - INFO - INFO:     memory_after_mb: 95.9296875
2025-10-16 12:08:25 - INFO - INFO:     memory_delta_mb: 0.01953125
2025-10-16 12:08:25 - INFO - INFO:     cpu_before_percent: 0.0
2025-10-16 12:08:25 - INFO - INFO:     cpu_after_percent: 0.0
2025-10-16 12:08:25 - INFO - INFO:     data_volume_before_mb: 0.00299072265625
2025-10-16 12:08:25 - INFO - INFO:     data_volume_after_mb: 0.00299072265625
2025-10-16 12:08:25 - INFO - INFO:     data_volume_reduction_mb: 0.0
2025-10-16 12:08:25 - INFO - INFO:     records_per_ms: 13.92465164809106
2025-10-16 12:08:25 - INFO - INFO: 
2025-10-16 12:08:25 - INFO - INFO: Таблица данных (14 записей):
2025-10-16 12:08:25 - INFO - INFO: +-----------+------------------------+---------+------------------+
| Formula   | FirstName              | Phase   | Tmin-Tmax (K)    |
+===========+========================+=========+==================+
| TiF4(g)   | Titanium(IV) fluoride  | g       | 298.15 - 2273.00 |
+-----------+------------------------+---------+------------------+
| TiF4(g)   | Titanium tetrafluoride | g       | 298.15 - 2273.00 |
+-----------+------------------------+---------+------------------+
| TiF4      | Titanium(IV) fluoride  | l       | 650.00 - 2000.00 |
+-----------+------------------------+---------+------------------+
| TiF4      | Titanium(IV) fluoride  | l       | 650.00 - 2000.00 |
+-----------+------------------------+---------+------------------+
| TiF4      | Titanium(IV) fluoride  | l       | 650.00 - 2000.00 |
+-----------+------------------------+---------+------------------+
| TiF4      | Titanium(IV) fluoride  | l       | 650.00 - 2000.00 |
+-----------+------------------------+---------+------------------+
| TiF4      | Titanium(IV) fluoride  | l       | 650.00 - 2000.00 |
+-----------+------------------------+---------+------------------+
| TiF4      | Titanium(IV) fluoride  | l       | 650.00 - 2000.00 |
+-----------+------------------------+---------+------------------+
| TiF4(g)   | Titanium(IV) fluoride  | g       | 600.00 - 1900.00 |
+-----------+------------------------+---------+------------------+
| TiF4(g)   | Titanium(IV) fluoride  | g       | 600.00 - 1900.00 |
+-----------+------------------------+---------+------------------+
| TiF4(g)   | Titanium(IV) fluoride  | g       | 600.00 - 1900.00 |
+-----------+------------------------+---------+------------------+
| TiF4(g)   | Titanium(IV) fluoride  | g       | 600.00 - 1900.00 |
+-----------+------------------------+---------+------------------+
| TiF4(g)   | Titanium(IV) fluoride  | g       | 600.00 - 1900.00 |
+-----------+------------------------+---------+------------------+
| TiF4(g)   | Titanium(IV) fluoride  | g       | 600.00 - 1900.00 |
+-----------+------------------------+---------+------------------+
2025-10-16 12:08:25 - INFO - INFO: ═══════════════════════════════════════════════════════════════
2025-10-16 12:08:25 - INFO - INFO: СТАДИЯ 2: Температурная фильтрация | Вещество: TiF4
2025-10-16 12:08:25 - INFO - INFO: ───────────────────────────────────────────────────────────────
2025-10-16 12:08:25 - INFO - INFO: Записей до фильтрации: 14
2025-10-16 12:08:25 - INFO - INFO: Записей после фильтрации: 14
2025-10-16 12:08:25 - INFO - INFO: Процент отсева: 0.0%
2025-10-16 12:08:25 - INFO - INFO: Время выполнения: 1.0 мс
2025-10-16 12:08:25 - INFO - INFO: Температурный диапазон: 900.0 - 1500.0 K
2025-10-16 12:08:25 - INFO - INFO: Записей в диапазоне: 14
2025-10-16 12:08:25 - INFO - INFO: Записей вне диапазона: 0
2025-10-16 12:08:25 - INFO - INFO: Дополнительная статистика:
2025-10-16 12:08:25 - INFO - INFO:   records_in_range: 14
2025-10-16 12:08:25 - INFO - INFO:   records_out_of_range: 0
2025-10-16 12:08:25 - INFO - INFO:   coverage_percentage: 100.0
2025-10-16 12:08:25 - INFO - INFO:   performance:
2025-10-16 12:08:25 - INFO - INFO:     memory_before_mb: 95.9765625
2025-10-16 12:08:25 - INFO - INFO:     memory_after_mb: 95.9765625
2025-10-16 12:08:25 - INFO - INFO:     memory_delta_mb: 0.0
2025-10-16 12:08:25 - INFO - INFO:     cpu_before_percent: 0.0
2025-10-16 12:08:25 - INFO - INFO:     cpu_after_percent: 0.0
2025-10-16 12:08:25 - INFO - INFO:     data_volume_before_mb: 0.00299072265625
2025-10-16 12:08:25 - INFO - INFO:     data_volume_after_mb: 0.00299072265625
2025-10-16 12:08:25 - INFO - INFO:     data_volume_reduction_mb: 0.0
2025-10-16 12:08:25 - INFO - INFO:     records_per_ms: 14.399278077488965
2025-10-16 12:08:25 - INFO - INFO: 
2025-10-16 12:08:25 - INFO - INFO: Таблица данных (14 записей):
2025-10-16 12:08:25 - INFO - INFO: +-----------+------------------------+---------+------------------+
| Formula   | FirstName              | Phase   | Tmin-Tmax (K)    |
+===========+========================+=========+==================+
| TiF4(g)   | Titanium(IV) fluoride  | g       | 298.15 - 2273.00 |
+-----------+------------------------+---------+------------------+
| TiF4(g)   | Titanium tetrafluoride | g       | 298.15 - 2273.00 |
+-----------+------------------------+---------+------------------+
| TiF4      | Titanium(IV) fluoride  | l       | 650.00 - 2000.00 |
+-----------+------------------------+---------+------------------+
| TiF4      | Titanium(IV) fluoride  | l       | 650.00 - 2000.00 |
+-----------+------------------------+---------+------------------+
| TiF4      | Titanium(IV) fluoride  | l       | 650.00 - 2000.00 |
+-----------+------------------------+---------+------------------+
| TiF4      | Titanium(IV) fluoride  | l       | 650.00 - 2000.00 |
+-----------+------------------------+---------+------------------+
| TiF4      | Titanium(IV) fluoride  | l       | 650.00 - 2000.00 |
+-----------+------------------------+---------+------------------+
| TiF4      | Titanium(IV) fluoride  | l       | 650.00 - 2000.00 |
+-----------+------------------------+---------+------------------+
| TiF4(g)   | Titanium(IV) fluoride  | g       | 600.00 - 1900.00 |
+-----------+------------------------+---------+------------------+
| TiF4(g)   | Titanium(IV) fluoride  | g       | 600.00 - 1900.00 |
+-----------+------------------------+---------+------------------+
| TiF4(g)   | Titanium(IV) fluoride  | g       | 600.00 - 1900.00 |
+-----------+------------------------+---------+------------------+
| TiF4(g)   | Titanium(IV) fluoride  | g       | 600.00 - 1900.00 |
+-----------+------------------------+---------+------------------+
| TiF4(g)   | Titanium(IV) fluoride  | g       | 600.00 - 1900.00 |
+-----------+------------------------+---------+------------------+
| TiF4(g)   | Titanium(IV) fluoride  | g       | 600.00 - 1900.00 |
+-----------+------------------------+---------+------------------+
2025-10-16 12:08:25 - INFO - INFO: ═══════════════════════════════════════════════════════════════
2025-10-16 12:08:25 - INFO - INFO: СТАДИЯ 3: Фазовая фильтрация | Вещество: TiF4
2025-10-16 12:08:25 - INFO - INFO: ───────────────────────────────────────────────────────────────
2025-10-16 12:08:25 - INFO - INFO: Записей до фильтрации: 14
2025-10-16 12:08:25 - INFO - INFO: Записей после фильтрации: 8
2025-10-16 12:08:25 - INFO - INFO: Процент отсева: 0.4%
2025-10-16 12:08:25 - INFO - INFO: Время выполнения: 0.5 мс
2025-10-16 12:08:25 - INFO - INFO: Дополнительная статистика:
2025-10-16 12:08:25 - INFO - INFO:   phase_matches: 8
2025-10-16 12:08:25 - INFO - INFO:   phase_mismatches: 6
2025-10-16 12:08:25 - INFO - INFO:   phase_analysis:
2025-10-16 12:08:25 - INFO - INFO:     correct: 8
2025-10-16 12:08:25 - INFO - INFO:     unknown: 0
2025-10-16 12:08:25 - INFO - INFO:     incorrect: 6
2025-10-16 12:08:25 - INFO - INFO:   mid_temperature: 1200.0
2025-10-16 12:08:25 - INFO - INFO:   average_score: 0.5714285714285714
2025-10-16 12:08:25 - INFO - INFO:   performance:
2025-10-16 12:08:25 - INFO - INFO:     memory_before_mb: 95.9765625
2025-10-16 12:08:25 - INFO - INFO:     memory_after_mb: 95.9765625
2025-10-16 12:08:25 - INFO - INFO:     memory_delta_mb: 0.0
2025-10-16 12:08:25 - INFO - INFO:     cpu_before_percent: 104.2
2025-10-16 12:08:25 - INFO - INFO:     cpu_after_percent: 0.0
2025-10-16 12:08:25 - INFO - INFO:     data_volume_before_mb: 0.00299072265625
2025-10-16 12:08:25 - INFO - INFO:     data_volume_after_mb: 0.001708984375
2025-10-16 12:08:25 - INFO - INFO:     data_volume_reduction_mb: 0.00128173828125
2025-10-16 12:08:25 - INFO - INFO:     records_per_ms: 27.948717753450737
2025-10-16 12:08:25 - INFO - INFO: 
2025-10-16 12:08:25 - INFO - INFO: Таблица данных (8 записей):
2025-10-16 12:08:25 - INFO - INFO: +-----------+------------------------+---------+------------------+
| Formula   | FirstName              | Phase   | Tmin-Tmax (K)    |
+===========+========================+=========+==================+
| TiF4(g)   | Titanium(IV) fluoride  | g       | 298.15 - 2273.00 |
+-----------+------------------------+---------+------------------+
| TiF4(g)   | Titanium tetrafluoride | g       | 298.15 - 2273.00 |
+-----------+------------------------+---------+------------------+
| TiF4(g)   | Titanium(IV) fluoride  | g       | 600.00 - 1900.00 |
+-----------+------------------------+---------+------------------+
| TiF4(g)   | Titanium(IV) fluoride  | g       | 600.00 - 1900.00 |
+-----------+------------------------+---------+------------------+
| TiF4(g)   | Titanium(IV) fluoride  | g       | 600.00 - 1900.00 |
+-----------+------------------------+---------+------------------+
| TiF4(g)   | Titanium(IV) fluoride  | g       | 600.00 - 1900.00 |
+-----------+------------------------+---------+------------------+
| TiF4(g)   | Titanium(IV) fluoride  | g       | 600.00 - 1900.00 |
+-----------+------------------------+---------+------------------+
| TiF4(g)   | Titanium(IV) fluoride  | g       | 600.00 - 1900.00 |
+-----------+------------------------+---------+------------------+
2025-10-16 12:08:25 - INFO - INFO: ═══════════════════════════════════════════════════════════════
2025-10-16 12:08:25 - INFO - INFO: СТАДИЯ 4: Приоритизация по надёжности | Вещество: TiF4
2025-10-16 12:08:25 - INFO - INFO: ───────────────────────────────────────────────────────────────
2025-10-16 12:08:25 - INFO - INFO: Записей до фильтрации: 8
2025-10-16 12:08:25 - INFO - INFO: Записей после фильтрации: 1
2025-10-16 12:08:25 - INFO - INFO: Процент отсева: 0.9%
2025-10-16 12:08:25 - INFO - INFO: Время выполнения: 0.0 мс
2025-10-16 12:08:25 - INFO - INFO: Дополнительная статистика:
2025-10-16 12:08:25 - INFO - INFO:   total_candidates: 8
2025-10-16 12:08:25 - INFO - INFO:   selected: 1
2025-10-16 12:08:25 - INFO - INFO:   max_records: 1
2025-10-16 12:08:25 - INFO - INFO:   reliability_distribution:
2025-10-16 12:08:25 - INFO - INFO:     1: 8
2025-10-16 12:08:25 - INFO - INFO:   average_completeness: 1.0
2025-10-16 12:08:25 - INFO - INFO:   average_score: 1020.0
2025-10-16 12:08:25 - INFO - INFO:   performance:
2025-10-16 12:08:25 - INFO - INFO:     memory_before_mb: 95.9765625
2025-10-16 12:08:25 - INFO - INFO:     memory_after_mb: 95.9765625
2025-10-16 12:08:25 - INFO - INFO:     memory_delta_mb: 0.0
2025-10-16 12:08:25 - INFO - INFO:     cpu_before_percent: 0.0
2025-10-16 12:08:25 - INFO - INFO:     cpu_after_percent: 0.0
2025-10-16 12:08:25 - INFO - INFO:     data_volume_before_mb: 0.001708984375
2025-10-16 12:08:25 - INFO - INFO:     data_volume_after_mb: 0.000213623046875
2025-10-16 12:08:25 - INFO - INFO:     data_volume_reduction_mb: 0.001495361328125
2025-10-16 12:08:25 - INFO - INFO:     records_per_ms: 0
2025-10-16 12:08:25 - INFO - INFO: 
2025-10-16 12:08:25 - INFO - INFO: Таблица данных (1 записей):
2025-10-16 12:08:25 - INFO - INFO: +-----------+-----------------------+---------+------------------+
| Formula   | FirstName             | Phase   | Tmin-Tmax (K)    |
+===========+=======================+=========+==================+
| TiF4(g)   | Titanium(IV) fluoride | g       | 298.15 - 2273.00 |
+-----------+-----------------------+---------+------------------+
2025-10-16 12:08:25 - INFO - INFO: ═══════════════════════════════════════════════════════════════
2025-10-16 12:08:25 - INFO - INFO: СТАДИЯ 5: Проверка температурного покрытия | Вещество: TiF4
2025-10-16 12:08:25 - INFO - INFO: ───────────────────────────────────────────────────────────────
2025-10-16 12:08:25 - INFO - INFO: Записей до фильтрации: 1
2025-10-16 12:08:25 - INFO - INFO: Записей после фильтрации: 1
2025-10-16 12:08:25 - INFO - INFO: Процент отсева: 0.0%
2025-10-16 12:08:25 - INFO - INFO: Время выполнения: 0.0 мс
2025-10-16 12:08:25 - INFO - INFO: Температурный диапазон: 900.0 - 1500.0 K
2025-10-16 12:08:25 - INFO - INFO: Записей в диапазоне: 0
2025-10-16 12:08:25 - INFO - INFO: Записей вне диапазона: 0
2025-10-16 12:08:25 - INFO - INFO: Дополнительная статистика:
2025-10-16 12:08:25 - INFO - INFO:   coverage_percentage: 100.0
2025-10-16 12:08:25 - INFO - INFO:   records_with_coverage: 1
2025-10-16 12:08:25 - INFO - INFO:   performance:
2025-10-16 12:08:25 - INFO - INFO:     memory_before_mb: 95.98046875
2025-10-16 12:08:25 - INFO - INFO:     memory_after_mb: 95.98046875
2025-10-16 12:08:25 - INFO - INFO:     memory_delta_mb: 0.0
2025-10-16 12:08:25 - INFO - INFO:     cpu_before_percent: 0.0
2025-10-16 12:08:25 - INFO - INFO:     cpu_after_percent: 0.0
2025-10-16 12:08:25 - INFO - INFO:     data_volume_before_mb: 0.000213623046875
2025-10-16 12:08:25 - INFO - INFO:     data_volume_after_mb: 0.000213623046875
2025-10-16 12:08:25 - INFO - INFO:     data_volume_reduction_mb: 0.0
2025-10-16 12:08:25 - INFO - INFO:     records_per_ms: 0
2025-10-16 12:08:25 - INFO - INFO: 
2025-10-16 12:08:25 - INFO - INFO: Таблица данных (1 записей):
2025-10-16 12:08:25 - INFO - INFO: +-----------+-----------------------+---------+------------------+
| Formula   | FirstName             | Phase   | Tmin-Tmax (K)    |
+===========+=======================+=========+==================+
| TiF4(g)   | Titanium(IV) fluoride | g       | 298.15 - 2273.00 |
+-----------+-----------------------+---------+------------------+
2025-10-16 12:08:25 - INFO - INFO: Начало поиска для Mg
2025-10-16 12:08:25 - INFO - INFO: 
2025-10-16 12:08:25 - INFO - INFO: ═══════════════════════════════════════════════════════════════
2025-10-16 12:08:25 - INFO - INFO: ПОИСК: Mg
2025-10-16 12:08:25 - INFO - INFO: ───────────────────────────────────────────────────────────────
2025-10-16 12:08:25 - INFO - INFO: SQL запрос:
2025-10-16 12:08:25 - INFO - INFO: 
          SELECT * 
  FROM compounds
        
  WHERE (TRIM(Formula) = 'Mg' OR Formula LIKE 'Mg(%' OR Formula LIKE 'Mg%') AND (? >= Tmin AND ? <= Tmax)
        
  ORDER BY CASE ReliabilityClass WHEN 1 THEN 0 WHEN 2 THEN 1 WHEN 3 THEN 2 WHEN 0 THEN 3 WHEN 4 THEN 4 WHEN 5 THEN 5 ELSE 6 END, (Tmax - Tmin) DESC, LENGTH(TRIM(Formula)) ASC, CASE Phase WHEN 'g' THEN 0 WHEN 'l' THEN 1 WHEN 's' THEN 2 WHEN 'aq' THEN 3 ELSE 4 END, rowid ASC
        
  LIMIT ?
        
2025-10-16 12:08:25 - INFO - INFO: Параметры: [900.0, 1500.0, 100]
2025-10-16 12:08:25 - INFO - INFO: Найдено записей: 100
2025-10-16 12:08:25 - INFO - INFO: Время выполнения: 70.2 мс
2025-10-16 12:08:25 - INFO - INFO: ═══════════════════════════════════════════════════════════════
2025-10-16 12:08:25 - INFO - INFO: ═══════════════════════════════════════════════════════════════
2025-10-16 12:08:25 - INFO - INFO: СТАДИЯ 1: Комплексный поиск формул | Вещество: Mg
2025-10-16 12:08:25 - INFO - INFO: ───────────────────────────────────────────────────────────────
2025-10-16 12:08:25 - INFO - INFO: Записей до фильтрации: 100
2025-10-16 12:08:25 - INFO - INFO: Записей после фильтрации: 100
2025-10-16 12:08:25 - INFO - INFO: Процент отсева: 0.0%
2025-10-16 12:08:25 - INFO - INFO: Время выполнения: 0.0 мс
2025-10-16 12:08:25 - INFO - INFO: Дополнительная статистика:
2025-10-16 12:08:25 - INFO - INFO:   total_records_before: 100
2025-10-16 12:08:25 - INFO - INFO:   total_records_after: 100
2025-10-16 12:08:25 - INFO - INFO:   search_statistics:
2025-10-16 12:08:25 - INFO - INFO:     exact_matches: 11
2025-10-16 12:08:25 - INFO - INFO:     phase_matches: 0
2025-10-16 12:08:25 - INFO - INFO:     prefix_matches: 89
2025-10-16 12:08:25 - INFO - INFO:     contains_matches: 0
2025-10-16 12:08:25 - INFO - INFO:   performance:
2025-10-16 12:08:25 - INFO - INFO:     memory_before_mb: 96.3046875
2025-10-16 12:08:25 - INFO - INFO:     memory_after_mb: 96.3046875
2025-10-16 12:08:25 - INFO - INFO:     memory_delta_mb: 0.0
2025-10-16 12:08:25 - INFO - INFO:     cpu_before_percent: 99.2
2025-10-16 12:08:25 - INFO - INFO:     cpu_after_percent: 0.0
2025-10-16 12:08:25 - INFO - INFO:     data_volume_before_mb: 0.0213623046875
2025-10-16 12:08:25 - INFO - INFO:     data_volume_after_mb: 0.0213623046875
2025-10-16 12:08:25 - INFO - INFO:     data_volume_reduction_mb: 0.0
2025-10-16 12:08:25 - INFO - INFO:     records_per_ms: 0
2025-10-16 12:08:25 - INFO - INFO: 
2025-10-16 12:08:25 - INFO - INFO: Таблица данных (15 записей):
2025-10-16 12:08:25 - INFO - INFO: +-----------+----------------------+---------+------------------+
| Formula   | FirstName            | Phase   | Tmin-Tmax (K)    |
+===========+======================+=========+==================+
| MgBr2(g)  | Magnesium bromide    | g       | 298.15 - 6000.00 |
+-----------+----------------------+---------+------------------+
| MgBr2(g)  | Magnesium bromide    | g       | 298.15 - 6000.00 |
+-----------+----------------------+---------+------------------+
| MgBr2(g)  | Magnesium bromide    | g       | 298.15 - 6000.00 |
+-----------+----------------------+---------+------------------+
| MgBr2(g)  | Magnesium bromide    | g       | 298.15 - 6000.00 |
+-----------+----------------------+---------+------------------+
| MgBr2(g)  | Magnesium bromide    | g       | 298.15 - 6000.00 |
+-----------+----------------------+---------+------------------+
| MgBr2(g)  | Magnesium bromide    | g       | 298.15 - 6000.00 |
+-----------+----------------------+---------+------------------+
| MgI(g)    | Magnesium monoiodide | g       | 400.00 - 6000.00 |
+-----------+----------------------+---------+------------------+
| MgI(g)    | Magnesium monoiodide | g       | 400.00 - 6000.00 |
+-----------+----------------------+---------+------------------+
| MgI2(g)   | Magnesium iodide     | g       | 400.00 - 6000.00 |
+-----------+----------------------+---------+------------------+
| MgI2(g)   | Magnesium iodide     | g       | 400.00 - 6000.00 |
+-----------+----------------------+---------+------------------+
| MgI2(g)   | Magnesium iodide     | g       | 400.00 - 6000.00 |
+-----------+----------------------+---------+------------------+
| MgI2(g)   | Magnesium iodide     | g       | 400.00 - 6000.00 |
+-----------+----------------------+---------+------------------+
| MgI2(g)   | Magnesium iodide     | g       | 400.00 - 6000.00 |
+-----------+----------------------+---------+------------------+
| MgI2(g)   | Magnesium iodide     | g       | 400.00 - 6000.00 |
+-----------+----------------------+---------+------------------+
| MgI2(g)   | Magnesium iodide     | g       | 400.00 - 6000.00 |
+-----------+----------------------+---------+------------------+
2025-10-16 12:08:25 - INFO - INFO: ═══════════════════════════════════════════════════════════════
2025-10-16 12:08:25 - INFO - INFO: СТАДИЯ 2: Температурная фильтрация | Вещество: Mg
2025-10-16 12:08:25 - INFO - INFO: ───────────────────────────────────────────────────────────────
2025-10-16 12:08:25 - INFO - INFO: Записей до фильтрации: 100
2025-10-16 12:08:25 - INFO - INFO: Записей после фильтрации: 100
2025-10-16 12:08:25 - INFO - INFO: Процент отсева: 0.0%
2025-10-16 12:08:25 - INFO - INFO: Время выполнения: 1.0 мс
2025-10-16 12:08:25 - INFO - INFO: Температурный диапазон: 900.0 - 1500.0 K
2025-10-16 12:08:25 - INFO - INFO: Записей в диапазоне: 100
2025-10-16 12:08:25 - INFO - INFO: Записей вне диапазона: 0
2025-10-16 12:08:25 - INFO - INFO: Дополнительная статистика:
2025-10-16 12:08:25 - INFO - INFO:   records_in_range: 100
2025-10-16 12:08:25 - INFO - INFO:   records_out_of_range: 0
2025-10-16 12:08:25 - INFO - INFO:   coverage_percentage: 100.0
2025-10-16 12:08:25 - INFO - INFO:   performance:
2025-10-16 12:08:25 - INFO - INFO:     memory_before_mb: 96.31640625
2025-10-16 12:08:25 - INFO - INFO:     memory_after_mb: 96.31640625
2025-10-16 12:08:25 - INFO - INFO:     memory_delta_mb: 0.0
2025-10-16 12:08:25 - INFO - INFO:     cpu_before_percent: 0.0
2025-10-16 12:08:25 - INFO - INFO:     cpu_after_percent: 0.0
2025-10-16 12:08:25 - INFO - INFO:     data_volume_before_mb: 0.0213623046875
2025-10-16 12:08:25 - INFO - INFO:     data_volume_after_mb: 0.0213623046875
2025-10-16 12:08:25 - INFO - INFO:     data_volume_reduction_mb: 0.0
2025-10-16 12:08:25 - INFO - INFO:     records_per_ms: 99.46179748636472
2025-10-16 12:08:25 - INFO - INFO: 
2025-10-16 12:08:25 - INFO - INFO: Таблица данных (15 записей):
2025-10-16 12:08:25 - INFO - INFO: +-----------+----------------------+---------+------------------+
| Formula   | FirstName            | Phase   | Tmin-Tmax (K)    |
+===========+======================+=========+==================+
| MgBr2(g)  | Magnesium bromide    | g       | 298.15 - 6000.00 |
+-----------+----------------------+---------+------------------+
| MgBr2(g)  | Magnesium bromide    | g       | 298.15 - 6000.00 |
+-----------+----------------------+---------+------------------+
| MgBr2(g)  | Magnesium bromide    | g       | 298.15 - 6000.00 |
+-----------+----------------------+---------+------------------+
| MgBr2(g)  | Magnesium bromide    | g       | 298.15 - 6000.00 |
+-----------+----------------------+---------+------------------+
| MgBr2(g)  | Magnesium bromide    | g       | 298.15 - 6000.00 |
+-----------+----------------------+---------+------------------+
| MgBr2(g)  | Magnesium bromide    | g       | 298.15 - 6000.00 |
+-----------+----------------------+---------+------------------+
| MgI(g)    | Magnesium monoiodide | g       | 400.00 - 6000.00 |
+-----------+----------------------+---------+------------------+
| MgI(g)    | Magnesium monoiodide | g       | 400.00 - 6000.00 |
+-----------+----------------------+---------+------------------+
| MgI2(g)   | Magnesium iodide     | g       | 400.00 - 6000.00 |
+-----------+----------------------+---------+------------------+
| MgI2(g)   | Magnesium iodide     | g       | 400.00 - 6000.00 |
+-----------+----------------------+---------+------------------+
| MgI2(g)   | Magnesium iodide     | g       | 400.00 - 6000.00 |
+-----------+----------------------+---------+------------------+
| MgI2(g)   | Magnesium iodide     | g       | 400.00 - 6000.00 |
+-----------+----------------------+---------+------------------+
| MgI2(g)   | Magnesium iodide     | g       | 400.00 - 6000.00 |
+-----------+----------------------+---------+------------------+
| MgI2(g)   | Magnesium iodide     | g       | 400.00 - 6000.00 |
+-----------+----------------------+---------+------------------+
| MgI2(g)   | Magnesium iodide     | g       | 400.00 - 6000.00 |
+-----------+----------------------+---------+------------------+
2025-10-16 12:08:25 - INFO - INFO: ═══════════════════════════════════════════════════════════════
2025-10-16 12:08:25 - INFO - INFO: СТАДИЯ 3: Фазовая фильтрация | Вещество: Mg
2025-10-16 12:08:25 - INFO - INFO: ───────────────────────────────────────────────────────────────
2025-10-16 12:08:25 - INFO - INFO: Записей до фильтрации: 100
2025-10-16 12:08:25 - INFO - INFO: Записей после фильтрации: 74
2025-10-16 12:08:25 - INFO - INFO: Процент отсева: 0.3%
2025-10-16 12:08:25 - INFO - INFO: Время выполнения: 0.5 мс
2025-10-16 12:08:25 - INFO - INFO: Дополнительная статистика:
2025-10-16 12:08:25 - INFO - INFO:   phase_matches: 74
2025-10-16 12:08:25 - INFO - INFO:   phase_mismatches: 26
2025-10-16 12:08:25 - INFO - INFO:   phase_analysis:
2025-10-16 12:08:25 - INFO - INFO:     correct: 74
2025-10-16 12:08:25 - INFO - INFO:     unknown: 0
2025-10-16 12:08:25 - INFO - INFO:     incorrect: 26
2025-10-16 12:08:25 - INFO - INFO:   mid_temperature: 1200.0
2025-10-16 12:08:25 - INFO - INFO:   average_score: 0.74
2025-10-16 12:08:25 - INFO - INFO:   performance:
2025-10-16 12:08:25 - INFO - INFO:     memory_before_mb: 96.31640625
2025-10-16 12:08:25 - INFO - INFO:     memory_after_mb: 96.31640625
2025-10-16 12:08:25 - INFO - INFO:     memory_delta_mb: 0.0
2025-10-16 12:08:25 - INFO - INFO:     cpu_before_percent: 104.2
2025-10-16 12:08:25 - INFO - INFO:     cpu_after_percent: 0.0
2025-10-16 12:08:25 - INFO - INFO:     data_volume_before_mb: 0.0213623046875
2025-10-16 12:08:25 - INFO - INFO:     data_volume_after_mb: 0.01580810546875
2025-10-16 12:08:25 - INFO - INFO:     data_volume_reduction_mb: 0.00555419921875
2025-10-16 12:08:25 - INFO - INFO:     records_per_ms: 199.06521120075936
2025-10-16 12:08:25 - INFO - INFO: 
2025-10-16 12:08:25 - INFO - INFO: Таблица данных (15 записей):
2025-10-16 12:08:25 - INFO - INFO: +-----------+----------------------+---------+------------------+
| Formula   | FirstName            | Phase   | Tmin-Tmax (K)    |
+===========+======================+=========+==================+
| MgI(g)    | Magnesium monoiodide | g       | 400.00 - 6000.00 |
+-----------+----------------------+---------+------------------+
| MgI(g)    | Magnesium monoiodide | g       | 400.00 - 6000.00 |
+-----------+----------------------+---------+------------------+
| MgI2(g)   | Magnesium iodide     | g       | 400.00 - 6000.00 |
+-----------+----------------------+---------+------------------+
| MgI2(g)   | Magnesium iodide     | g       | 400.00 - 6000.00 |
+-----------+----------------------+---------+------------------+
| MgI2(g)   | Magnesium iodide     | g       | 400.00 - 6000.00 |
+-----------+----------------------+---------+------------------+
| MgI2(g)   | Magnesium iodide     | g       | 400.00 - 6000.00 |
+-----------+----------------------+---------+------------------+
| MgI2(g)   | Magnesium iodide     | g       | 400.00 - 6000.00 |
+-----------+----------------------+---------+------------------+
| MgI2(g)   | Magnesium iodide     | g       | 400.00 - 6000.00 |
+-----------+----------------------+---------+------------------+
| MgI2(g)   | Magnesium iodide     | g       | 400.00 - 6000.00 |
+-----------+----------------------+---------+------------------+
| MgI2(g)   | Magnesium iodide     | g       | 400.00 - 6000.00 |
+-----------+----------------------+---------+------------------+
| MgN(g)    | Magnesium nitride    | g       | 600.00 - 6000.00 |
+-----------+----------------------+---------+------------------+
| MgN(g)    | Magnesium nitride    | g       | 600.00 - 6000.00 |
+-----------+----------------------+---------+------------------+
| MgN(g)    | Magnesium nitride    | g       | 600.00 - 6000.00 |
+-----------+----------------------+---------+------------------+
| MgN(g)    | Magnesium nitride    | g       | 600.00 - 6000.00 |
+-----------+----------------------+---------+------------------+
| MgN(g)    | Magnesium nitride    | g       | 600.00 - 6000.00 |
+-----------+----------------------+---------+------------------+
2025-10-16 12:08:25 - INFO - INFO: ═══════════════════════════════════════════════════════════════
2025-10-16 12:08:25 - INFO - INFO: СТАДИЯ 4: Приоритизация по надёжности | Вещество: Mg
2025-10-16 12:08:25 - INFO - INFO: ───────────────────────────────────────────────────────────────
2025-10-16 12:08:25 - INFO - INFO: Записей до фильтрации: 74
2025-10-16 12:08:25 - INFO - INFO: Записей после фильтрации: 1
2025-10-16 12:08:25 - INFO - INFO: Процент отсева: 1.0%
2025-10-16 12:08:25 - INFO - INFO: Время выполнения: 0.0 мс
2025-10-16 12:08:25 - INFO - INFO: Дополнительная статистика:
2025-10-16 12:08:25 - INFO - INFO:   total_candidates: 74
2025-10-16 12:08:25 - INFO - INFO:   selected: 1
2025-10-16 12:08:25 - INFO - INFO:   max_records: 1
2025-10-16 12:08:25 - INFO - INFO:   reliability_distribution:
2025-10-16 12:08:25 - INFO - INFO:     1: 74
2025-10-16 12:08:25 - INFO - INFO:   average_completeness: 1.0
2025-10-16 12:08:25 - INFO - INFO:   average_score: 1020.0
2025-10-16 12:08:25 - INFO - INFO:   performance:
2025-10-16 12:08:25 - INFO - INFO:     memory_before_mb: 96.3203125
2025-10-16 12:08:25 - INFO - INFO:     memory_after_mb: 96.3203125
2025-10-16 12:08:25 - INFO - INFO:     memory_delta_mb: 0.0
2025-10-16 12:08:25 - INFO - INFO:     cpu_before_percent: 0.0
2025-10-16 12:08:25 - INFO - INFO:     cpu_after_percent: 0.0
2025-10-16 12:08:25 - INFO - INFO:     data_volume_before_mb: 0.01580810546875
2025-10-16 12:08:25 - INFO - INFO:     data_volume_after_mb: 0.000213623046875
2025-10-16 12:08:25 - INFO - INFO:     data_volume_reduction_mb: 0.015594482421875
2025-10-16 12:08:25 - INFO - INFO:     records_per_ms: 0
2025-10-16 12:08:25 - INFO - INFO: 
2025-10-16 12:08:25 - INFO - INFO: Таблица данных (1 записей):
2025-10-16 12:08:25 - INFO - INFO: +-----------+----------------------+---------+------------------+
| Formula   | FirstName            | Phase   | Tmin-Tmax (K)    |
+===========+======================+=========+==================+
| MgI(g)    | Magnesium monoiodide | g       | 400.00 - 6000.00 |
+-----------+----------------------+---------+------------------+
2025-10-16 12:08:25 - INFO - INFO: ═══════════════════════════════════════════════════════════════
2025-10-16 12:08:25 - INFO - INFO: СТАДИЯ 5: Проверка температурного покрытия | Вещество: Mg
2025-10-16 12:08:25 - INFO - INFO: ───────────────────────────────────────────────────────────────
2025-10-16 12:08:25 - INFO - INFO: Записей до фильтрации: 1
2025-10-16 12:08:25 - INFO - INFO: Записей после фильтрации: 1
2025-10-16 12:08:25 - INFO - INFO: Процент отсева: 0.0%
2025-10-16 12:08:25 - INFO - INFO: Время выполнения: 0.0 мс
2025-10-16 12:08:25 - INFO - INFO: Температурный диапазон: 900.0 - 1500.0 K
2025-10-16 12:08:25 - INFO - INFO: Записей в диапазоне: 0
2025-10-16 12:08:25 - INFO - INFO: Записей вне диапазона: 0
2025-10-16 12:08:25 - INFO - INFO: Дополнительная статистика:
2025-10-16 12:08:25 - INFO - INFO:   coverage_percentage: 100.0
2025-10-16 12:08:25 - INFO - INFO:   records_with_coverage: 1
2025-10-16 12:08:25 - INFO - INFO:   performance:
2025-10-16 12:08:25 - INFO - INFO:     memory_before_mb: 96.3203125
2025-10-16 12:08:25 - INFO - INFO:     memory_after_mb: 96.3203125
2025-10-16 12:08:25 - INFO - INFO:     memory_delta_mb: 0.0
2025-10-16 12:08:25 - INFO - INFO:     cpu_before_percent: 0.0
2025-10-16 12:08:25 - INFO - INFO:     cpu_after_percent: 0.0
2025-10-16 12:08:25 - INFO - INFO:     data_volume_before_mb: 0.000213623046875
2025-10-16 12:08:25 - INFO - INFO:     data_volume_after_mb: 0.000213623046875
2025-10-16 12:08:25 - INFO - INFO:     data_volume_reduction_mb: 0.0
2025-10-16 12:08:25 - INFO - INFO:     records_per_ms: 0
2025-10-16 12:08:25 - INFO - INFO: 
2025-10-16 12:08:25 - INFO - INFO: Таблица данных (1 записей):
2025-10-16 12:08:25 - INFO - INFO: +-----------+----------------------+---------+------------------+
| Formula   | FirstName            | Phase   | Tmin-Tmax (K)    |
+===========+======================+=========+==================+
| MgI(g)    | Magnesium monoiodide | g       | 400.00 - 6000.00 |
+-----------+----------------------+---------+------------------+
2025-10-16 12:08:25 - INFO - INFO: Начало поиска для Ti
2025-10-16 12:08:25 - INFO - INFO: 
2025-10-16 12:08:25 - INFO - INFO: ═══════════════════════════════════════════════════════════════
2025-10-16 12:08:25 - INFO - INFO: ПОИСК: Ti
2025-10-16 12:08:25 - INFO - INFO: ───────────────────────────────────────────────────────────────
2025-10-16 12:08:25 - INFO - INFO: SQL запрос:
2025-10-16 12:08:25 - INFO - INFO: 
          SELECT * 
  FROM compounds
        
  WHERE (TRIM(Formula) = 'Ti' OR Formula LIKE 'Ti(%' OR Formula LIKE 'Ti%') AND (? >= Tmin AND ? <= Tmax)
        
  ORDER BY CASE ReliabilityClass WHEN 1 THEN 0 WHEN 2 THEN 1 WHEN 3 THEN 2 WHEN 0 THEN 3 WHEN 4 THEN 4 WHEN 5 THEN 5 ELSE 6 END, (Tmax - Tmin) DESC, LENGTH(TRIM(Formula)) ASC, CASE Phase WHEN 'g' THEN 0 WHEN 'l' THEN 1 WHEN 's' THEN 2 WHEN 'aq' THEN 3 ELSE 4 END, rowid ASC
        
  LIMIT ?
        
2025-10-16 12:08:25 - INFO - INFO: Параметры: [900.0, 1500.0, 100]
2025-10-16 12:08:25 - INFO - INFO: Найдено записей: 100
2025-10-16 12:08:25 - INFO - INFO: Время выполнения: 72.3 мс
2025-10-16 12:08:25 - INFO - INFO: ═══════════════════════════════════════════════════════════════
2025-10-16 12:08:25 - INFO - INFO: ═══════════════════════════════════════════════════════════════
2025-10-16 12:08:25 - INFO - INFO: СТАДИЯ 1: Комплексный поиск формул | Вещество: Ti
2025-10-16 12:08:25 - INFO - INFO: ───────────────────────────────────────────────────────────────
2025-10-16 12:08:25 - INFO - INFO: Записей до фильтрации: 100
2025-10-16 12:08:25 - INFO - INFO: Записей после фильтрации: 100
2025-10-16 12:08:25 - INFO - INFO: Процент отсева: 0.0%
2025-10-16 12:08:25 - INFO - INFO: Время выполнения: 0.0 мс
2025-10-16 12:08:25 - INFO - INFO: Дополнительная статистика:
2025-10-16 12:08:25 - INFO - INFO:   total_records_before: 100
2025-10-16 12:08:25 - INFO - INFO:   total_records_after: 100
2025-10-16 12:08:25 - INFO - INFO:   search_statistics:
2025-10-16 12:08:25 - INFO - INFO:     exact_matches: 9
2025-10-16 12:08:25 - INFO - INFO:     phase_matches: 0
2025-10-16 12:08:25 - INFO - INFO:     prefix_matches: 91
2025-10-16 12:08:25 - INFO - INFO:     contains_matches: 0
2025-10-16 12:08:25 - INFO - INFO:   performance:
2025-10-16 12:08:25 - INFO - INFO:     memory_before_mb: 96.3359375
2025-10-16 12:08:25 - INFO - INFO:     memory_after_mb: 96.33984375
2025-10-16 12:08:25 - INFO - INFO:     memory_delta_mb: 0.00390625
2025-10-16 12:08:25 - INFO - INFO:     cpu_before_percent: 99.2
2025-10-16 12:08:25 - INFO - INFO:     cpu_after_percent: 0.0
2025-10-16 12:08:25 - INFO - INFO:     data_volume_before_mb: 0.0213623046875
2025-10-16 12:08:25 - INFO - INFO:     data_volume_after_mb: 0.0213623046875
2025-10-16 12:08:25 - INFO - INFO:     data_volume_reduction_mb: 0.0
2025-10-16 12:08:25 - INFO - INFO:     records_per_ms: 0
2025-10-16 12:08:25 - INFO - INFO: 
2025-10-16 12:08:25 - INFO - INFO: Таблица данных (15 записей):
2025-10-16 12:08:25 - INFO - INFO: +-----------+-----------------------+---------+-------------------+
| Formula   | FirstName             | Phase   | Tmin-Tmax (K)     |
+===========+=======================+=========+===================+
| Ti(-g)    | Titanium -ion         | g       | 800.00 - 20000.00 |
+-----------+-----------------------+---------+-------------------+
| Ti(-g)    | Titanium -ion         | g       | 800.00 - 20000.00 |
+-----------+-----------------------+---------+-------------------+
| Ti(-g)    | Titanium -ion         | g       | 800.00 - 20000.00 |
+-----------+-----------------------+---------+-------------------+
| TiBr4(g)  | Titanium(IV) bromide  | g       | 298.15 - 6000.00  |
+-----------+-----------------------+---------+-------------------+
| TiBr4(g)  | Titanium(IV) bromide  | g       | 298.15 - 6000.00  |
+-----------+-----------------------+---------+-------------------+
| TiBr4(g)  | Titanium(IV) bromide  | g       | 298.15 - 6000.00  |
+-----------+-----------------------+---------+-------------------+
| TiBr4(g)  | Titanium(IV) bromide  | g       | 298.15 - 6000.00  |
+-----------+-----------------------+---------+-------------------+
| TiBr4(g)  | Titanium(IV) bromide  | g       | 298.15 - 6000.00  |
+-----------+-----------------------+---------+-------------------+
| TiBr4(g)  | Titanium(IV) bromide  | g       | 298.15 - 6000.00  |
+-----------+-----------------------+---------+-------------------+
| Ti(-g)    | Titanium -ion         | g       | 400.00 - 6000.00  |
+-----------+-----------------------+---------+-------------------+
| Ti(-g)    | Titanium              | g       | 400.00 - 6000.00  |
+-----------+-----------------------+---------+-------------------+
| Ti(-g)    | Titanium -ion         | g       | 600.00 - 6000.00  |
+-----------+-----------------------+---------+-------------------+
| Ti(-g)    | Titanium -ion         | g       | 600.00 - 6000.00  |
+-----------+-----------------------+---------+-------------------+
| Ti(-g)    | Titanium -ion         | g       | 600.00 - 6000.00  |
+-----------+-----------------------+---------+-------------------+
| TiCl4(g)  | Titanium(IV) chloride | g       | 800.00 - 6000.00  |
+-----------+-----------------------+---------+-------------------+
2025-10-16 12:08:25 - INFO - INFO: ═══════════════════════════════════════════════════════════════
2025-10-16 12:08:25 - INFO - INFO: СТАДИЯ 2: Температурная фильтрация | Вещество: Ti
2025-10-16 12:08:25 - INFO - INFO: ───────────────────────────────────────────────────────────────
2025-10-16 12:08:25 - INFO - INFO: Записей до фильтрации: 100
2025-10-16 12:08:25 - INFO - INFO: Записей после фильтрации: 100
2025-10-16 12:08:25 - INFO - INFO: Процент отсева: 0.0%
2025-10-16 12:08:25 - INFO - INFO: Время выполнения: 0.0 мс
2025-10-16 12:08:25 - INFO - INFO: Температурный диапазон: 900.0 - 1500.0 K
2025-10-16 12:08:25 - INFO - INFO: Записей в диапазоне: 100
2025-10-16 12:08:25 - INFO - INFO: Записей вне диапазона: 0
2025-10-16 12:08:25 - INFO - INFO: Дополнительная статистика:
2025-10-16 12:08:25 - INFO - INFO:   records_in_range: 100
2025-10-16 12:08:25 - INFO - INFO:   records_out_of_range: 0
2025-10-16 12:08:25 - INFO - INFO:   coverage_percentage: 100.0
2025-10-16 12:08:25 - INFO - INFO:   performance:
2025-10-16 12:08:25 - INFO - INFO:     memory_before_mb: 96.33984375
2025-10-16 12:08:25 - INFO - INFO:     memory_after_mb: 96.33984375
2025-10-16 12:08:25 - INFO - INFO:     memory_delta_mb: 0.0
2025-10-16 12:08:25 - INFO - INFO:     cpu_before_percent: 97.7
2025-10-16 12:08:25 - INFO - INFO:     cpu_after_percent: 0.0
2025-10-16 12:08:25 - INFO - INFO:     data_volume_before_mb: 0.0213623046875
2025-10-16 12:08:25 - INFO - INFO:     data_volume_after_mb: 0.0213623046875
2025-10-16 12:08:25 - INFO - INFO:     data_volume_reduction_mb: 0.0
2025-10-16 12:08:25 - INFO - INFO:     records_per_ms: 0
2025-10-16 12:08:25 - INFO - INFO: 
2025-10-16 12:08:25 - INFO - INFO: Таблица данных (15 записей):
2025-10-16 12:08:25 - INFO - INFO: +-----------+-----------------------+---------+-------------------+
| Formula   | FirstName             | Phase   | Tmin-Tmax (K)     |
+===========+=======================+=========+===================+
| Ti(-g)    | Titanium -ion         | g       | 800.00 - 20000.00 |
+-----------+-----------------------+---------+-------------------+
| Ti(-g)    | Titanium -ion         | g       | 800.00 - 20000.00 |
+-----------+-----------------------+---------+-------------------+
| Ti(-g)    | Titanium -ion         | g       | 800.00 - 20000.00 |
+-----------+-----------------------+---------+-------------------+
| TiBr4(g)  | Titanium(IV) bromide  | g       | 298.15 - 6000.00  |
+-----------+-----------------------+---------+-------------------+
| TiBr4(g)  | Titanium(IV) bromide  | g       | 298.15 - 6000.00  |
+-----------+-----------------------+---------+-------------------+
| TiBr4(g)  | Titanium(IV) bromide  | g       | 298.15 - 6000.00  |
+-----------+-----------------------+---------+-------------------+
| TiBr4(g)  | Titanium(IV) bromide  | g       | 298.15 - 6000.00  |
+-----------+-----------------------+---------+-------------------+
| TiBr4(g)  | Titanium(IV) bromide  | g       | 298.15 - 6000.00  |
+-----------+-----------------------+---------+-------------------+
| TiBr4(g)  | Titanium(IV) bromide  | g       | 298.15 - 6000.00  |
+-----------+-----------------------+---------+-------------------+
| Ti(-g)    | Titanium -ion         | g       | 400.00 - 6000.00  |
+-----------+-----------------------+---------+-------------------+
| Ti(-g)    | Titanium              | g       | 400.00 - 6000.00  |
+-----------+-----------------------+---------+-------------------+
| Ti(-g)    | Titanium -ion         | g       | 600.00 - 6000.00  |
+-----------+-----------------------+---------+-------------------+
| Ti(-g)    | Titanium -ion         | g       | 600.00 - 6000.00  |
+-----------+-----------------------+---------+-------------------+
| Ti(-g)    | Titanium -ion         | g       | 600.00 - 6000.00  |
+-----------+-----------------------+---------+-------------------+
| TiCl4(g)  | Titanium(IV) chloride | g       | 800.00 - 6000.00  |
+-----------+-----------------------+---------+-------------------+
2025-10-16 12:08:25 - INFO - INFO: ═══════════════════════════════════════════════════════════════
2025-10-16 12:08:25 - INFO - INFO: СТАДИЯ 3: Фазовая фильтрация | Вещество: Ti
2025-10-16 12:08:25 - INFO - INFO: ───────────────────────────────────────────────────────────────
2025-10-16 12:08:25 - INFO - INFO: Записей до фильтрации: 100
2025-10-16 12:08:25 - INFO - INFO: Записей после фильтрации: 72
2025-10-16 12:08:25 - INFO - INFO: Процент отсева: 0.3%
2025-10-16 12:08:25 - INFO - INFO: Время выполнения: 0.5 мс
2025-10-16 12:08:25 - INFO - INFO: Дополнительная статистика:
2025-10-16 12:08:25 - INFO - INFO:   phase_matches: 72
2025-10-16 12:08:25 - INFO - INFO:   phase_mismatches: 28
2025-10-16 12:08:25 - INFO - INFO:   phase_analysis:
2025-10-16 12:08:25 - INFO - INFO:     correct: 72
2025-10-16 12:08:25 - INFO - INFO:     unknown: 0
2025-10-16 12:08:25 - INFO - INFO:     incorrect: 28
2025-10-16 12:08:25 - INFO - INFO:   mid_temperature: 1200.0
2025-10-16 12:08:25 - INFO - INFO:   average_score: 0.72
2025-10-16 12:08:25 - INFO - INFO:   performance:
2025-10-16 12:08:25 - INFO - INFO:     memory_before_mb: 96.33984375
2025-10-16 12:08:25 - INFO - INFO:     memory_after_mb: 96.33984375
2025-10-16 12:08:25 - INFO - INFO:     memory_delta_mb: 0.0
2025-10-16 12:08:25 - INFO - INFO:     cpu_before_percent: 0.0
2025-10-16 12:08:25 - INFO - INFO:     cpu_after_percent: 0.0
2025-10-16 12:08:25 - INFO - INFO:     data_volume_before_mb: 0.0213623046875
2025-10-16 12:08:25 - INFO - INFO:     data_volume_after_mb: 0.015380859375
2025-10-16 12:08:25 - INFO - INFO:     data_volume_reduction_mb: 0.0059814453125
2025-10-16 12:08:25 - INFO - INFO:     records_per_ms: 201.74622414622414
2025-10-16 12:08:25 - INFO - INFO: 
2025-10-16 12:08:25 - INFO - INFO: Таблица данных (15 записей):
2025-10-16 12:08:25 - INFO - INFO: +-----------+-----------------------+---------+-------------------+
| Formula   | FirstName             | Phase   | Tmin-Tmax (K)     |
+===========+=======================+=========+===================+
| Ti(-g)    | Titanium -ion         | g       | 800.00 - 20000.00 |
+-----------+-----------------------+---------+-------------------+
| Ti(-g)    | Titanium -ion         | g       | 800.00 - 20000.00 |
+-----------+-----------------------+---------+-------------------+
| Ti(-g)    | Titanium -ion         | g       | 800.00 - 20000.00 |
+-----------+-----------------------+---------+-------------------+
| TiBr4(g)  | Titanium(IV) bromide  | g       | 298.15 - 6000.00  |
+-----------+-----------------------+---------+-------------------+
| TiBr4(g)  | Titanium(IV) bromide  | g       | 298.15 - 6000.00  |
+-----------+-----------------------+---------+-------------------+
| TiBr4(g)  | Titanium(IV) bromide  | g       | 298.15 - 6000.00  |
+-----------+-----------------------+---------+-------------------+
| TiBr4(g)  | Titanium(IV) bromide  | g       | 298.15 - 6000.00  |
+-----------+-----------------------+---------+-------------------+
| TiBr4(g)  | Titanium(IV) bromide  | g       | 298.15 - 6000.00  |
+-----------+-----------------------+---------+-------------------+
| TiBr4(g)  | Titanium(IV) bromide  | g       | 298.15 - 6000.00  |
+-----------+-----------------------+---------+-------------------+
| Ti(-g)    | Titanium -ion         | g       | 400.00 - 6000.00  |
+-----------+-----------------------+---------+-------------------+
| Ti(-g)    | Titanium              | g       | 400.00 - 6000.00  |
+-----------+-----------------------+---------+-------------------+
| Ti(-g)    | Titanium -ion         | g       | 600.00 - 6000.00  |
+-----------+-----------------------+---------+-------------------+
| Ti(-g)    | Titanium -ion         | g       | 600.00 - 6000.00  |
+-----------+-----------------------+---------+-------------------+
| Ti(-g)    | Titanium -ion         | g       | 600.00 - 6000.00  |
+-----------+-----------------------+---------+-------------------+
| TiCl4(g)  | Titanium(IV) chloride | g       | 800.00 - 6000.00  |
+-----------+-----------------------+---------+-------------------+
2025-10-16 12:08:25 - INFO - INFO: ═══════════════════════════════════════════════════════════════
2025-10-16 12:08:25 - INFO - INFO: СТАДИЯ 4: Приоритизация по надёжности | Вещество: Ti
2025-10-16 12:08:25 - INFO - INFO: ───────────────────────────────────────────────────────────────
2025-10-16 12:08:25 - INFO - INFO: Записей до фильтрации: 72
2025-10-16 12:08:25 - INFO - INFO: Записей после фильтрации: 1
2025-10-16 12:08:25 - INFO - INFO: Процент отсева: 1.0%
2025-10-16 12:08:25 - INFO - INFO: Время выполнения: 0.0 мс
2025-10-16 12:08:25 - INFO - INFO: Дополнительная статистика:
2025-10-16 12:08:25 - INFO - INFO:   total_candidates: 72
2025-10-16 12:08:25 - INFO - INFO:   selected: 1
2025-10-16 12:08:25 - INFO - INFO:   max_records: 1
2025-10-16 12:08:25 - INFO - INFO:   reliability_distribution:
2025-10-16 12:08:25 - INFO - INFO:     1: 72
2025-10-16 12:08:25 - INFO - INFO:   average_completeness: 1.0
2025-10-16 12:08:25 - INFO - INFO:   average_score: 1020.0
2025-10-16 12:08:25 - INFO - INFO:   performance:
2025-10-16 12:08:25 - INFO - INFO:     memory_before_mb: 96.34375
2025-10-16 12:08:25 - INFO - INFO:     memory_after_mb: 96.34375
2025-10-16 12:08:25 - INFO - INFO:     memory_delta_mb: 0.0
2025-10-16 12:08:25 - INFO - INFO:     cpu_before_percent: 0.0
2025-10-16 12:08:25 - INFO - INFO:     cpu_after_percent: 0.0
2025-10-16 12:08:25 - INFO - INFO:     data_volume_before_mb: 0.015380859375
2025-10-16 12:08:25 - INFO - INFO:     data_volume_after_mb: 0.000213623046875
2025-10-16 12:08:25 - INFO - INFO:     data_volume_reduction_mb: 0.015167236328125
2025-10-16 12:08:25 - INFO - INFO:     records_per_ms: 0
2025-10-16 12:08:25 - INFO - INFO: 
2025-10-16 12:08:25 - INFO - INFO: Таблица данных (1 записей):
2025-10-16 12:08:25 - INFO - INFO: +-----------+---------------+---------+-------------------+
| Formula   | FirstName     | Phase   | Tmin-Tmax (K)     |
+===========+===============+=========+===================+
| Ti(-g)    | Titanium -ion | g       | 800.00 - 20000.00 |
+-----------+---------------+---------+-------------------+
2025-10-16 12:08:25 - INFO - INFO: ═══════════════════════════════════════════════════════════════
2025-10-16 12:08:25 - INFO - INFO: СТАДИЯ 5: Проверка температурного покрытия | Вещество: Ti
2025-10-16 12:08:25 - INFO - INFO: ───────────────────────────────────────────────────────────────
2025-10-16 12:08:25 - INFO - INFO: Записей до фильтрации: 1
2025-10-16 12:08:25 - INFO - INFO: Записей после фильтрации: 1
2025-10-16 12:08:25 - INFO - INFO: Процент отсева: 0.0%
2025-10-16 12:08:25 - INFO - INFO: Время выполнения: 0.0 мс
2025-10-16 12:08:25 - INFO - INFO: Температурный диапазон: 900.0 - 1500.0 K
2025-10-16 12:08:25 - INFO - INFO: Записей в диапазоне: 0
2025-10-16 12:08:25 - INFO - INFO: Записей вне диапазона: 0
2025-10-16 12:08:25 - INFO - INFO: Дополнительная статистика:
2025-10-16 12:08:25 - INFO - INFO:   coverage_percentage: 100.0
2025-10-16 12:08:25 - INFO - INFO:   records_with_coverage: 1
2025-10-16 12:08:25 - INFO - INFO:   performance:
2025-10-16 12:08:25 - INFO - INFO:     memory_before_mb: 96.34375
2025-10-16 12:08:25 - INFO - INFO:     memory_after_mb: 96.34375
2025-10-16 12:08:25 - INFO - INFO:     memory_delta_mb: 0.0
2025-10-16 12:08:25 - INFO - INFO:     cpu_before_percent: 0.0
2025-10-16 12:08:25 - INFO - INFO:     cpu_after_percent: 0.0
2025-10-16 12:08:25 - INFO - INFO:     data_volume_before_mb: 0.000213623046875
2025-10-16 12:08:25 - INFO - INFO:     data_volume_after_mb: 0.000213623046875
2025-10-16 12:08:25 - INFO - INFO:     data_volume_reduction_mb: 0.0
2025-10-16 12:08:25 - INFO - INFO:     records_per_ms: 0
2025-10-16 12:08:25 - INFO - INFO: 
2025-10-16 12:08:25 - INFO - INFO: Таблица данных (1 записей):
2025-10-16 12:08:25 - INFO - INFO: +-----------+---------------+---------+-------------------+
| Formula   | FirstName     | Phase   | Tmin-Tmax (K)     |
+===========+===============+=========+===================+
| Ti(-g)    | Titanium -ion | g       | 800.00 - 20000.00 |
+-----------+---------------+---------+-------------------+
2025-10-16 12:08:25 - INFO - INFO: Начало поиска для MgF2
2025-10-16 12:08:25 - INFO - INFO: 
2025-10-16 12:08:25 - INFO - INFO: ═══════════════════════════════════════════════════════════════
2025-10-16 12:08:25 - INFO - INFO: ПОИСК: MgF2
2025-10-16 12:08:25 - INFO - INFO: ───────────────────────────────────────────────────────────────
2025-10-16 12:08:25 - INFO - INFO: SQL запрос:
2025-10-16 12:08:25 - INFO - INFO: 
          SELECT * 
  FROM compounds
        
  WHERE (TRIM(Formula) = 'MgF2' OR Formula LIKE 'MgF2(%' OR Formula LIKE 'MgF2%' OR Formula LIKE '%MgF2%') AND (? >= Tmin AND ? <= Tmax)
        
  ORDER BY CASE ReliabilityClass WHEN 1 THEN 0 WHEN 2 THEN 1 WHEN 3 THEN 2 WHEN 0 THEN 3 WHEN 4 THEN 4 WHEN 5 THEN 5 ELSE 6 END, (Tmax - Tmin) DESC, LENGTH(TRIM(Formula)) ASC, CASE Phase WHEN 'g' THEN 0 WHEN 'l' THEN 1 WHEN 's' THEN 2 WHEN 'aq' THEN 3 ELSE 4 END, rowid ASC
        
  LIMIT ?
        
2025-10-16 12:08:25 - INFO - INFO: Параметры: [900.0, 1500.0, 100]
2025-10-16 12:08:25 - INFO - INFO: Найдено записей: 16
2025-10-16 12:08:25 - INFO - INFO: Время выполнения: 77.5 мс
2025-10-16 12:08:25 - INFO - INFO: ═══════════════════════════════════════════════════════════════
2025-10-16 12:08:25 - INFO - INFO: ═══════════════════════════════════════════════════════════════
2025-10-16 12:08:25 - INFO - INFO: СТАДИЯ 1: Комплексный поиск формул | Вещество: MgF2
2025-10-16 12:08:25 - INFO - INFO: ───────────────────────────────────────────────────────────────
2025-10-16 12:08:25 - INFO - INFO: Записей до фильтрации: 16
2025-10-16 12:08:25 - INFO - INFO: Записей после фильтрации: 16
2025-10-16 12:08:25 - INFO - INFO: Процент отсева: 0.0%
2025-10-16 12:08:25 - INFO - INFO: Время выполнения: 0.6 мс
2025-10-16 12:08:25 - INFO - INFO: Дополнительная статистика:
2025-10-16 12:08:25 - INFO - INFO:   total_records_before: 16
2025-10-16 12:08:25 - INFO - INFO:   total_records_after: 16
2025-10-16 12:08:25 - INFO - INFO:   search_statistics:
2025-10-16 12:08:25 - INFO - INFO:     exact_matches: 16
2025-10-16 12:08:25 - INFO - INFO:     phase_matches: 0
2025-10-16 12:08:25 - INFO - INFO:     prefix_matches: 0
2025-10-16 12:08:25 - INFO - INFO:     contains_matches: 0
2025-10-16 12:08:25 - INFO - INFO:   performance:
2025-10-16 12:08:25 - INFO - INFO:     memory_before_mb: 96.34375
2025-10-16 12:08:25 - INFO - INFO:     memory_after_mb: 96.34375
2025-10-16 12:08:25 - INFO - INFO:     memory_delta_mb: 0.0
2025-10-16 12:08:25 - INFO - INFO:     cpu_before_percent: 100.2
2025-10-16 12:08:25 - INFO - INFO:     cpu_after_percent: 0.0
2025-10-16 12:08:25 - INFO - INFO:     data_volume_before_mb: 0.00341796875
2025-10-16 12:08:25 - INFO - INFO:     data_volume_after_mb: 0.00341796875
2025-10-16 12:08:25 - INFO - INFO:     data_volume_reduction_mb: 0.0
2025-10-16 12:08:25 - INFO - INFO:     records_per_ms: 27.016450885668277
2025-10-16 12:08:25 - INFO - INFO: 
2025-10-16 12:08:25 - INFO - INFO: Таблица данных (15 записей):
2025-10-16 12:08:25 - INFO - INFO: +-----------+------------------------------+---------+------------------+
| Formula   | FirstName                    | Phase   | Tmin-Tmax (K)    |
+===========+==============================+=========+==================+
| MgF2(g)   | Magnesium fluoride           | g       | 800.00 - 6000.00 |
+-----------+------------------------------+---------+------------------+
| MgF2(g)   | Magnesium fluoride           | g       | 800.00 - 6000.00 |
+-----------+------------------------------+---------+------------------+
| MgF2(g)   | Magnesium fluoride           | g       | 800.00 - 6000.00 |
+-----------+------------------------------+---------+------------------+
| MgF2(g)   | Magnesium fluoride           | g       | 800.00 - 6000.00 |
+-----------+------------------------------+---------+------------------+
| MgF2(g)   | Magnesium fluoride           | g       | 800.00 - 6000.00 |
+-----------+------------------------------+---------+------------------+
| MgF2(g)   | Magnesium fluoride           | g       | 800.00 - 6000.00 |
+-----------+------------------------------+---------+------------------+
| MgF2(g)   | Magnesium fluoride           | g       | 298.15 - 3000.00 |
+-----------+------------------------------+---------+------------------+
| MgF2(g)   | Magnesium fluoride           | g       | 298.15 - 3000.00 |
+-----------+------------------------------+---------+------------------+
| MgF2      | Magnesium fluoride           | s       | 298.15 - 1536.00 |
+-----------+------------------------------+---------+------------------+
| MgF2      | Magnesium fluoride           | s       | 298.15 - 1536.00 |
+-----------+------------------------------+---------+------------------+
| MgF2      | Magnesium fluoride           | s       | 298.15 - 1536.00 |
+-----------+------------------------------+---------+------------------+
| MgF2      | Magnesium fluoride           | s       | 298.15 - 1536.00 |
+-----------+------------------------------+---------+------------------+
| MgF2      | Magnesium fluoride           | s       | 298.15 - 1536.00 |
+-----------+------------------------------+---------+------------------+
| MgF2      | Magnesium fluoride, sellaite | s       | 298.15 - 1536.00 |
+-----------+------------------------------+---------+------------------+
| MgF2      | Magnesium fluoride           | s       | 700.00 - 1536.00 |
+-----------+------------------------------+---------+------------------+
2025-10-16 12:08:25 - INFO - INFO: ═══════════════════════════════════════════════════════════════
2025-10-16 12:08:25 - INFO - INFO: СТАДИЯ 2: Температурная фильтрация | Вещество: MgF2
2025-10-16 12:08:25 - INFO - INFO: ───────────────────────────────────────────────────────────────
2025-10-16 12:08:25 - INFO - INFO: Записей до фильтрации: 16
2025-10-16 12:08:25 - INFO - INFO: Записей после фильтрации: 16
2025-10-16 12:08:25 - INFO - INFO: Процент отсева: 0.0%
2025-10-16 12:08:25 - INFO - INFO: Время выполнения: 0.0 мс
2025-10-16 12:08:25 - INFO - INFO: Температурный диапазон: 900.0 - 1500.0 K
2025-10-16 12:08:25 - INFO - INFO: Записей в диапазоне: 16
2025-10-16 12:08:25 - INFO - INFO: Записей вне диапазона: 0
2025-10-16 12:08:25 - INFO - INFO: Дополнительная статистика:
2025-10-16 12:08:25 - INFO - INFO:   records_in_range: 16
2025-10-16 12:08:25 - INFO - INFO:   records_out_of_range: 0
2025-10-16 12:08:25 - INFO - INFO:   coverage_percentage: 100.0
2025-10-16 12:08:25 - INFO - INFO:   performance:
2025-10-16 12:08:25 - INFO - INFO:     memory_before_mb: 96.34375
2025-10-16 12:08:25 - INFO - INFO:     memory_after_mb: 96.34375
2025-10-16 12:08:25 - INFO - INFO:     memory_delta_mb: 0.0
2025-10-16 12:08:25 - INFO - INFO:     cpu_before_percent: 0.0
2025-10-16 12:08:25 - INFO - INFO:     cpu_after_percent: 0.0
2025-10-16 12:08:25 - INFO - INFO:     data_volume_before_mb: 0.00341796875
2025-10-16 12:08:25 - INFO - INFO:     data_volume_after_mb: 0.00341796875
2025-10-16 12:08:25 - INFO - INFO:     data_volume_reduction_mb: 0.0
2025-10-16 12:08:25 - INFO - INFO:     records_per_ms: 0
2025-10-16 12:08:25 - INFO - INFO: 
2025-10-16 12:08:25 - INFO - INFO: Таблица данных (15 записей):
2025-10-16 12:08:25 - INFO - INFO: +-----------+------------------------------+---------+------------------+
| Formula   | FirstName                    | Phase   | Tmin-Tmax (K)    |
+===========+==============================+=========+==================+
| MgF2(g)   | Magnesium fluoride           | g       | 800.00 - 6000.00 |
+-----------+------------------------------+---------+------------------+
| MgF2(g)   | Magnesium fluoride           | g       | 800.00 - 6000.00 |
+-----------+------------------------------+---------+------------------+
| MgF2(g)   | Magnesium fluoride           | g       | 800.00 - 6000.00 |
+-----------+------------------------------+---------+------------------+
| MgF2(g)   | Magnesium fluoride           | g       | 800.00 - 6000.00 |
+-----------+------------------------------+---------+------------------+
| MgF2(g)   | Magnesium fluoride           | g       | 800.00 - 6000.00 |
+-----------+------------------------------+---------+------------------+
| MgF2(g)   | Magnesium fluoride           | g       | 800.00 - 6000.00 |
+-----------+------------------------------+---------+------------------+
| MgF2(g)   | Magnesium fluoride           | g       | 298.15 - 3000.00 |
+-----------+------------------------------+---------+------------------+
| MgF2(g)   | Magnesium fluoride           | g       | 298.15 - 3000.00 |
+-----------+------------------------------+---------+------------------+
| MgF2      | Magnesium fluoride           | s       | 298.15 - 1536.00 |
+-----------+------------------------------+---------+------------------+
| MgF2      | Magnesium fluoride           | s       | 298.15 - 1536.00 |
+-----------+------------------------------+---------+------------------+
| MgF2      | Magnesium fluoride           | s       | 298.15 - 1536.00 |
+-----------+------------------------------+---------+------------------+
| MgF2      | Magnesium fluoride           | s       | 298.15 - 1536.00 |
+-----------+------------------------------+---------+------------------+
| MgF2      | Magnesium fluoride           | s       | 298.15 - 1536.00 |
+-----------+------------------------------+---------+------------------+
| MgF2      | Magnesium fluoride, sellaite | s       | 298.15 - 1536.00 |
+-----------+------------------------------+---------+------------------+
| MgF2      | Magnesium fluoride           | s       | 700.00 - 1536.00 |
+-----------+------------------------------+---------+------------------+
2025-10-16 12:08:25 - INFO - INFO: ═══════════════════════════════════════════════════════════════
2025-10-16 12:08:25 - INFO - INFO: СТАДИЯ 3: Фазовая фильтрация | Вещество: MgF2
2025-10-16 12:08:25 - INFO - INFO: ───────────────────────────────────────────────────────────────
2025-10-16 12:08:25 - INFO - INFO: Записей до фильтрации: 16
2025-10-16 12:08:25 - INFO - INFO: Записей после фильтрации: 8
2025-10-16 12:08:25 - INFO - INFO: Процент отсева: 0.5%
2025-10-16 12:08:25 - INFO - INFO: Время выполнения: 0.0 мс
2025-10-16 12:08:25 - INFO - INFO: Дополнительная статистика:
2025-10-16 12:08:25 - INFO - INFO:   phase_matches: 8
2025-10-16 12:08:25 - INFO - INFO:   phase_mismatches: 8
2025-10-16 12:08:25 - INFO - INFO:   phase_analysis:
2025-10-16 12:08:25 - INFO - INFO:     correct: 8
2025-10-16 12:08:25 - INFO - INFO:     unknown: 0
2025-10-16 12:08:25 - INFO - INFO:     incorrect: 8
2025-10-16 12:08:25 - INFO - INFO:   mid_temperature: 1200.0
2025-10-16 12:08:25 - INFO - INFO:   average_score: 0.5
2025-10-16 12:08:25 - INFO - INFO:   performance:
2025-10-16 12:08:25 - INFO - INFO:     memory_before_mb: 96.34375
2025-10-16 12:08:25 - INFO - INFO:     memory_after_mb: 96.34375
2025-10-16 12:08:25 - INFO - INFO:     memory_delta_mb: 0.0
2025-10-16 12:08:25 - INFO - INFO:     cpu_before_percent: 0.0
2025-10-16 12:08:25 - INFO - INFO:     cpu_after_percent: 0.0
2025-10-16 12:08:25 - INFO - INFO:     data_volume_before_mb: 0.00341796875
2025-10-16 12:08:25 - INFO - INFO:     data_volume_after_mb: 0.001708984375
2025-10-16 12:08:25 - INFO - INFO:     data_volume_reduction_mb: 0.001708984375
2025-10-16 12:08:25 - INFO - INFO:     records_per_ms: 0
2025-10-16 12:08:25 - INFO - INFO: 
2025-10-16 12:08:25 - INFO - INFO: Таблица данных (8 записей):
2025-10-16 12:08:25 - INFO - INFO: +-----------+------------------------------+---------+------------------+
| Formula   | FirstName                    | Phase   | Tmin-Tmax (K)    |
+===========+==============================+=========+==================+
| MgF2      | Magnesium fluoride           | s       | 298.15 - 1536.00 |
+-----------+------------------------------+---------+------------------+
| MgF2      | Magnesium fluoride           | s       | 298.15 - 1536.00 |
+-----------+------------------------------+---------+------------------+
| MgF2      | Magnesium fluoride           | s       | 298.15 - 1536.00 |
+-----------+------------------------------+---------+------------------+
| MgF2      | Magnesium fluoride           | s       | 298.15 - 1536.00 |
+-----------+------------------------------+---------+------------------+
| MgF2      | Magnesium fluoride           | s       | 298.15 - 1536.00 |
+-----------+------------------------------+---------+------------------+
| MgF2      | Magnesium fluoride, sellaite | s       | 298.15 - 1536.00 |
+-----------+------------------------------+---------+------------------+
| MgF2      | Magnesium fluoride           | s       | 700.00 - 1536.00 |
+-----------+------------------------------+---------+------------------+
| MgF2      | Magnesium fluoride           | s       | 700.00 - 1536.00 |
+-----------+------------------------------+---------+------------------+
2025-10-16 12:08:25 - INFO - INFO: ═══════════════════════════════════════════════════════════════
2025-10-16 12:08:25 - INFO - INFO: СТАДИЯ 4: Приоритизация по надёжности | Вещество: MgF2
2025-10-16 12:08:25 - INFO - INFO: ───────────────────────────────────────────────────────────────
2025-10-16 12:08:25 - INFO - INFO: Записей до фильтрации: 8
2025-10-16 12:08:25 - INFO - INFO: Записей после фильтрации: 1
2025-10-16 12:08:25 - INFO - INFO: Процент отсева: 0.9%
2025-10-16 12:08:25 - INFO - INFO: Время выполнения: 0.0 мс
2025-10-16 12:08:25 - INFO - INFO: Дополнительная статистика:
2025-10-16 12:08:25 - INFO - INFO:   total_candidates: 8
2025-10-16 12:08:25 - INFO - INFO:   selected: 1
2025-10-16 12:08:25 - INFO - INFO:   max_records: 1
2025-10-16 12:08:25 - INFO - INFO:   reliability_distribution:
2025-10-16 12:08:25 - INFO - INFO:     1: 8
2025-10-16 12:08:25 - INFO - INFO:   average_completeness: 1.0
2025-10-16 12:08:25 - INFO - INFO:   average_score: 1019.59
2025-10-16 12:08:25 - INFO - INFO:   performance:
2025-10-16 12:08:25 - INFO - INFO:     memory_before_mb: 96.34375
2025-10-16 12:08:25 - INFO - INFO:     memory_after_mb: 96.34375
2025-10-16 12:08:25 - INFO - INFO:     memory_delta_mb: 0.0
2025-10-16 12:08:25 - INFO - INFO:     cpu_before_percent: 0.0
2025-10-16 12:08:25 - INFO - INFO:     cpu_after_percent: 0.0
2025-10-16 12:08:25 - INFO - INFO:     data_volume_before_mb: 0.001708984375
2025-10-16 12:08:25 - INFO - INFO:     data_volume_after_mb: 0.000213623046875
2025-10-16 12:08:25 - INFO - INFO:     data_volume_reduction_mb: 0.001495361328125
2025-10-16 12:08:25 - INFO - INFO:     records_per_ms: 0
2025-10-16 12:08:25 - INFO - INFO: 
2025-10-16 12:08:25 - INFO - INFO: Таблица данных (1 записей):
2025-10-16 12:08:25 - INFO - INFO: +-----------+--------------------+---------+------------------+
| Formula   | FirstName          | Phase   | Tmin-Tmax (K)    |
+===========+====================+=========+==================+
| MgF2      | Magnesium fluoride | s       | 298.15 - 1536.00 |
+-----------+--------------------+---------+------------------+
2025-10-16 12:08:25 - INFO - INFO: ═══════════════════════════════════════════════════════════════
2025-10-16 12:08:25 - INFO - INFO: СТАДИЯ 5: Проверка температурного покрытия | Вещество: MgF2
2025-10-16 12:08:25 - INFO - INFO: ───────────────────────────────────────────────────────────────
2025-10-16 12:08:25 - INFO - INFO: Записей до фильтрации: 1
2025-10-16 12:08:25 - INFO - INFO: Записей после фильтрации: 1
2025-10-16 12:08:25 - INFO - INFO: Процент отсева: 0.0%
2025-10-16 12:08:25 - INFO - INFO: Время выполнения: 1.0 мс
2025-10-16 12:08:25 - INFO - INFO: Температурный диапазон: 900.0 - 1500.0 K
2025-10-16 12:08:25 - INFO - INFO: Записей в диапазоне: 0
2025-10-16 12:08:25 - INFO - INFO: Записей вне диапазона: 0
2025-10-16 12:08:25 - INFO - INFO: Дополнительная статистика:
2025-10-16 12:08:25 - INFO - INFO:   coverage_percentage: 100.0
2025-10-16 12:08:25 - INFO - INFO:   records_with_coverage: 1
2025-10-16 12:08:25 - INFO - INFO:   performance:
2025-10-16 12:08:25 - INFO - INFO:     memory_before_mb: 96.34375
2025-10-16 12:08:25 - INFO - INFO:     memory_after_mb: 96.34375
2025-10-16 12:08:25 - INFO - INFO:     memory_delta_mb: 0.0
2025-10-16 12:08:25 - INFO - INFO:     cpu_before_percent: 0.0
2025-10-16 12:08:25 - INFO - INFO:     cpu_after_percent: 0.0
2025-10-16 12:08:25 - INFO - INFO:     data_volume_before_mb: 0.000213623046875
2025-10-16 12:08:25 - INFO - INFO:     data_volume_after_mb: 0.000213623046875
2025-10-16 12:08:25 - INFO - INFO:     data_volume_reduction_mb: 0.0
2025-10-16 12:08:25 - INFO - INFO:     records_per_ms: 0.9962717339667458
2025-10-16 12:08:25 - INFO - INFO: 
2025-10-16 12:08:25 - INFO - INFO: Таблица данных (1 записей):
2025-10-16 12:08:25 - INFO - INFO: +-----------+--------------------+---------+------------------+
| Formula   | FirstName          | Phase   | Tmin-Tmax (K)    |
+===========+====================+=========+==================+
| MgF2      | Magnesium fluoride | s       | 298.15 - 1536.00 |
+-----------+--------------------+---------+------------------+
2025-10-16 12:08:25 - INFO - INFO: 
2025-10-16 12:08:25 - INFO - INFO: ================================================================================
2025-10-16 12:08:25 - INFO - INFO: СВОДНЫЕ РЕЗУЛЬТАТЫ СЕССИИ:
2025-10-16 12:08:25 - INFO - INFO: ================================================================================
2025-10-16 12:08:25 - INFO - INFO: ✅ Термодинамические данные для реакции:
2025-10-16 12:08:25 - INFO - INFO:    TiF4 + 2Mg → Ti + 2MgF2
2025-10-16 12:08:25 - INFO - INFO: 📊 Найденные данные:
2025-10-16 12:08:25 - INFO - INFO: +-----------+-----------------------+--------+------------------+-------------------+--------------------+-------------------------------+----------------------+
2025-10-16 12:08:25 - INFO - INFO: | Формула   | Название              | Фаза   | T_диапазон (K)   |   H298 (кДж/моль) |   S298 (Дж/моль·K) | Cp_коэффициенты (f1-f6)       |   Надёжность (класс) |
2025-10-16 12:08:25 - INFO - INFO: +===========+=======================+========+==================+===================+====================+===============================+======================+
2025-10-16 12:08:25 - INFO - INFO: | TiF4      | Titanium(IV) fluoride | g      | 298-2273         |           -1551.4 |              314.9 | 104.248, 1.979, -18.041, ...  |                    1 |
2025-10-16 12:08:25 - INFO - INFO: +-----------+-----------------------+--------+------------------+-------------------+--------------------+-------------------------------+----------------------+
2025-10-16 12:08:25 - INFO - INFO: | MgI       | Magnesium monoiodide  | g      | 400-6000         |               0   |                0   | 38.012, 0.00e+00, -2.021, ... |                    1 |
2025-10-16 12:08:25 - INFO - INFO: +-----------+-----------------------+--------+------------------+-------------------+--------------------+-------------------------------+----------------------+
2025-10-16 12:08:25 - INFO - INFO: | Ti        | Titanium -ion         | g      | 800-20000        |               0   |                0   | 20.786, -3.84e-05, 2.036, ... |                    1 |
2025-10-16 12:08:25 - INFO - INFO: +-----------+-----------------------+--------+------------------+-------------------+--------------------+-------------------------------+----------------------+
2025-10-16 12:08:25 - INFO - INFO: | MgF2      | Magnesium fluoride    | s      | 298-1536         |           -1124.2 |               57.3 | 77.800, 4.050, -15.500, ...   |                    1 |
2025-10-16 12:08:25 - INFO - INFO: +-----------+-----------------------+--------+------------------+-------------------+--------------------+-------------------------------+----------------------+
2025-10-16 12:08:25 - INFO - INFO: 📈 Детальная статистика фильтрации:
2025-10-16 12:08:25 - INFO - INFO: TiF4:
2025-10-16 12:08:25 - INFO - INFO:   ├─ Стадия 1 (Начальные данные): найдено 14 записей
2025-10-16 12:08:25 - INFO - INFO:   ├─ Стадия 2 (Комплексный поиск формул): осталось 14 записей
2025-10-16 12:08:25 - INFO - INFO:   ├─ Стадия 3 (Температурная фильтрация): осталось 14 записей
2025-10-16 12:08:25 - INFO - INFO:   └─ Стадия 4 (Фазовая фильтрация): выбрана 8 записей
2025-10-16 12:08:25 - INFO - INFO:   ✅ ВЕЩЕСТВО УСПЕШНО НАЙДЕНО
2025-10-16 12:08:25 - INFO - INFO: Mg:
2025-10-16 12:08:25 - INFO - INFO:   ├─ Стадия 1 (Начальные данные): найдено 100 записей
2025-10-16 12:08:25 - INFO - INFO:   ├─ Стадия 2 (Комплексный поиск формул): осталось 100 записей
2025-10-16 12:08:25 - INFO - INFO:   ├─ Стадия 3 (Температурная фильтрация): осталось 100 записей
2025-10-16 12:08:25 - INFO - INFO:   └─ Стадия 4 (Фазовая фильтрация): выбрана 74 записей
2025-10-16 12:08:25 - INFO - INFO:   ✅ ВЕЩЕСТВО УСПЕШНО НАЙДЕНО
2025-10-16 12:08:25 - INFO - INFO: Ti:
2025-10-16 12:08:25 - INFO - INFO:   ├─ Стадия 1 (Начальные данные): найдено 100 записей
2025-10-16 12:08:25 - INFO - INFO:   ├─ Стадия 2 (Комплексный поиск формул): осталось 100 записей
2025-10-16 12:08:25 - INFO - INFO:   ├─ Стадия 3 (Температурная фильтрация): осталось 100 записей
2025-10-16 12:08:25 - INFO - INFO:   └─ Стадия 4 (Фазовая фильтрация): выбрана 72 записей
2025-10-16 12:08:25 - INFO - INFO:   ✅ ВЕЩЕСТВО УСПЕШНО НАЙДЕНО
2025-10-16 12:08:25 - INFO - INFO: MgF2:
2025-10-16 12:08:25 - INFO - INFO:   ├─ Стадия 1 (Начальные данные): найдено 16 записей
2025-10-16 12:08:25 - INFO - INFO:   ├─ Стадия 2 (Комплексный поиск формул): осталось 16 записей
2025-10-16 12:08:25 - INFO - INFO:   ├─ Стадия 3 (Температурная фильтрация): осталось 16 записей
2025-10-16 12:08:25 - INFO - INFO:   └─ Стадия 4 (Фазовая фильтрация): выбрана 8 записей
2025-10-16 12:08:25 - INFO - INFO:   ✅ ВЕЩЕСТВО УСПЕШНО НАЙДЕНО
2025-10-16 12:08:25 - INFO - INFO: ⚠️ Предупреждения:
2025-10-16 12:08:25 - INFO - INFO:    - Found 12 records missing standard thermodynamic data
2025-10-16 12:08:25 - INFO - INFO:    - Found 52 records missing standard thermodynamic data
2025-10-16 12:08:25 - INFO - INFO:    - Found 62 records missing standard thermodynamic data
2025-10-16 12:08:25 - INFO - INFO:    - Found 8 records missing standard thermodynamic data
2025-10-16 12:08:25 - INFO - INFO: ================================================================================
2025-10-16 12:08:25 - INFO - INFO: Общее время обработки: успешно завершено
2025-10-16 12:08:25 - INFO - INFO: SESSION ENDED
