2025-09-17 16:26:44,120 - __main__ - INFO - ThermoSystem initialized
2025-09-17 16:26:44,121 - __main__ - INFO - Initializing agents...
2025-09-17 16:26:44,385 - thermo_agent - INFO - ThermodynamicAgent 'thermo_agent' initialized
2025-09-17 16:26:44,388 - sql_agent - INFO - SQLGenerationAgent 'sql_agent' initialized
2025-09-17 16:26:44,392 - __main__ - INFO - All agents initialized successfully
2025-09-17 16:26:44,392 - __main__ - INFO - Starting agents...
2025-09-17 16:26:44,393 - thermo_agent - INFO - Agent 'thermo_agent' started listening for messages
2025-09-17 16:26:44,393 - sql_agent - INFO - Agent 'sql_agent' started listening for messages
2025-09-17 16:26:45,404 - __main__ - INFO - All agents started
2025-09-17 16:27:08,043 - orchestrator - INFO - Processing request: При какой температуре идет взаимодействие карбида вольфрама с магнием?...
2025-09-17 16:27:11,012 - __main__ - ERROR - Interactive mode error: 
Traceback (most recent call last):
  File "c:\IDE\repository\agents_for_david\main.py", line 306, in interactive_mode
    user_input = input("Query> ").strip()
                 ^^^^^^^^^^^^^^^^
EOFError
2025-09-17 16:27:11,893 - __main__ - INFO - Stopping agents...
2025-09-17 16:27:11,893 - thermo_agent - INFO - Agent 'thermo_agent' stopped
2025-09-17 16:27:11,893 - sql_agent - INFO - Agent 'sql_agent' stopped
2025-09-17 16:27:11,893 - orchestrator - INFO - Shutting down orchestrator
