2025-09-17 15:55:53 - INFO - INFO: Сессия начата
2025-09-17 15:56:04 - INFO - START PROCESSING: При какой температуре идет взаимодействие карбида вольфрама с магнием?
2025-09-17 15:56:04 - INFO - USER: При какой температуре идет взаимодействие карбида вольфрама с магнием?
2025-09-17 15:56:04 - INFO - INFO: Начало полной обработки
2025-09-17 15:56:04 - INFO - USER: При какой температуре идет взаимодействие карбида вольфрама с магнием?
2025-09-17 15:56:04 - INFO - INFO: Начало извлечения параметров
2025-09-17 15:56:10 - INFO - AGENT: Intent: reaction, Compounds: ['WC', 'Mg', 'W', 'Mg2C'], Temp: 298.15K
2025-09-17 15:56:10 - INFO - EXTRACTED PARAMETERS:
2025-09-17 15:56:10 - INFO -   Intent: reaction
2025-09-17 15:56:10 - INFO -   Compounds: ['WC', 'Mg', 'W', 'Mg2C']
2025-09-17 15:56:10 - INFO -   Temperature: 298.15 K
2025-09-17 15:56:10 - INFO -   Temperature Range: [200.0, 2000.0]
2025-09-17 15:56:10 - INFO -   Phases: ['s', 's', 's', 's']
2025-09-17 15:56:10 - INFO -   Properties: ['all']
2025-09-17 15:56:10 - INFO -   SQL Hint: Find thermodynamic data for WC(s), Mg(s), W(s), and Mg2C(s) in temperature range 200-2000K. Include H298, S298, and heat capacity coefficients f1-f6 for reaction analysis to determine the temperature of interaction.
2025-09-17 15:56:10 - INFO - INFO: Параметры успешно извлечены
2025-09-17 15:56:10 - INFO - INFO: Начало генерации SQL запроса
2025-09-17 15:56:17 - INFO - DATABASE QUERY RESULTS:
2025-09-17 15:56:17 - INFO -   SQL Query: SELECT Formula, FirstName, Phase, H298, S298, f1, f2, f3, f4, f5, f6, Tmin, Tmax FROM compounds WHERE ( (Formula = 'WC' OR Formula = 'WC(s)') AND Phase = 's' ) OR ( (Formula = 'Mg' OR Formula = 'Mg(s)') AND Phase = 's' ) OR ( (Formula = 'W' OR Formula = 'W(s)') AND Phase = 's' ) OR ( (Formula = 'Mg2C' OR Formula = 'Mg2C(s)') AND Phase = 's' ) AND Tmin <= 2000 AND Tmax >= 200 ORDER BY Formula, Tmin LIMIT 100;
2025-09-17 15:56:17 - INFO -   Row Count: 74
2025-09-17 15:56:17 - INFO -   Columns: ['Formula', 'FirstName', 'Phase', 'H298', 'S298', 'f1', 'f2', 'f3', 'f4', 'f5', 'f6', 'Tmin', 'Tmax']
2025-09-17 15:56:17 - INFO -   Results Table:
2025-09-17 15:56:17 - INFO -     +---------+-------------------+-------+--------------+----------------+-----------------+----------------+------------------+--------------------+-----+-----+--------+--------+
2025-09-17 15:56:17 - INFO -     | Formula | FirstName         | Phase | H298         | S298           | f1              | f2             | f3               | f4                 | f5  | f6  | Tmin   | Tmax   |
2025-09-17 15:56:17 - INFO -     +---------+-------------------+-------+--------------+----------------+-----------------+----------------+------------------+--------------------+-----+-----+--------+--------+
2025-09-17 15:56:17 - INFO -     | Mg      | Magnesium         | s     | 0.0          | 32.53499955968 | -7.4931310392   | 256.8091201152 | 0.01107148017768 | -35.617500808      | 0.0 | 0.0 | 20.0   | 60.0   |
2025-09-17 15:56:17 - INFO -     | Mg      | Magnesium         | s     | 0.0          | 32.53499955968 | -7.4931310392   | 256.8090406192 | 0.011071483232   | -35.617500808      | 0.0 | 0.0 | 20.0   | 60.0   |
2025-09-17 15:56:17 - INFO -     | Mg      | Magnesium         | s     | 0.0          | 32.53499955968 | -7.4931310392   | 256.8090406192 | 0.011071483232   | -35.617500808      | 0.0 | 0.0 | 20.0   | 60.0   |
2025-09-17 15:56:17 - INFO -     | Mg      | Magnesium         | s     | 0.0          | 32.5349655     | -7.49312258     | 256.808746     | 0.0110714706     | -35.6174622        | 0.0 | 0.0 | 20.0   | 60.0   |
2025-09-17 15:56:17 - INFO -     | Mg      | Magnesium         | s     | 0.0          | 32.53496566928 | -7.49312258752  | 256.8087531784 | 0.01107147068    | -35.617458968      | 0.0 | 0.0 | 20.0   | 60.0   |
2025-09-17 15:56:17 - INFO -     | Mg      | Magnesium         | s     | 0.0          | 32.5349655     | -7.49312258     | 256.808746     | 0.0110714706     | -35.6174622        | 0.0 | 0.0 | 20.0   | 60.0   |
2025-09-17 15:56:17 - INFO -     | Mg      | Magnesium         | s     | 0.0          | 0.0            | -25.45871843216 | 656.04061448   | 0.1240471947624  | -2571.397937688    | 0.0 | 0.0 | 60.0   | 100.0  |
2025-09-17 15:56:17 - INFO -     | Mg      | Magnesium         | s     | 0.0          | 0.0            | -25.458723704   | 656.04067724   | 0.1240471947624  | -2571.3981176      | 0.0 | 0.0 | 60.0   | 100.0  |
2025-09-17 15:56:17 - INFO -     | Mg      | Magnesium         | s     | 0.0          | 0.0            | -25.458723704   | 656.04067724   | 0.1240471947624  | -2571.3981176      | 0.0 | 0.0 | 60.0   | 100.0  |
2025-09-17 15:56:17 - INFO -     | Mg      | Magnesium         | s     | 0.0          | 0.0            | -25.4586964     | 656.04         | 0.124047056      | -2571.39526        | 0.0 | 0.0 | 60.0   | 100.0  |
2025-09-17 15:56:17 - INFO -     | Mg      | Magnesium         | s     | 0.0          | 0.0            | -25.45869646616 | 656.039978512  | 0.12404705418    | -2571.395385448    | 0.0 | 0.0 | 60.0   | 100.0  |
2025-09-17 15:56:17 - INFO -     | Mg      | Magnesium         | s     | 0.0          | 0.0            | -25.4586964     | 656.04         | 0.124047056      | -2571.39526        | 0.0 | 0.0 | 60.0   | 100.0  |
2025-09-17 15:56:17 - INFO -     | Mg      | Magnesium         | s     | 0.0          | 0.0            | 14.74146996192  | 72.1721724288  | -0.496246198592  | -132.5321948832    | 0.0 | 0.0 | 100.0  | 180.0  |
2025-09-17 15:56:17 - INFO -     | Mg      | Magnesium         | s     | 0.0          | 0.0            | 14.74146694944  | 72.1721724288  | -0.496246232064  | -132.5321948832    | 0.0 | 0.0 | 100.0  | 180.0  |
2025-09-17 15:56:17 - INFO -     | Mg      | Magnesium         | s     | 0.0          | 0.0            | 14.74146694944  | 72.1721724288  | -0.496246232064  | -132.5321948832    | 0.0 | 0.0 | 100.0  | 180.0  |
2025-09-17 15:56:17 - INFO -     | Mg      | Magnesium         | s     | 0.0          | 0.0            | 14.74145        | 72.1721        | -0.496245682     | -132.532043        | 0.0 | 0.0 | 100.0  | 180.0  |
2025-09-17 15:56:17 - INFO -     | Mg      | Magnesium         | s     | 0.0          | 0.0            | 14.741449544    | 72.1720925144  | -0.496245671408  | -132.5320434224    | 0.0 | 0.0 | 100.0  | 180.0  |
2025-09-17 15:56:17 - INFO -     | Mg      | Magnesium         | s     | 0.0          | 0.0            | 14.74145        | 72.1721        | -0.496245682     | -132.532043        | 0.0 | 0.0 | 100.0  | 180.0  |
2025-09-17 15:56:17 - INFO -     | Mg      | Magnesium         | s     | 0.0          | 0.0            | 24.882788782    | 0.5922749064   | -1.113181052888  | 10.86553926264     | 0.0 | 0.0 | 180.0  | 298.15 |
2025-09-17 15:56:17 - INFO -     | Mg      | Magnesium         | s     | 0.0          | 0.0            | 24.88279079032  | 0.5922749064   | -1.1131812328    | 10.8655442416      | 0.0 | 0.0 | 180.0  | 298.15 |
2025-09-17 15:56:17 - INFO -     | Mg      | Magnesium         | s     | 0.0          | 0.0            | 24.88279079032  | 0.5922749064   | -1.1131812328    | 10.8655442416      | 0.0 | 0.0 | 180.0  | 298.15 |
2025-09-17 15:56:17 - INFO -     | Mg      | Magnesium         | s     | 0.0          | 0.0            | 24.8827629      | 0.592274249    | -1.11317992      | 10.8655319         | 0.0 | 0.0 | 180.0  | 298.15 |
2025-09-17 15:56:17 - INFO -     | Mg      | Magnesium         | s     | 0.0          | 0.0            | 24.882762632    | 0.592274270432 | -1.1131799776    | 10.86553227536     | 0.0 | 0.0 | 180.0  | 298.15 |
2025-09-17 15:56:17 - INFO -     | Mg      | Magnesium         | s     | 0.0          | 0.0            | 24.8827629      | 0.592274249    | -1.11317992      | 10.8655319         | 0.0 | 0.0 | 180.0  | 298.15 |
2025-09-17 15:56:17 - INFO -     | Mg      | Magnesium         | s     | 0.0          | 0.0            | 28.454739664    | -6.44746923192 | -2.4810149312    | 11.93177045072     | 0.0 | 0.0 | 298.15 | 923.0  |
2025-09-17 15:56:17 - INFO -     | Mg      | Magnesium         | s     | 0.0          | 0.0            | 28.454739664    | -6.44746923192 | -2.481015215712  | 11.93176743824     | 0.0 | 0.0 | 298.15 | 923.0  |
2025-09-17 15:56:17 - INFO -     | Mg      | Magnesium         | s     | 0.0          | 0.0            | 28.454739664    | -6.44746923192 | -2.481015215712  | 11.93176743824     | 0.0 | 0.0 | 298.15 | 923.0  |
2025-09-17 15:56:17 - INFO -     | Mg      | Magnesium         | s     | 0.0          | 0.0            | 28.4547081      | -6.447462      | -2.48101258      | 11.9317541         | 0.0 | 0.0 | 298.15 | 923.0  |
2025-09-17 15:56:17 - INFO -     | Mg      | Magnesium         | s     | 0.0          | 0.0            | 28.45470815848  | -6.44746224464 | -2.4810124208    | 11.93175446784     | 0.0 | 0.0 | 298.15 | 923.0  |
2025-09-17 15:56:17 - INFO -     | Mg      | Magnesium         | s     | 0.0          | 0.0            | 28.4547081      | -6.447462      | -2.48101258      | 11.9317541         | 0.0 | 0.0 | 298.15 | 923.0  |
2025-09-17 15:56:17 - INFO -     | Mg      | Magnesium         | s     | 0.0          | 32.677002      | 21.3885841      | 11.7779474     | 0.0              | 0.0                | 0.0 | 0.0 | 298.15 | 922.0  |
2025-09-17 15:56:17 - INFO -     | Mg      | Magnesium         | s     | 0.0          | 32.677002      | 21.3885841      | 11.7779474     | 0.0              | 0.0                | 0.0 | 0.0 | 298.15 | 922.0  |
2025-09-17 15:56:17 - INFO -     | W       | Tungsten          | s     | 0.0          | 32.617999576   | 19.65192888632  | 30.750400048   | -0.626309202528  | -42.8777403656     | 0.0 | 0.0 | 100.0  | 298.15 |
2025-09-17 15:56:17 - INFO -     | W       | Tungsten          | s     | 0.0          | 32.61800376    | 19.65192888632  | 30.750404232   | -0.626309202528  | -42.8777403656     | 0.0 | 0.0 | 100.0  | 298.15 |
2025-09-17 15:56:17 - INFO -     | W       | Tungsten          | s     | 0.0          | 32.61800376    | 19.65192888632  | 30.750404232   | -0.626309202528  | -42.8777403656     | 0.0 | 0.0 | 100.0  | 298.15 |
2025-09-17 15:56:17 - INFO -     | W       | Tungsten          | s     | 0.0          | 32.6179657     | 19.651907       | 30.75037       | -0.6263085       | -42.8776932        | 0.0 | 0.0 | 100.0  | 298.15 |
2025-09-17 15:56:17 - INFO -     | W       | Tungsten          | s     | 0.0          | 32.617966104   | 19.65190696216  | 30.75037076    | -0.626308516352  | -42.877692668      | 0.0 | 0.0 | 100.0  | 298.15 |
2025-09-17 15:56:17 - INFO -     | W       | Tungsten          | s     | 0.0          | 32.6179657     | 19.651907       | 30.75037       | -0.6263085       | -42.8776932        | 0.0 | 0.0 | 100.0  | 298.15 |
2025-09-17 15:56:17 - INFO -     | W       | Tungsten          | s     | 0.0          | 0.0            | 19.297791026    | 20.704109784   | 0.385637188      | -18.079139312      | 0.0 | 0.0 | 298.15 | 450.0  |
2025-09-17 15:56:17 - INFO -     | W       | Tungsten          | s     | 0.0          | 0.0            | 19.297791026    | 20.7041116668  | 0.38563714616    | -18.0791422408     | 0.0 | 0.0 | 298.15 | 450.0  |
2025-09-17 15:56:17 - INFO -     | W       | Tungsten          | s     | 0.0          | 0.0            | 19.297791026    | 20.7041116668  | 0.38563714616    | -18.0791422408     | 0.0 | 0.0 | 298.15 | 450.0  |
2025-09-17 15:56:17 - INFO -     | W       | Tungsten          | s     | 0.0          | 0.0            | 19.29777        | 20.7040882     | 0.385636747      | -18.0791225        | 0.0 | 0.0 | 298.15 | 450.0  |
2025-09-17 15:56:17 - INFO -     | W       | Tungsten          | s     | 0.0          | 0.0            | 19.29776910184  | 20.70408773432 | 0.3856367696     | -18.079122576      | 0.0 | 0.0 | 298.15 | 450.0  |
2025-09-17 15:56:17 - INFO -     | W       | Tungsten          | s     | 0.0          | 0.0            | 19.29777        | 20.7040882     | 0.385636747      | -18.0791225        | 0.0 | 0.0 | 298.15 | 450.0  |
2025-09-17 15:56:17 - INFO -     | W       | Tungsten          | s     | 0.0          | 32.66027       | 22.9115582      | 4.68607473     | 0.0              | 0.0                | 0.0 | 0.0 | 298.15 | 2500.0 |
2025-09-17 15:56:17 - INFO -     | W       | Tungsten, wolfram | s     | 0.0          | 32.66027       | 22.9115582      | 4.68607473     | 0.0              | 0.0                | 0.0 | 0.0 | 298.15 | 2500.0 |
2025-09-17 15:56:17 - INFO -     | W       | Tungsten          | s     | 0.0          | 0.0            | 23.238818824    | 4.137994828    | 0.01126336984    | 0.18462849768      | 0.0 | 0.0 | 450.0  | 2500.0 |
2025-09-17 15:56:17 - INFO -     | W       | Tungsten          | s     | 0.0          | 0.0            | 23.23881740144  | 4.1379952464   | 0.01126337285248 | 0.18462853952      | 0.0 | 0.0 | 450.0  | 2500.0 |
2025-09-17 15:56:17 - INFO -     | W       | Tungsten          | s     | 0.0          | 0.0            | 23.23881740144  | 4.1379952464   | 0.01126337285248 | 0.18462853952      | 0.0 | 0.0 | 450.0  | 2500.0 |
2025-09-17 15:56:17 - INFO -     | W       | Tungsten          | s     | 0.0          | 0.0            | 23.2387924      | 4.137991       | 0.01126336       | 0.184628338        | 0.0 | 0.0 | 450.0  | 2500.0 |
2025-09-17 15:56:17 - INFO -     | W       | Tungsten          | s     | 0.0          | 0.0            | 23.23879146064  | 4.1379910624   | 0.01126336017496 | 0.1846283441272    | 0.0 | 0.0 | 450.0  | 2500.0 |
2025-09-17 15:56:17 - INFO -     | W       | Tungsten          | s     | 0.0          | 0.0            | 23.2387924      | 4.137991       | 0.01126336       | 0.184628338        | 0.0 | 0.0 | 450.0  | 2500.0 |
2025-09-17 15:56:17 - INFO -     | W       | Tungsten          | s     | 0.0          | 0.0            | -93.6077270008  | 27.304089456   | 2834.896985944   | 2.3561739944       | 0.0 | 0.0 | 2500.0 | 3000.0 |
2025-09-17 15:56:17 - INFO -     | W       | Tungsten          | s     | 0.0          | 0.0            | -93.6077270008  | 27.30409364    | 2834.897496392   | 2.356174165944     | 0.0 | 0.0 | 2500.0 | 3000.0 |
2025-09-17 15:56:17 - INFO -     | W       | Tungsten          | s     | 0.0          | 0.0            | -93.6077270008  | 27.30409364    | 2834.897496392   | 2.356174165944     | 0.0 | 0.0 | 2500.0 | 3000.0 |
2025-09-17 15:56:17 - INFO -     | W       | Tungsten          | s     | 0.0          | 0.0            | -93.60762       | 27.3040638     | 2834.89429       | 2.35617161         | 0.0 | 0.0 | 2500.0 | 3000.0 |
2025-09-17 15:56:17 - INFO -     | W       | Tungsten          | s     | 0.0          | 0.0            | -93.6076232376  | 27.304064352   | 2834.894174296   | 2.35617167228      | 0.0 | 0.0 | 2500.0 | 3000.0 |
2025-09-17 15:56:17 - INFO -     | W       | Tungsten          | s     | 0.0          | 0.0            | -93.60762       | 27.3040638     | 2834.89429       | 2.35617161         | 0.0 | 0.0 | 2500.0 | 3000.0 |
2025-09-17 15:56:17 - INFO -     | W       | Tungsten          | s     | 0.0          | 0.0            | -211.994675     | 64.23688       | 5409.14453       | 0.0                | 0.0 | 0.0 | 2500.0 | 3680.0 |
2025-09-17 15:56:17 - INFO -     | W       | Tungsten, wolfram | s     | 0.0          | 0.0            | -211.994675     | 64.23688       | 5409.14453       | 0.0                | 0.0 | 0.0 | 2500.0 | 3680.0 |
2025-09-17 15:56:17 - INFO -     | W       | Tungsten          | s     | 0.0          | 0.0            | 1765.17799036   | -763.836328576 | -27668.71028648  | 97.1968559224      | 0.0 | 0.0 | 3000.0 | 3680.0 |
2025-09-17 15:56:17 - INFO -     | W       | Tungsten          | s     | 0.0          | 0.0            | 1765.178245584  | -763.836328576 | -27668.704136    | 97.1968559224      | 0.0 | 0.0 | 3000.0 | 3680.0 |
2025-09-17 15:56:17 - INFO -     | W       | Tungsten          | s     | 0.0          | 0.0            | 1765.178245584  | -763.836328576 | -27668.704136    | 97.1968559224      | 0.0 | 0.0 | 3000.0 | 3680.0 |
2025-09-17 15:56:17 - INFO -     | W       | Tungsten          | s     | 0.0          | 0.0            | 1765.17627      | -763.8355      | -27668.6738      | 97.19675           | 0.0 | 0.0 | 3000.0 | 3680.0 |
2025-09-17 15:56:17 - INFO -     | W       | Tungsten          | s     | 0.0          | 0.0            | 1765.176329312  | -763.835500144 | -27668.67350912  | 97.19674672        | 0.0 | 0.0 | 3000.0 | 3680.0 |
2025-09-17 15:56:17 - INFO -     | W       | Tungsten          | s     | 0.0          | 0.0            | 1765.17627      | -763.8355      | -27668.6738      | 97.19675           | 0.0 | 0.0 | 3000.0 | 3680.0 |
2025-09-17 15:56:17 - INFO -     | WC      | Tungsten carbide  | s     | -40.1664     | 32.38416       | 44.500001012    | 6.52000008528  | -9.7200003964    | 2.005086014856e-14 | 0.0 | 0.0 | 298.15 | 3050.0 |
2025-09-17 15:56:17 - INFO -     | WC      | Tungsten carbide  | s     | -40.1664     | 32.38416       | 44.500001012    | 6.52000008528  | -9.7200003964    | 2.005085768e-14    | 0.0 | 0.0 | 298.15 | 3050.0 |
2025-09-17 15:56:17 - INFO -     | WC      | Tungsten carbide  | s     | -40.1664     | 32.38416       | 44.500001012    | 6.52000008528  | -9.7200003964    | 2.005085768e-14    | 0.0 | 0.0 | 298.15 | 3050.0 |
2025-09-17 15:56:17 - INFO -     | WC      | Tungsten carbide  | s     | -40.16636    | 32.3841248     | 44.49995        | 6.519993       | -9.71999         | 2.00508369e-14     | 0.0 | 0.0 | 298.15 | 3050.0 |
2025-09-17 15:56:17 - INFO -     | WC      | Tungsten carbide  | s     | -40.16635816 | 32.38412510544 | 43.3754823944   | 8.63576558184  | -9.31775800024   | -1.02089489124     | 0.0 | 0.0 | 298.15 | 2500.0 |
2025-09-17 15:56:17 - INFO -     | WC      | Tungsten carbide  | s     | -40.16636    | 32.3841248     | 43.37548        | 8.635766       | -9.317758        | -1.02089489        | 0.0 | 0.0 | 298.15 | 2500.0 |
2025-09-17 15:56:17 - INFO -     | WC      | Tungsten carbide  | s     | -40.16636    | 32.3841248     | 43.37548        | 8.635766       | -9.317758        | -1.02089489        | 0.0 | 0.0 | 298.15 | 2500.0 |
2025-09-17 15:56:17 - INFO -     | WC      | Tungsten carbide  | s     | -40.16636    | 32.3841248     | 43.37548        | 8.635766       | -9.317758        | -1.02089489        | 0.0 | 0.0 | 298.15 | 2500.0 |
2025-09-17 15:56:17 - INFO -     +---------+-------------------+-------+--------------+----------------+-----------------+----------------+------------------+--------------------+-----+-----+--------+--------+
2025-09-17 15:56:20 - INFO - DATABASE QUERY RESULTS:
2025-09-17 15:56:20 - INFO -   SQL Query: SELECT Formula, FirstName, Phase FROM compounds WHERE (Formula LIKE '%Mg2C%' OR Formula LIKE '%C2Mg%' OR FirstName LIKE '%magnesium carbide%') LIMIT 10;
2025-09-17 15:56:20 - INFO -   Row Count: 10
2025-09-17 15:56:20 - INFO -   Columns: ['Formula', 'FirstName', 'Phase']
2025-09-17 15:56:20 - INFO -   Results Table:
2025-09-17 15:56:20 - INFO -     +----------------+---------------------------+-------+
2025-09-17 15:56:20 - INFO -     | Formula        | FirstName                 | Phase |
2025-09-17 15:56:20 - INFO -     +----------------+---------------------------+-------+
2025-09-17 15:56:20 - INFO -     | C5H11Cl(2C2Mg) | 2-Chloro-2-methylbutane   | g     |
2025-09-17 15:56:20 - INFO -     | C5H11Cl(2C2Mg) | 2-Chloro-2-methylbutane   | g     |
2025-09-17 15:56:20 - INFO -     | C5H11Cl(2C2Mg) | 2-Chloro-2-methylbutane   | g     |
2025-09-17 15:56:20 - INFO -     | MgC2           | Magnesium carbide         | s     |
2025-09-17 15:56:20 - INFO -     | Mg2C3          | Magnesium carbide         | s     |
2025-09-17 15:56:20 - INFO -     | Mg2Cl4(g)      | Dimagnesium tetrachloride | g     |
2025-09-17 15:56:20 - INFO -     | Mg2Cl4(g)      | Dimagnesium tetrachloride | g     |
2025-09-17 15:56:20 - INFO -     | Mg2Cl4(g)      | Dimagnesium tetrachloride | g     |
2025-09-17 15:56:20 - INFO -     | C5H11Cl(2C2Mg) | 2-Chloro-2-methylbutane   | g     |
2025-09-17 15:56:20 - INFO -     | C5H11Cl(2C2Mg) | 2-Chloro-2-methylbutane   | g     |
2025-09-17 15:56:20 - INFO -     +----------------+---------------------------+-------+
2025-09-17 15:56:23 - INFO - GENERATED SQL:
2025-09-17 15:56:23 - INFO -   SQL Query: SELECT Formula, FirstName, Phase, H298, S298, f1, f2, f3, f4, f5, f6, Tmin, Tmax FROM compounds WHERE Phase = 's' AND ( (Formula = 'WC' OR Formula = 'WC(s)') OR (Formula = 'Mg' OR Formula = 'Mg(s)') OR (Formula = 'W' OR Formula = 'W(s)') OR (Formula LIKE 'Mg2C%' OR Formula LIKE '%Mg2C%') ) AND Tmin &lt;= 2000 AND Tmax &gt;= 200 ORDER BY Formula, Tmin LIMIT 100;
2025-09-17 15:56:23 - INFO -   Expected Columns: ['Formula', 'FirstName', 'Phase', 'H298', 'S298', 'f1', 'f2', 'f3', 'f4', 'f5', 'f6', 'Tmin', 'Tmax']
2025-09-17 15:56:23 - INFO -   Explanation: This query selects the required thermodynamic data for the specified solid compounds within the given temperature range. It includes exact matches for WC(s), Mg(s), W(s), and broad search for Mg2C(s) since exact match may not exist. All are filtered for solid phase and temperature overlap with 200-2000K.
2025-09-17 15:56:23 - INFO - INFO: SQL запрос успешно сгенерирован
2025-09-17 15:56:23 - INFO - INFO: Полная обработка завершена
2025-09-17 15:56:23 - INFO - EXTRACTED PARAMETERS:
2025-09-17 15:56:23 - INFO -   Intent: reaction
2025-09-17 15:56:23 - INFO -   Compounds: ['WC', 'Mg', 'W', 'Mg2C']
2025-09-17 15:56:23 - INFO -   Temperature: 298.15 K
2025-09-17 15:56:23 - INFO -   Temperature Range: [200.0, 2000.0]
2025-09-17 15:56:23 - INFO -   Phases: ['s', 's', 's', 's']
2025-09-17 15:56:23 - INFO -   Properties: ['all']
2025-09-17 15:56:23 - INFO -   SQL Hint: Find thermodynamic data for WC(s), Mg(s), W(s), and Mg2C(s) in temperature range 200-2000K. Include H298, S298, and heat capacity coefficients f1-f6 for reaction analysis to determine the temperature of interaction.
2025-09-17 15:56:23 - INFO - GENERATED SQL:
2025-09-17 15:56:23 - INFO -   SQL Query: SELECT Formula, FirstName, Phase, H298, S298, f1, f2, f3, f4, f5, f6, Tmin, Tmax FROM compounds WHERE Phase = 's' AND ( (Formula = 'WC' OR Formula = 'WC(s)') OR (Formula = 'Mg' OR Formula = 'Mg(s)') OR (Formula = 'W' OR Formula = 'W(s)') OR (Formula LIKE 'Mg2C%' OR Formula LIKE '%Mg2C%') ) AND Tmin &lt;= 2000 AND Tmax &gt;= 200 ORDER BY Formula, Tmin LIMIT 100;
2025-09-17 15:56:23 - INFO -   Expected Columns: ['Formula', 'FirstName', 'Phase', 'H298', 'S298', 'f1', 'f2', 'f3', 'f4', 'f5', 'f6', 'Tmin', 'Tmax']
2025-09-17 15:56:23 - INFO -   Explanation: This query selects the required thermodynamic data for the specified solid compounds within the given temperature range. It includes exact matches for WC(s), Mg(s), W(s), and broad search for Mg2C(s) since exact match may not exist. All are filtered for solid phase and temperature overlap with 200-2000K.
2025-09-17 15:56:23 - INFO - INFO: Начало выполнения SQL запроса
2025-09-17 15:56:23 - ERROR - ERROR: Ошибка выполнения запроса: no such column: lt
2025-09-17 15:56:23 - INFO - PROCESSING COMPLETED
