2025-10-16 13:46:08 - INFO - INFO: SESSION STARTED
2025-10-16 13:46:08 - INFO - INFO: Термодинамическая система v2.0
2025-10-16 13:46:08 - INFO - INFO: Запрос пользователя: Возможно ли взаимодействие оксида церия с хлоридом аммония в диапазоне 300 - 600 цельсия?
2025-10-16 13:46:25 - INFO - INFO: Начало поиска для CeO2
2025-10-16 13:46:25 - INFO - INFO: 
2025-10-16 13:46:25 - INFO - INFO: ═══════════════════════════════════════════════════════════════
2025-10-16 13:46:25 - INFO - INFO: ПОИСК: CeO2
2025-10-16 13:46:25 - INFO - INFO: ───────────────────────────────────────────────────────────────
2025-10-16 13:46:25 - INFO - INFO: SQL запрос:
2025-10-16 13:46:25 - INFO - INFO: 
          SELECT * 
  FROM compounds
        
  WHERE (TRIM(Formula) = 'CeO2' OR Formula LIKE 'CeO2(%' OR Formula LIKE 'CeO2%' OR Formula LIKE '%CeO2%') AND (? >= Tmin AND ? <= Tmax)
        
  ORDER BY CASE ReliabilityClass WHEN 1 THEN 0 WHEN 2 THEN 1 WHEN 3 THEN 2 WHEN 0 THEN 3 WHEN 4 THEN 4 WHEN 5 THEN 5 ELSE 6 END, (Tmax - Tmin) DESC, LENGTH(TRIM(Formula)) ASC, CASE Phase WHEN 'g' THEN 0 WHEN 'l' THEN 1 WHEN 's' THEN 2 WHEN 'aq' THEN 3 ELSE 4 END, rowid ASC
        
  LIMIT ?
        
2025-10-16 13:46:25 - INFO - INFO: Параметры: [573.0, 873.0, 100]
2025-10-16 13:46:25 - INFO - INFO: Найдено записей: 9
2025-10-16 13:46:25 - INFO - INFO: Время выполнения: 81.4 мс
2025-10-16 13:46:25 - INFO - INFO: ═══════════════════════════════════════════════════════════════
2025-10-16 13:46:25 - INFO - INFO: ═══════════════════════════════════════════════════════════════
2025-10-16 13:46:25 - INFO - INFO: СТАДИЯ 1: Reaction Validation Stage | Вещество: CeO2
2025-10-16 13:46:25 - INFO - INFO: ───────────────────────────────────────────────────────────────
2025-10-16 13:46:25 - INFO - INFO: Записей до фильтрации: 9
2025-10-16 13:46:25 - INFO - INFO: Записей после фильтрации: 1
2025-10-16 13:46:25 - INFO - INFO: Процент отсева: 0.9%
2025-10-16 13:46:25 - INFO - INFO: Время выполнения: 2.3 мс
2025-10-16 13:46:25 - INFO - INFO: Дополнительная статистика:
2025-10-16 13:46:25 - INFO - INFO:   validation_applied: True
2025-10-16 13:46:25 - INFO - INFO:   records_after_validation: 1
2025-10-16 13:46:25 - INFO - INFO:   records_after_threshold: 1
2025-10-16 13:46:25 - INFO - INFO:   confidence_threshold: 0.5
2025-10-16 13:46:25 - INFO - INFO:   name_validation_enabled: True
2025-10-16 13:46:25 - INFO - INFO:   best_confidence: 1.0
2025-10-16 13:46:25 - INFO - INFO:   performance:
2025-10-16 13:46:25 - INFO - INFO:     memory_before_mb: 94.72265625
2025-10-16 13:46:25 - INFO - INFO:     memory_after_mb: 94.75
2025-10-16 13:46:25 - INFO - INFO:     memory_delta_mb: 0.02734375
2025-10-16 13:46:25 - INFO - INFO:     cpu_before_percent: 0.0
2025-10-16 13:46:25 - INFO - INFO:     cpu_after_percent: 0.0
2025-10-16 13:46:25 - INFO - INFO:     data_volume_before_mb: 0.001922607421875
2025-10-16 13:46:25 - INFO - INFO:     data_volume_after_mb: 0.000213623046875
2025-10-16 13:46:25 - INFO - INFO:     data_volume_reduction_mb: 0.001708984375
2025-10-16 13:46:25 - INFO - INFO:     records_per_ms: 3.882815881505863
2025-10-16 13:46:25 - INFO - INFO: 
2025-10-16 13:46:25 - INFO - INFO: Таблица данных (1 записей):
2025-10-16 13:46:25 - INFO - INFO: +-----------+------------------+---------+------------------+
| Formula   | FirstName        | Phase   | Tmin-Tmax (K)    |
+===========+==================+=========+==================+
| CeO2      | Cerium(IV) oxide | s       | 298.15 - 2753.00 |
+-----------+------------------+---------+------------------+
2025-10-16 13:46:25 - INFO - INFO: ═══════════════════════════════════════════════════════════════
2025-10-16 13:46:25 - INFO - INFO: СТАДИЯ 2: Комплексный поиск формул | Вещество: CeO2
2025-10-16 13:46:25 - INFO - INFO: ───────────────────────────────────────────────────────────────
2025-10-16 13:46:25 - INFO - INFO: Записей до фильтрации: 1
2025-10-16 13:46:25 - INFO - INFO: Записей после фильтрации: 1
2025-10-16 13:46:25 - INFO - INFO: Процент отсева: 0.0%
2025-10-16 13:46:25 - INFO - INFO: Время выполнения: 0.5 мс
2025-10-16 13:46:25 - INFO - INFO: Дополнительная статистика:
2025-10-16 13:46:25 - INFO - INFO:   total_records_before: 1
2025-10-16 13:46:25 - INFO - INFO:   total_records_after: 1
2025-10-16 13:46:25 - INFO - INFO:   search_statistics:
2025-10-16 13:46:25 - INFO - INFO:     exact_matches: 1
2025-10-16 13:46:25 - INFO - INFO:     phase_matches: 0
2025-10-16 13:46:25 - INFO - INFO:     prefix_matches: 0
2025-10-16 13:46:25 - INFO - INFO:     contains_matches: 0
2025-10-16 13:46:25 - INFO - INFO:   performance:
2025-10-16 13:46:25 - INFO - INFO:     memory_before_mb: 94.78515625
2025-10-16 13:46:25 - INFO - INFO:     memory_after_mb: 94.7890625
2025-10-16 13:46:25 - INFO - INFO:     memory_delta_mb: 0.00390625
2025-10-16 13:46:25 - INFO - INFO:     cpu_before_percent: 0.0
2025-10-16 13:46:25 - INFO - INFO:     cpu_after_percent: 0.0
2025-10-16 13:46:25 - INFO - INFO:     data_volume_before_mb: 0.000213623046875
2025-10-16 13:46:25 - INFO - INFO:     data_volume_after_mb: 0.000213623046875
2025-10-16 13:46:25 - INFO - INFO:     data_volume_reduction_mb: 0.0
2025-10-16 13:46:25 - INFO - INFO:     records_per_ms: 1.8517898454746138
2025-10-16 13:46:25 - INFO - INFO: 
2025-10-16 13:46:25 - INFO - INFO: Таблица данных (1 записей):
2025-10-16 13:46:25 - INFO - INFO: +-----------+------------------+---------+------------------+
| Formula   | FirstName        | Phase   | Tmin-Tmax (K)    |
+===========+==================+=========+==================+
| CeO2      | Cerium(IV) oxide | s       | 298.15 - 2753.00 |
+-----------+------------------+---------+------------------+
2025-10-16 13:46:25 - INFO - INFO: ═══════════════════════════════════════════════════════════════
2025-10-16 13:46:25 - INFO - INFO: СТАДИЯ 3: Температурная фильтрация | Вещество: CeO2
2025-10-16 13:46:25 - INFO - INFO: ───────────────────────────────────────────────────────────────
2025-10-16 13:46:25 - INFO - INFO: Записей до фильтрации: 1
2025-10-16 13:46:25 - INFO - INFO: Записей после фильтрации: 1
2025-10-16 13:46:25 - INFO - INFO: Процент отсева: 0.0%
2025-10-16 13:46:25 - INFO - INFO: Время выполнения: 0.0 мс
2025-10-16 13:46:25 - INFO - INFO: Температурный диапазон: 573.0 - 873.0 K
2025-10-16 13:46:25 - INFO - INFO: Записей в диапазоне: 1
2025-10-16 13:46:25 - INFO - INFO: Записей вне диапазона: 0
2025-10-16 13:46:25 - INFO - INFO: Дополнительная статистика:
2025-10-16 13:46:25 - INFO - INFO:   records_in_range: 1
2025-10-16 13:46:25 - INFO - INFO:   records_out_of_range: 0
2025-10-16 13:46:25 - INFO - INFO:   coverage_percentage: 100.0
2025-10-16 13:46:25 - INFO - INFO:   performance:
2025-10-16 13:46:25 - INFO - INFO:     memory_before_mb: 94.79296875
2025-10-16 13:46:25 - INFO - INFO:     memory_after_mb: 94.79296875
2025-10-16 13:46:25 - INFO - INFO:     memory_delta_mb: 0.0
2025-10-16 13:46:25 - INFO - INFO:     cpu_before_percent: 0.0
2025-10-16 13:46:25 - INFO - INFO:     cpu_after_percent: 0.0
2025-10-16 13:46:25 - INFO - INFO:     data_volume_before_mb: 0.000213623046875
2025-10-16 13:46:25 - INFO - INFO:     data_volume_after_mb: 0.000213623046875
2025-10-16 13:46:25 - INFO - INFO:     data_volume_reduction_mb: 0.0
2025-10-16 13:46:25 - INFO - INFO:     records_per_ms: 0
2025-10-16 13:46:25 - INFO - INFO: 
2025-10-16 13:46:25 - INFO - INFO: Таблица данных (1 записей):
2025-10-16 13:46:25 - INFO - INFO: +-----------+------------------+---------+------------------+
| Formula   | FirstName        | Phase   | Tmin-Tmax (K)    |
+===========+==================+=========+==================+
| CeO2      | Cerium(IV) oxide | s       | 298.15 - 2753.00 |
+-----------+------------------+---------+------------------+
2025-10-16 13:46:25 - INFO - INFO: ═══════════════════════════════════════════════════════════════
2025-10-16 13:46:25 - INFO - INFO: СТАДИЯ 4: Фазовая фильтрация | Вещество: CeO2
2025-10-16 13:46:25 - INFO - INFO: ───────────────────────────────────────────────────────────────
2025-10-16 13:46:25 - INFO - INFO: Записей до фильтрации: 1
2025-10-16 13:46:25 - INFO - INFO: Записей после фильтрации: 1
2025-10-16 13:46:25 - INFO - INFO: Процент отсева: 0.0%
2025-10-16 13:46:25 - INFO - INFO: Время выполнения: 0.6 мс
2025-10-16 13:46:25 - INFO - INFO: Дополнительная статистика:
2025-10-16 13:46:25 - INFO - INFO:   phase_matches: 1
2025-10-16 13:46:25 - INFO - INFO:   phase_mismatches: 0
2025-10-16 13:46:25 - INFO - INFO:   phase_analysis:
2025-10-16 13:46:25 - INFO - INFO:     correct: 1
2025-10-16 13:46:25 - INFO - INFO:     unknown: 0
2025-10-16 13:46:25 - INFO - INFO:     incorrect: 0
2025-10-16 13:46:25 - INFO - INFO:   mid_temperature: 723.0
2025-10-16 13:46:25 - INFO - INFO:   average_score: 1.0
2025-10-16 13:46:25 - INFO - INFO:   performance:
2025-10-16 13:46:25 - INFO - INFO:     memory_before_mb: 94.79296875
2025-10-16 13:46:25 - INFO - INFO:     memory_after_mb: 94.79296875
2025-10-16 13:46:25 - INFO - INFO:     memory_delta_mb: 0.0
2025-10-16 13:46:25 - INFO - INFO:     cpu_before_percent: 0.0
2025-10-16 13:46:25 - INFO - INFO:     cpu_after_percent: 0.0
2025-10-16 13:46:25 - INFO - INFO:     data_volume_before_mb: 0.000213623046875
2025-10-16 13:46:25 - INFO - INFO:     data_volume_after_mb: 0.000213623046875
2025-10-16 13:46:25 - INFO - INFO:     data_volume_reduction_mb: 0.0
2025-10-16 13:46:25 - INFO - INFO:     records_per_ms: 1.7962758029978587
2025-10-16 13:46:25 - INFO - INFO: 
2025-10-16 13:46:25 - INFO - INFO: Таблица данных (1 записей):
2025-10-16 13:46:25 - INFO - INFO: +-----------+------------------+---------+------------------+
| Formula   | FirstName        | Phase   | Tmin-Tmax (K)    |
+===========+==================+=========+==================+
| CeO2      | Cerium(IV) oxide | s       | 298.15 - 2753.00 |
+-----------+------------------+---------+------------------+
2025-10-16 13:46:25 - INFO - INFO: ═══════════════════════════════════════════════════════════════
2025-10-16 13:46:25 - INFO - INFO: СТАДИЯ 5: Приоритизация по надёжности | Вещество: CeO2
2025-10-16 13:46:25 - INFO - INFO: ───────────────────────────────────────────────────────────────
2025-10-16 13:46:25 - INFO - INFO: Записей до фильтрации: 1
2025-10-16 13:46:25 - INFO - INFO: Записей после фильтрации: 1
2025-10-16 13:46:25 - INFO - INFO: Процент отсева: 0.0%
2025-10-16 13:46:25 - INFO - INFO: Время выполнения: 1.0 мс
2025-10-16 13:46:25 - INFO - INFO: Дополнительная статистика:
2025-10-16 13:46:25 - INFO - INFO:   total_candidates: 1
2025-10-16 13:46:25 - INFO - INFO:   selected: 1
2025-10-16 13:46:25 - INFO - INFO:   max_records: 1
2025-10-16 13:46:25 - INFO - INFO:   reliability_distribution:
2025-10-16 13:46:25 - INFO - INFO:     1: 1
2025-10-16 13:46:25 - INFO - INFO:   average_completeness: 1.0
2025-10-16 13:46:25 - INFO - INFO:   average_score: 1020.0
2025-10-16 13:46:25 - INFO - INFO:   performance:
2025-10-16 13:46:25 - INFO - INFO:     memory_before_mb: 94.79296875
2025-10-16 13:46:25 - INFO - INFO:     memory_after_mb: 94.79296875
2025-10-16 13:46:25 - INFO - INFO:     memory_delta_mb: 0.0
2025-10-16 13:46:25 - INFO - INFO:     cpu_before_percent: 0.0
2025-10-16 13:46:25 - INFO - INFO:     cpu_after_percent: 0.0
2025-10-16 13:46:25 - INFO - INFO:     data_volume_before_mb: 0.000213623046875
2025-10-16 13:46:25 - INFO - INFO:     data_volume_after_mb: 0.000213623046875
2025-10-16 13:46:25 - INFO - INFO:     data_volume_reduction_mb: 0.0
2025-10-16 13:46:25 - INFO - INFO:     records_per_ms: 0.9910926275992439
2025-10-16 13:46:25 - INFO - INFO: 
2025-10-16 13:46:25 - INFO - INFO: Таблица данных (1 записей):
2025-10-16 13:46:25 - INFO - INFO: +-----------+------------------+---------+------------------+
| Formula   | FirstName        | Phase   | Tmin-Tmax (K)    |
+===========+==================+=========+==================+
| CeO2      | Cerium(IV) oxide | s       | 298.15 - 2753.00 |
+-----------+------------------+---------+------------------+
2025-10-16 13:46:25 - INFO - INFO: ═══════════════════════════════════════════════════════════════
2025-10-16 13:46:25 - INFO - INFO: СТАДИЯ 6: Проверка температурного покрытия | Вещество: CeO2
2025-10-16 13:46:25 - INFO - INFO: ───────────────────────────────────────────────────────────────
2025-10-16 13:46:25 - INFO - INFO: Записей до фильтрации: 1
2025-10-16 13:46:25 - INFO - INFO: Записей после фильтрации: 1
2025-10-16 13:46:25 - INFO - INFO: Процент отсева: 0.0%
2025-10-16 13:46:25 - INFO - INFO: Время выполнения: 0.7 мс
2025-10-16 13:46:25 - INFO - INFO: Температурный диапазон: 573.0 - 873.0 K
2025-10-16 13:46:25 - INFO - INFO: Записей в диапазоне: 0
2025-10-16 13:46:25 - INFO - INFO: Записей вне диапазона: 0
2025-10-16 13:46:25 - INFO - INFO: Дополнительная статистика:
2025-10-16 13:46:25 - INFO - INFO:   coverage_percentage: 100.0
2025-10-16 13:46:25 - INFO - INFO:   records_with_coverage: 1
2025-10-16 13:46:25 - INFO - INFO:   performance:
2025-10-16 13:46:25 - INFO - INFO:     memory_before_mb: 94.796875
2025-10-16 13:46:25 - INFO - INFO:     memory_after_mb: 94.796875
2025-10-16 13:46:25 - INFO - INFO:     memory_delta_mb: 0.0
2025-10-16 13:46:25 - INFO - INFO:     cpu_before_percent: 0.0
2025-10-16 13:46:25 - INFO - INFO:     cpu_after_percent: 0.0
2025-10-16 13:46:25 - INFO - INFO:     data_volume_before_mb: 0.000213623046875
2025-10-16 13:46:25 - INFO - INFO:     data_volume_after_mb: 0.000213623046875
2025-10-16 13:46:25 - INFO - INFO:     data_volume_reduction_mb: 0.0
2025-10-16 13:46:25 - INFO - INFO:     records_per_ms: 1.4232453342382083
2025-10-16 13:46:25 - INFO - INFO: 
2025-10-16 13:46:25 - INFO - INFO: Таблица данных (1 записей):
2025-10-16 13:46:25 - INFO - INFO: +-----------+------------------+---------+------------------+
| Formula   | FirstName        | Phase   | Tmin-Tmax (K)    |
+===========+==================+=========+==================+
| CeO2      | Cerium(IV) oxide | s       | 298.15 - 2753.00 |
+-----------+------------------+---------+------------------+
2025-10-16 13:46:25 - INFO - INFO: Начало поиска для NH4Cl
2025-10-16 13:46:25 - INFO - INFO: 
2025-10-16 13:46:25 - INFO - INFO: ═══════════════════════════════════════════════════════════════
2025-10-16 13:46:25 - INFO - INFO: ПОИСК: NH4Cl
2025-10-16 13:46:25 - INFO - INFO: ───────────────────────────────────────────────────────────────
2025-10-16 13:46:25 - INFO - INFO: SQL запрос:
2025-10-16 13:46:25 - INFO - INFO: 
          SELECT * 
  FROM compounds
        
  WHERE (TRIM(Formula) = 'NH4Cl' OR Formula LIKE 'NH4Cl(%' OR Formula LIKE 'NH4Cl%' OR Formula LIKE '%NH4Cl%') AND (? >= Tmin AND ? <= Tmax)
        
  ORDER BY CASE ReliabilityClass WHEN 1 THEN 0 WHEN 2 THEN 1 WHEN 3 THEN 2 WHEN 0 THEN 3 WHEN 4 THEN 4 WHEN 5 THEN 5 ELSE 6 END, (Tmax - Tmin) DESC, LENGTH(TRIM(Formula)) ASC, CASE Phase WHEN 'g' THEN 0 WHEN 'l' THEN 1 WHEN 's' THEN 2 WHEN 'aq' THEN 3 ELSE 4 END, rowid ASC
        
  LIMIT ?
        
2025-10-16 13:46:25 - INFO - INFO: Параметры: [573.0, 873.0, 100]
2025-10-16 13:46:25 - INFO - INFO: Найдено записей: 6
2025-10-16 13:46:25 - INFO - INFO: Время выполнения: 75.5 мс
2025-10-16 13:46:25 - INFO - INFO: ═══════════════════════════════════════════════════════════════
2025-10-16 13:46:25 - INFO - INFO: ═══════════════════════════════════════════════════════════════
2025-10-16 13:46:25 - INFO - INFO: СТАДИЯ 1: Reaction Validation Stage | Вещество: NH4Cl
2025-10-16 13:46:25 - INFO - INFO: ───────────────────────────────────────────────────────────────
2025-10-16 13:46:25 - INFO - INFO: Записей до фильтрации: 6
2025-10-16 13:46:25 - INFO - INFO: Записей после фильтрации: 1
2025-10-16 13:46:25 - INFO - INFO: Процент отсева: 0.8%
2025-10-16 13:46:25 - INFO - INFO: Время выполнения: 1.0 мс
2025-10-16 13:46:25 - INFO - INFO: Дополнительная статистика:
2025-10-16 13:46:25 - INFO - INFO:   validation_applied: True
2025-10-16 13:46:25 - INFO - INFO:   records_after_validation: 1
2025-10-16 13:46:25 - INFO - INFO:   records_after_threshold: 1
2025-10-16 13:46:25 - INFO - INFO:   confidence_threshold: 0.5
2025-10-16 13:46:25 - INFO - INFO:   name_validation_enabled: True
2025-10-16 13:46:25 - INFO - INFO:   best_confidence: 0.8986486486486486
2025-10-16 13:46:25 - INFO - INFO:   performance:
2025-10-16 13:46:25 - INFO - INFO:     memory_before_mb: 94.80859375
2025-10-16 13:46:25 - INFO - INFO:     memory_after_mb: 94.80859375
2025-10-16 13:46:25 - INFO - INFO:     memory_delta_mb: 0.0
2025-10-16 13:46:25 - INFO - INFO:     cpu_before_percent: 100.2
2025-10-16 13:46:25 - INFO - INFO:     cpu_after_percent: 0.0
2025-10-16 13:46:25 - INFO - INFO:     data_volume_before_mb: 0.00128173828125
2025-10-16 13:46:25 - INFO - INFO:     data_volume_after_mb: 0.000213623046875
2025-10-16 13:46:25 - INFO - INFO:     data_volume_reduction_mb: 0.001068115234375
2025-10-16 13:46:25 - INFO - INFO:     records_per_ms: 5.873004434072345
2025-10-16 13:46:25 - INFO - INFO: 
2025-10-16 13:46:25 - INFO - INFO: Таблица данных (1 записей):
2025-10-16 13:46:25 - INFO - INFO: +-----------+----------------------+---------+------------------+
| Formula   | FirstName            | Phase   | Tmin-Tmax (K)    |
+===========+======================+=========+==================+
| NH4ClO4   | Ammonium perchlorate | s       | 513.15 - 1000.00 |
+-----------+----------------------+---------+------------------+
2025-10-16 13:46:25 - INFO - INFO: ═══════════════════════════════════════════════════════════════
2025-10-16 13:46:25 - INFO - INFO: СТАДИЯ 2: Комплексный поиск формул | Вещество: NH4Cl
2025-10-16 13:46:25 - INFO - INFO: ───────────────────────────────────────────────────────────────
2025-10-16 13:46:25 - INFO - INFO: Записей до фильтрации: 1
2025-10-16 13:46:25 - INFO - INFO: Записей после фильтрации: 1
2025-10-16 13:46:25 - INFO - INFO: Процент отсева: 0.0%
2025-10-16 13:46:25 - INFO - INFO: Время выполнения: 0.0 мс
2025-10-16 13:46:25 - INFO - INFO: Дополнительная статистика:
2025-10-16 13:46:25 - INFO - INFO:   total_records_before: 1
2025-10-16 13:46:25 - INFO - INFO:   total_records_after: 1
2025-10-16 13:46:25 - INFO - INFO:   search_statistics:
2025-10-16 13:46:25 - INFO - INFO:     exact_matches: 0
2025-10-16 13:46:25 - INFO - INFO:     phase_matches: 0
2025-10-16 13:46:25 - INFO - INFO:     prefix_matches: 1
2025-10-16 13:46:25 - INFO - INFO:     contains_matches: 0
2025-10-16 13:46:25 - INFO - INFO:   performance:
2025-10-16 13:46:25 - INFO - INFO:     memory_before_mb: 94.80859375
2025-10-16 13:46:25 - INFO - INFO:     memory_after_mb: 94.80859375
2025-10-16 13:46:25 - INFO - INFO:     memory_delta_mb: 0.0
2025-10-16 13:46:25 - INFO - INFO:     cpu_before_percent: 0.0
2025-10-16 13:46:25 - INFO - INFO:     cpu_after_percent: 0.0
2025-10-16 13:46:25 - INFO - INFO:     data_volume_before_mb: 0.000213623046875
2025-10-16 13:46:25 - INFO - INFO:     data_volume_after_mb: 0.000213623046875
2025-10-16 13:46:25 - INFO - INFO:     data_volume_reduction_mb: 0.0
2025-10-16 13:46:25 - INFO - INFO:     records_per_ms: 0
2025-10-16 13:46:25 - INFO - INFO: 
2025-10-16 13:46:25 - INFO - INFO: Таблица данных (1 записей):
2025-10-16 13:46:25 - INFO - INFO: +-----------+----------------------+---------+------------------+
| Formula   | FirstName            | Phase   | Tmin-Tmax (K)    |
+===========+======================+=========+==================+
| NH4ClO4   | Ammonium perchlorate | s       | 513.15 - 1000.00 |
+-----------+----------------------+---------+------------------+
2025-10-16 13:46:25 - INFO - INFO: ═══════════════════════════════════════════════════════════════
2025-10-16 13:46:25 - INFO - INFO: СТАДИЯ 3: Температурная фильтрация | Вещество: NH4Cl
2025-10-16 13:46:25 - INFO - INFO: ───────────────────────────────────────────────────────────────
2025-10-16 13:46:25 - INFO - INFO: Записей до фильтрации: 1
2025-10-16 13:46:25 - INFO - INFO: Записей после фильтрации: 1
2025-10-16 13:46:25 - INFO - INFO: Процент отсева: 0.0%
2025-10-16 13:46:25 - INFO - INFO: Время выполнения: 0.5 мс
2025-10-16 13:46:25 - INFO - INFO: Температурный диапазон: 573.0 - 873.0 K
2025-10-16 13:46:25 - INFO - INFO: Записей в диапазоне: 1
2025-10-16 13:46:25 - INFO - INFO: Записей вне диапазона: 0
2025-10-16 13:46:25 - INFO - INFO: Дополнительная статистика:
2025-10-16 13:46:25 - INFO - INFO:   records_in_range: 1
2025-10-16 13:46:25 - INFO - INFO:   records_out_of_range: 0
2025-10-16 13:46:25 - INFO - INFO:   coverage_percentage: 100.0
2025-10-16 13:46:25 - INFO - INFO:   performance:
2025-10-16 13:46:25 - INFO - INFO:     memory_before_mb: 94.80859375
2025-10-16 13:46:25 - INFO - INFO:     memory_after_mb: 94.80859375
2025-10-16 13:46:25 - INFO - INFO:     memory_delta_mb: 0.0
2025-10-16 13:46:25 - INFO - INFO:     cpu_before_percent: 0.0
2025-10-16 13:46:25 - INFO - INFO:     cpu_after_percent: 0.0
2025-10-16 13:46:25 - INFO - INFO:     data_volume_before_mb: 0.000213623046875
2025-10-16 13:46:25 - INFO - INFO:     data_volume_after_mb: 0.000213623046875
2025-10-16 13:46:25 - INFO - INFO:     data_volume_reduction_mb: 0.0
2025-10-16 13:46:25 - INFO - INFO:     records_per_ms: 1.9608714352501169
2025-10-16 13:46:25 - INFO - INFO: 
2025-10-16 13:46:25 - INFO - INFO: Таблица данных (1 записей):
2025-10-16 13:46:25 - INFO - INFO: +-----------+----------------------+---------+------------------+
| Formula   | FirstName            | Phase   | Tmin-Tmax (K)    |
+===========+======================+=========+==================+
| NH4ClO4   | Ammonium perchlorate | s       | 513.15 - 1000.00 |
+-----------+----------------------+---------+------------------+
2025-10-16 13:46:25 - INFO - INFO: ═══════════════════════════════════════════════════════════════
2025-10-16 13:46:25 - INFO - INFO: СТАДИЯ 4: Фазовая фильтрация | Вещество: NH4Cl
2025-10-16 13:46:25 - INFO - INFO: ───────────────────────────────────────────────────────────────
2025-10-16 13:46:25 - INFO - INFO: Записей до фильтрации: 1
2025-10-16 13:46:25 - INFO - INFO: Записей после фильтрации: 1
2025-10-16 13:46:25 - INFO - INFO: Процент отсева: 0.0%
2025-10-16 13:46:25 - INFO - INFO: Время выполнения: 0.0 мс
2025-10-16 13:46:25 - INFO - INFO: Дополнительная статистика:
2025-10-16 13:46:25 - INFO - INFO:   phase_matches: 1
2025-10-16 13:46:25 - INFO - INFO:   phase_mismatches: 0
2025-10-16 13:46:25 - INFO - INFO:   phase_analysis:
2025-10-16 13:46:25 - INFO - INFO:     correct: 0
2025-10-16 13:46:25 - INFO - INFO:     unknown: 0
2025-10-16 13:46:25 - INFO - INFO:     incorrect: 1
2025-10-16 13:46:25 - INFO - INFO:   mid_temperature: 723.0
2025-10-16 13:46:25 - INFO - INFO:   average_score: 0.6
2025-10-16 13:46:25 - INFO - INFO:   performance:
2025-10-16 13:46:25 - INFO - INFO:     memory_before_mb: 94.80859375
2025-10-16 13:46:25 - INFO - INFO:     memory_after_mb: 94.80859375
2025-10-16 13:46:25 - INFO - INFO:     memory_delta_mb: 0.0
2025-10-16 13:46:25 - INFO - INFO:     cpu_before_percent: 0.0
2025-10-16 13:46:25 - INFO - INFO:     cpu_after_percent: 0.0
2025-10-16 13:46:25 - INFO - INFO:     data_volume_before_mb: 0.000213623046875
2025-10-16 13:46:25 - INFO - INFO:     data_volume_after_mb: 0.000213623046875
2025-10-16 13:46:25 - INFO - INFO:     data_volume_reduction_mb: 0.0
2025-10-16 13:46:25 - INFO - INFO:     records_per_ms: 0
2025-10-16 13:46:25 - INFO - INFO: 
2025-10-16 13:46:25 - INFO - INFO: Таблица данных (1 записей):
2025-10-16 13:46:25 - INFO - INFO: +-----------+----------------------+---------+------------------+
| Formula   | FirstName            | Phase   | Tmin-Tmax (K)    |
+===========+======================+=========+==================+
| NH4ClO4   | Ammonium perchlorate | s       | 513.15 - 1000.00 |
+-----------+----------------------+---------+------------------+
2025-10-16 13:46:25 - INFO - INFO: ═══════════════════════════════════════════════════════════════
2025-10-16 13:46:25 - INFO - INFO: СТАДИЯ 5: Приоритизация по надёжности | Вещество: NH4Cl
2025-10-16 13:46:25 - INFO - INFO: ───────────────────────────────────────────────────────────────
2025-10-16 13:46:25 - INFO - INFO: Записей до фильтрации: 1
2025-10-16 13:46:25 - INFO - INFO: Записей после фильтрации: 1
2025-10-16 13:46:25 - INFO - INFO: Процент отсева: 0.0%
2025-10-16 13:46:25 - INFO - INFO: Время выполнения: 0.0 мс
2025-10-16 13:46:25 - INFO - INFO: Дополнительная статистика:
2025-10-16 13:46:25 - INFO - INFO:   total_candidates: 1
2025-10-16 13:46:25 - INFO - INFO:   selected: 1
2025-10-16 13:46:25 - INFO - INFO:   max_records: 1
2025-10-16 13:46:25 - INFO - INFO:   reliability_distribution:
2025-10-16 13:46:25 - INFO - INFO:     1: 1
2025-10-16 13:46:25 - INFO - INFO:   average_completeness: 1.0
2025-10-16 13:46:25 - INFO - INFO:   average_score: 1014.8685
2025-10-16 13:46:25 - INFO - INFO:   performance:
2025-10-16 13:46:25 - INFO - INFO:     memory_before_mb: 94.80859375
2025-10-16 13:46:25 - INFO - INFO:     memory_after_mb: 94.80859375
2025-10-16 13:46:25 - INFO - INFO:     memory_delta_mb: 0.0
2025-10-16 13:46:25 - INFO - INFO:     cpu_before_percent: 0.0
2025-10-16 13:46:25 - INFO - INFO:     cpu_after_percent: 0.0
2025-10-16 13:46:25 - INFO - INFO:     data_volume_before_mb: 0.000213623046875
2025-10-16 13:46:25 - INFO - INFO:     data_volume_after_mb: 0.000213623046875
2025-10-16 13:46:25 - INFO - INFO:     data_volume_reduction_mb: 0.0
2025-10-16 13:46:25 - INFO - INFO:     records_per_ms: 0
2025-10-16 13:46:25 - INFO - INFO: 
2025-10-16 13:46:25 - INFO - INFO: Таблица данных (1 записей):
2025-10-16 13:46:25 - INFO - INFO: +-----------+----------------------+---------+------------------+
| Formula   | FirstName            | Phase   | Tmin-Tmax (K)    |
+===========+======================+=========+==================+
| NH4ClO4   | Ammonium perchlorate | s       | 513.15 - 1000.00 |
+-----------+----------------------+---------+------------------+
2025-10-16 13:46:25 - INFO - INFO: ═══════════════════════════════════════════════════════════════
2025-10-16 13:46:25 - INFO - INFO: СТАДИЯ 6: Проверка температурного покрытия | Вещество: NH4Cl
2025-10-16 13:46:25 - INFO - INFO: ───────────────────────────────────────────────────────────────
2025-10-16 13:46:25 - INFO - INFO: Записей до фильтрации: 1
2025-10-16 13:46:25 - INFO - INFO: Записей после фильтрации: 1
2025-10-16 13:46:25 - INFO - INFO: Процент отсева: 0.0%
2025-10-16 13:46:25 - INFO - INFO: Время выполнения: 0.5 мс
2025-10-16 13:46:25 - INFO - INFO: Температурный диапазон: 573.0 - 873.0 K
2025-10-16 13:46:25 - INFO - INFO: Записей в диапазоне: 0
2025-10-16 13:46:25 - INFO - INFO: Записей вне диапазона: 0
2025-10-16 13:46:25 - INFO - INFO: Дополнительная статистика:
2025-10-16 13:46:25 - INFO - INFO:   coverage_percentage: 100.0
2025-10-16 13:46:25 - INFO - INFO:   records_with_coverage: 1
2025-10-16 13:46:25 - INFO - INFO:   performance:
2025-10-16 13:46:25 - INFO - INFO:     memory_before_mb: 94.80859375
2025-10-16 13:46:25 - INFO - INFO:     memory_after_mb: 94.80859375
2025-10-16 13:46:25 - INFO - INFO:     memory_delta_mb: 0.0
2025-10-16 13:46:25 - INFO - INFO:     cpu_before_percent: 0.0
2025-10-16 13:46:25 - INFO - INFO:     cpu_after_percent: 0.0
2025-10-16 13:46:25 - INFO - INFO:     data_volume_before_mb: 0.000213623046875
2025-10-16 13:46:25 - INFO - INFO:     data_volume_after_mb: 0.000213623046875
2025-10-16 13:46:25 - INFO - INFO:     data_volume_reduction_mb: 0.0
2025-10-16 13:46:25 - INFO - INFO:     records_per_ms: 1.9617885874649206
2025-10-16 13:46:25 - INFO - INFO: 
2025-10-16 13:46:25 - INFO - INFO: Таблица данных (1 записей):
2025-10-16 13:46:25 - INFO - INFO: +-----------+----------------------+---------+------------------+
| Formula   | FirstName            | Phase   | Tmin-Tmax (K)    |
+===========+======================+=========+==================+
| NH4ClO4   | Ammonium perchlorate | s       | 513.15 - 1000.00 |
+-----------+----------------------+---------+------------------+
2025-10-16 13:46:25 - INFO - INFO: Начало поиска для CeCl3
2025-10-16 13:46:25 - INFO - INFO: 
2025-10-16 13:46:25 - INFO - INFO: ═══════════════════════════════════════════════════════════════
2025-10-16 13:46:25 - INFO - INFO: ПОИСК: CeCl3
2025-10-16 13:46:25 - INFO - INFO: ───────────────────────────────────────────────────────────────
2025-10-16 13:46:25 - INFO - INFO: SQL запрос:
2025-10-16 13:46:25 - INFO - INFO: 
          SELECT * 
  FROM compounds
        
  WHERE (TRIM(Formula) = 'CeCl3' OR Formula LIKE 'CeCl3(%' OR Formula LIKE 'CeCl3%' OR Formula LIKE '%CeCl3%') AND (? >= Tmin AND ? <= Tmax)
        
  ORDER BY CASE ReliabilityClass WHEN 1 THEN 0 WHEN 2 THEN 1 WHEN 3 THEN 2 WHEN 0 THEN 3 WHEN 4 THEN 4 WHEN 5 THEN 5 ELSE 6 END, (Tmax - Tmin) DESC, LENGTH(TRIM(Formula)) ASC, CASE Phase WHEN 'g' THEN 0 WHEN 'l' THEN 1 WHEN 's' THEN 2 WHEN 'aq' THEN 3 ELSE 4 END, rowid ASC
        
  LIMIT ?
        
2025-10-16 13:46:25 - INFO - INFO: Параметры: [573.0, 873.0, 100]
2025-10-16 13:46:25 - INFO - INFO: Найдено записей: 16
2025-10-16 13:46:25 - INFO - INFO: Время выполнения: 77.2 мс
2025-10-16 13:46:25 - INFO - INFO: ═══════════════════════════════════════════════════════════════
2025-10-16 13:46:25 - INFO - INFO: ═══════════════════════════════════════════════════════════════
2025-10-16 13:46:25 - INFO - INFO: СТАДИЯ 1: Reaction Validation Stage | Вещество: CeCl3
2025-10-16 13:46:25 - INFO - INFO: ───────────────────────────────────────────────────────────────
2025-10-16 13:46:25 - INFO - INFO: Записей до фильтрации: 16
2025-10-16 13:46:25 - INFO - INFO: Записей после фильтрации: 1
2025-10-16 13:46:25 - INFO - INFO: Процент отсева: 0.9%
2025-10-16 13:46:25 - INFO - INFO: Время выполнения: 1.6 мс
2025-10-16 13:46:25 - INFO - INFO: Дополнительная статистика:
2025-10-16 13:46:25 - INFO - INFO:   validation_applied: True
2025-10-16 13:46:25 - INFO - INFO:   records_after_validation: 1
2025-10-16 13:46:25 - INFO - INFO:   records_after_threshold: 1
2025-10-16 13:46:25 - INFO - INFO:   confidence_threshold: 0.5
2025-10-16 13:46:25 - INFO - INFO:   name_validation_enabled: True
2025-10-16 13:46:25 - INFO - INFO:   best_confidence: 1.0
2025-10-16 13:46:25 - INFO - INFO:   performance:
2025-10-16 13:46:25 - INFO - INFO:     memory_before_mb: 94.953125
2025-10-16 13:46:25 - INFO - INFO:     memory_after_mb: 94.953125
2025-10-16 13:46:25 - INFO - INFO:     memory_delta_mb: 0.0
2025-10-16 13:46:25 - INFO - INFO:     cpu_before_percent: 98.9
2025-10-16 13:46:25 - INFO - INFO:     cpu_after_percent: 0.0
2025-10-16 13:46:25 - INFO - INFO:     data_volume_before_mb: 0.00341796875
2025-10-16 13:46:25 - INFO - INFO:     data_volume_after_mb: 0.000213623046875
2025-10-16 13:46:25 - INFO - INFO:     data_volume_reduction_mb: 0.003204345703125
2025-10-16 13:46:25 - INFO - INFO:     records_per_ms: 10.236251372788285
2025-10-16 13:46:25 - INFO - INFO: 
2025-10-16 13:46:25 - INFO - INFO: Таблица данных (1 записей):
2025-10-16 13:46:25 - INFO - INFO: +-----------+----------------------+---------+------------------+
| Formula   | FirstName            | Phase   | Tmin-Tmax (K)    |
+===========+======================+=========+==================+
| CeCl3(g)  | Cerium(III) chloride | g       | 298.15 - 2000.00 |
+-----------+----------------------+---------+------------------+
2025-10-16 13:46:25 - INFO - INFO: ═══════════════════════════════════════════════════════════════
2025-10-16 13:46:25 - INFO - INFO: СТАДИЯ 2: Комплексный поиск формул | Вещество: CeCl3
2025-10-16 13:46:25 - INFO - INFO: ───────────────────────────────────────────────────────────────
2025-10-16 13:46:25 - INFO - INFO: Записей до фильтрации: 1
2025-10-16 13:46:25 - INFO - INFO: Записей после фильтрации: 1
2025-10-16 13:46:25 - INFO - INFO: Процент отсева: 0.0%
2025-10-16 13:46:25 - INFO - INFO: Время выполнения: 0.0 мс
2025-10-16 13:46:25 - INFO - INFO: Дополнительная статистика:
2025-10-16 13:46:25 - INFO - INFO:   total_records_before: 1
2025-10-16 13:46:25 - INFO - INFO:   total_records_after: 1
2025-10-16 13:46:25 - INFO - INFO:   search_statistics:
2025-10-16 13:46:25 - INFO - INFO:     exact_matches: 1
2025-10-16 13:46:25 - INFO - INFO:     phase_matches: 0
2025-10-16 13:46:25 - INFO - INFO:     prefix_matches: 0
2025-10-16 13:46:25 - INFO - INFO:     contains_matches: 0
2025-10-16 13:46:25 - INFO - INFO:   performance:
2025-10-16 13:46:25 - INFO - INFO:     memory_before_mb: 94.953125
2025-10-16 13:46:25 - INFO - INFO:     memory_after_mb: 94.953125
2025-10-16 13:46:25 - INFO - INFO:     memory_delta_mb: 0.0
2025-10-16 13:46:25 - INFO - INFO:     cpu_before_percent: 0.0
2025-10-16 13:46:25 - INFO - INFO:     cpu_after_percent: 0.0
2025-10-16 13:46:25 - INFO - INFO:     data_volume_before_mb: 0.000213623046875
2025-10-16 13:46:25 - INFO - INFO:     data_volume_after_mb: 0.000213623046875
2025-10-16 13:46:25 - INFO - INFO:     data_volume_reduction_mb: 0.0
2025-10-16 13:46:25 - INFO - INFO:     records_per_ms: 0
2025-10-16 13:46:25 - INFO - INFO: 
2025-10-16 13:46:25 - INFO - INFO: Таблица данных (1 записей):
2025-10-16 13:46:25 - INFO - INFO: +-----------+----------------------+---------+------------------+
| Formula   | FirstName            | Phase   | Tmin-Tmax (K)    |
+===========+======================+=========+==================+
| CeCl3(g)  | Cerium(III) chloride | g       | 298.15 - 2000.00 |
+-----------+----------------------+---------+------------------+
2025-10-16 13:46:25 - INFO - INFO: ═══════════════════════════════════════════════════════════════
2025-10-16 13:46:25 - INFO - INFO: СТАДИЯ 3: Температурная фильтрация | Вещество: CeCl3
2025-10-16 13:46:25 - INFO - INFO: ───────────────────────────────────────────────────────────────
2025-10-16 13:46:25 - INFO - INFO: Записей до фильтрации: 1
2025-10-16 13:46:25 - INFO - INFO: Записей после фильтрации: 1
2025-10-16 13:46:25 - INFO - INFO: Процент отсева: 0.0%
2025-10-16 13:46:25 - INFO - INFO: Время выполнения: 0.0 мс
2025-10-16 13:46:25 - INFO - INFO: Температурный диапазон: 573.0 - 873.0 K
2025-10-16 13:46:25 - INFO - INFO: Записей в диапазоне: 1
2025-10-16 13:46:25 - INFO - INFO: Записей вне диапазона: 0
2025-10-16 13:46:25 - INFO - INFO: Дополнительная статистика:
2025-10-16 13:46:25 - INFO - INFO:   records_in_range: 1
2025-10-16 13:46:25 - INFO - INFO:   records_out_of_range: 0
2025-10-16 13:46:25 - INFO - INFO:   coverage_percentage: 100.0
2025-10-16 13:46:25 - INFO - INFO:   performance:
2025-10-16 13:46:25 - INFO - INFO:     memory_before_mb: 94.953125
2025-10-16 13:46:25 - INFO - INFO:     memory_after_mb: 94.953125
2025-10-16 13:46:25 - INFO - INFO:     memory_delta_mb: 0.0
2025-10-16 13:46:25 - INFO - INFO:     cpu_before_percent: 0.0
2025-10-16 13:46:25 - INFO - INFO:     cpu_after_percent: 0.0
2025-10-16 13:46:25 - INFO - INFO:     data_volume_before_mb: 0.000213623046875
2025-10-16 13:46:25 - INFO - INFO:     data_volume_after_mb: 0.000213623046875
2025-10-16 13:46:25 - INFO - INFO:     data_volume_reduction_mb: 0.0
2025-10-16 13:46:25 - INFO - INFO:     records_per_ms: 0
2025-10-16 13:46:25 - INFO - INFO: 
2025-10-16 13:46:25 - INFO - INFO: Таблица данных (1 записей):
2025-10-16 13:46:25 - INFO - INFO: +-----------+----------------------+---------+------------------+
| Formula   | FirstName            | Phase   | Tmin-Tmax (K)    |
+===========+======================+=========+==================+
| CeCl3(g)  | Cerium(III) chloride | g       | 298.15 - 2000.00 |
+-----------+----------------------+---------+------------------+
2025-10-16 13:46:25 - INFO - INFO: ═══════════════════════════════════════════════════════════════
2025-10-16 13:46:25 - INFO - INFO: СТАДИЯ 4: Фазовая фильтрация | Вещество: CeCl3
2025-10-16 13:46:25 - INFO - INFO: ───────────────────────────────────────────────────────────────
2025-10-16 13:46:25 - INFO - INFO: Записей до фильтрации: 1
2025-10-16 13:46:25 - INFO - INFO: Записей после фильтрации: 1
2025-10-16 13:46:25 - INFO - INFO: Процент отсева: 0.0%
2025-10-16 13:46:25 - INFO - INFO: Время выполнения: 0.0 мс
2025-10-16 13:46:25 - INFO - INFO: Дополнительная статистика:
2025-10-16 13:46:25 - INFO - INFO:   phase_matches: 1
2025-10-16 13:46:25 - INFO - INFO:   phase_mismatches: 0
2025-10-16 13:46:25 - INFO - INFO:   phase_analysis:
2025-10-16 13:46:25 - INFO - INFO:     correct: 0
2025-10-16 13:46:25 - INFO - INFO:     unknown: 0
2025-10-16 13:46:25 - INFO - INFO:     incorrect: 1
2025-10-16 13:46:25 - INFO - INFO:   mid_temperature: 723.0
2025-10-16 13:46:25 - INFO - INFO:   average_score: 0.6
2025-10-16 13:46:25 - INFO - INFO:   performance:
2025-10-16 13:46:25 - INFO - INFO:     memory_before_mb: 94.953125
2025-10-16 13:46:25 - INFO - INFO:     memory_after_mb: 94.953125
2025-10-16 13:46:25 - INFO - INFO:     memory_delta_mb: 0.0
2025-10-16 13:46:25 - INFO - INFO:     cpu_before_percent: 0.0
2025-10-16 13:46:25 - INFO - INFO:     cpu_after_percent: 0.0
2025-10-16 13:46:25 - INFO - INFO:     data_volume_before_mb: 0.000213623046875
2025-10-16 13:46:25 - INFO - INFO:     data_volume_after_mb: 0.000213623046875
2025-10-16 13:46:25 - INFO - INFO:     data_volume_reduction_mb: 0.0
2025-10-16 13:46:25 - INFO - INFO:     records_per_ms: 0
2025-10-16 13:46:25 - INFO - INFO: 
2025-10-16 13:46:25 - INFO - INFO: Таблица данных (1 записей):
2025-10-16 13:46:25 - INFO - INFO: +-----------+----------------------+---------+------------------+
| Formula   | FirstName            | Phase   | Tmin-Tmax (K)    |
+===========+======================+=========+==================+
| CeCl3(g)  | Cerium(III) chloride | g       | 298.15 - 2000.00 |
+-----------+----------------------+---------+------------------+
2025-10-16 13:46:25 - INFO - INFO: ═══════════════════════════════════════════════════════════════
2025-10-16 13:46:25 - INFO - INFO: СТАДИЯ 5: Приоритизация по надёжности | Вещество: CeCl3
2025-10-16 13:46:25 - INFO - INFO: ───────────────────────────────────────────────────────────────
2025-10-16 13:46:25 - INFO - INFO: Записей до фильтрации: 1
2025-10-16 13:46:25 - INFO - INFO: Записей после фильтрации: 1
2025-10-16 13:46:25 - INFO - INFO: Процент отсева: 0.0%
2025-10-16 13:46:25 - INFO - INFO: Время выполнения: 0.0 мс
2025-10-16 13:46:25 - INFO - INFO: Дополнительная статистика:
2025-10-16 13:46:25 - INFO - INFO:   total_candidates: 1
2025-10-16 13:46:25 - INFO - INFO:   selected: 1
2025-10-16 13:46:25 - INFO - INFO:   max_records: 1
2025-10-16 13:46:25 - INFO - INFO:   reliability_distribution:
2025-10-16 13:46:25 - INFO - INFO:     1: 1
2025-10-16 13:46:25 - INFO - INFO:   average_completeness: 1.0
2025-10-16 13:46:25 - INFO - INFO:   average_score: 1020.0
2025-10-16 13:46:25 - INFO - INFO:   performance:
2025-10-16 13:46:25 - INFO - INFO:     memory_before_mb: 94.953125
2025-10-16 13:46:25 - INFO - INFO:     memory_after_mb: 94.953125
2025-10-16 13:46:25 - INFO - INFO:     memory_delta_mb: 0.0
2025-10-16 13:46:25 - INFO - INFO:     cpu_before_percent: 0.0
2025-10-16 13:46:25 - INFO - INFO:     cpu_after_percent: 0.0
2025-10-16 13:46:25 - INFO - INFO:     data_volume_before_mb: 0.000213623046875
2025-10-16 13:46:25 - INFO - INFO:     data_volume_after_mb: 0.000213623046875
2025-10-16 13:46:25 - INFO - INFO:     data_volume_reduction_mb: 0.0
2025-10-16 13:46:25 - INFO - INFO:     records_per_ms: 0
2025-10-16 13:46:25 - INFO - INFO: 
2025-10-16 13:46:25 - INFO - INFO: Таблица данных (1 записей):
2025-10-16 13:46:25 - INFO - INFO: +-----------+----------------------+---------+------------------+
| Formula   | FirstName            | Phase   | Tmin-Tmax (K)    |
+===========+======================+=========+==================+
| CeCl3(g)  | Cerium(III) chloride | g       | 298.15 - 2000.00 |
+-----------+----------------------+---------+------------------+
2025-10-16 13:46:25 - INFO - INFO: ═══════════════════════════════════════════════════════════════
2025-10-16 13:46:25 - INFO - INFO: СТАДИЯ 6: Проверка температурного покрытия | Вещество: CeCl3
2025-10-16 13:46:25 - INFO - INFO: ───────────────────────────────────────────────────────────────
2025-10-16 13:46:25 - INFO - INFO: Записей до фильтрации: 1
2025-10-16 13:46:25 - INFO - INFO: Записей после фильтрации: 1
2025-10-16 13:46:25 - INFO - INFO: Процент отсева: 0.0%
2025-10-16 13:46:25 - INFO - INFO: Время выполнения: 0.0 мс
2025-10-16 13:46:25 - INFO - INFO: Температурный диапазон: 573.0 - 873.0 K
2025-10-16 13:46:25 - INFO - INFO: Записей в диапазоне: 0
2025-10-16 13:46:25 - INFO - INFO: Записей вне диапазона: 0
2025-10-16 13:46:25 - INFO - INFO: Дополнительная статистика:
2025-10-16 13:46:25 - INFO - INFO:   coverage_percentage: 100.0
2025-10-16 13:46:25 - INFO - INFO:   records_with_coverage: 1
2025-10-16 13:46:25 - INFO - INFO:   performance:
2025-10-16 13:46:25 - INFO - INFO:     memory_before_mb: 94.953125
2025-10-16 13:46:25 - INFO - INFO:     memory_after_mb: 94.953125
2025-10-16 13:46:25 - INFO - INFO:     memory_delta_mb: 0.0
2025-10-16 13:46:25 - INFO - INFO:     cpu_before_percent: 0.0
2025-10-16 13:46:25 - INFO - INFO:     cpu_after_percent: 0.0
2025-10-16 13:46:25 - INFO - INFO:     data_volume_before_mb: 0.000213623046875
2025-10-16 13:46:25 - INFO - INFO:     data_volume_after_mb: 0.000213623046875
2025-10-16 13:46:25 - INFO - INFO:     data_volume_reduction_mb: 0.0
2025-10-16 13:46:25 - INFO - INFO:     records_per_ms: 0
2025-10-16 13:46:25 - INFO - INFO: 
2025-10-16 13:46:25 - INFO - INFO: Таблица данных (1 записей):
2025-10-16 13:46:25 - INFO - INFO: +-----------+----------------------+---------+------------------+
| Formula   | FirstName            | Phase   | Tmin-Tmax (K)    |
+===========+======================+=========+==================+
| CeCl3(g)  | Cerium(III) chloride | g       | 298.15 - 2000.00 |
+-----------+----------------------+---------+------------------+
2025-10-16 13:46:25 - INFO - INFO: Начало поиска для H2O
2025-10-16 13:46:25 - INFO - INFO: 
2025-10-16 13:46:25 - INFO - INFO: ═══════════════════════════════════════════════════════════════
2025-10-16 13:46:25 - INFO - INFO: ПОИСК: H2O
2025-10-16 13:46:25 - INFO - INFO: ───────────────────────────────────────────────────────────────
2025-10-16 13:46:25 - INFO - INFO: SQL запрос:
2025-10-16 13:46:25 - INFO - INFO: 
          SELECT * 
  FROM compounds
        
  WHERE (TRIM(Formula) = 'H2O' OR Formula LIKE 'H2O(%' OR Formula LIKE 'H2O%' OR Formula LIKE '%H2O%') AND (? >= Tmin AND ? <= Tmax)
        
  ORDER BY CASE ReliabilityClass WHEN 1 THEN 0 WHEN 2 THEN 1 WHEN 3 THEN 2 WHEN 0 THEN 3 WHEN 4 THEN 4 WHEN 5 THEN 5 ELSE 6 END, (Tmax - Tmin) DESC, LENGTH(TRIM(Formula)) ASC, CASE Phase WHEN 'g' THEN 0 WHEN 'l' THEN 1 WHEN 's' THEN 2 WHEN 'aq' THEN 3 ELSE 4 END, rowid ASC
        
  LIMIT ?
        
2025-10-16 13:46:25 - INFO - INFO: Параметры: [573.0, 873.0, 100]
2025-10-16 13:46:25 - INFO - INFO: Найдено записей: 100
2025-10-16 13:46:25 - INFO - INFO: Время выполнения: 81.5 мс
2025-10-16 13:46:25 - INFO - INFO: ═══════════════════════════════════════════════════════════════
2025-10-16 13:46:25 - INFO - INFO: ═══════════════════════════════════════════════════════════════
2025-10-16 13:46:25 - INFO - INFO: СТАДИЯ 1: Reaction Validation Stage | Вещество: H2O
2025-10-16 13:46:25 - INFO - INFO: ───────────────────────────────────────────────────────────────
2025-10-16 13:46:25 - INFO - INFO: Записей до фильтрации: 100
2025-10-16 13:46:25 - INFO - INFO: Записей после фильтрации: 1
2025-10-16 13:46:25 - INFO - INFO: Процент отсева: 1.0%
2025-10-16 13:46:25 - INFO - INFO: Время выполнения: 1.6 мс
2025-10-16 13:46:25 - INFO - INFO: Дополнительная статистика:
2025-10-16 13:46:25 - INFO - INFO:   validation_applied: True
2025-10-16 13:46:25 - INFO - INFO:   records_after_validation: 1
2025-10-16 13:46:25 - INFO - INFO:   records_after_threshold: 1
2025-10-16 13:46:25 - INFO - INFO:   confidence_threshold: 0.5
2025-10-16 13:46:25 - INFO - INFO:   name_validation_enabled: True
2025-10-16 13:46:25 - INFO - INFO:   best_confidence: 0.7
2025-10-16 13:46:25 - INFO - INFO:   performance:
2025-10-16 13:46:25 - INFO - INFO:     memory_before_mb: 95.54296875
2025-10-16 13:46:25 - INFO - INFO:     memory_after_mb: 95.546875
2025-10-16 13:46:25 - INFO - INFO:     memory_delta_mb: 0.00390625
2025-10-16 13:46:25 - INFO - INFO:     cpu_before_percent: 100.2
2025-10-16 13:46:25 - INFO - INFO:     cpu_after_percent: 0.0
2025-10-16 13:46:25 - INFO - INFO:     data_volume_before_mb: 0.0213623046875
2025-10-16 13:46:25 - INFO - INFO:     data_volume_after_mb: 0.000213623046875
2025-10-16 13:46:25 - INFO - INFO:     data_volume_reduction_mb: 0.021148681640625
2025-10-16 13:46:25 - INFO - INFO:     records_per_ms: 63.927815881725344
2025-10-16 13:46:25 - INFO - INFO: 
2025-10-16 13:46:25 - INFO - INFO: Таблица данных (1 записей):
2025-10-16 13:46:25 - INFO - INFO: +-----------+---------------------+---------+------------------+
| Formula   | FirstName           | Phase   | Tmin-Tmax (K)    |
+===========+=====================+=========+==================+
| H2O(+g)   | Hydrogen oxide +ion | g       | 298.15 - 5600.00 |
+-----------+---------------------+---------+------------------+
2025-10-16 13:46:25 - INFO - INFO: ═══════════════════════════════════════════════════════════════
2025-10-16 13:46:25 - INFO - INFO: СТАДИЯ 2: Комплексный поиск формул | Вещество: H2O
2025-10-16 13:46:25 - INFO - INFO: ───────────────────────────────────────────────────────────────
2025-10-16 13:46:25 - INFO - INFO: Записей до фильтрации: 1
2025-10-16 13:46:25 - INFO - INFO: Записей после фильтрации: 1
2025-10-16 13:46:25 - INFO - INFO: Процент отсева: 0.0%
2025-10-16 13:46:25 - INFO - INFO: Время выполнения: 0.0 мс
2025-10-16 13:46:25 - INFO - INFO: Дополнительная статистика:
2025-10-16 13:46:25 - INFO - INFO:   total_records_before: 1
2025-10-16 13:46:25 - INFO - INFO:   total_records_after: 1
2025-10-16 13:46:25 - INFO - INFO:   search_statistics:
2025-10-16 13:46:25 - INFO - INFO:     exact_matches: 1
2025-10-16 13:46:25 - INFO - INFO:     phase_matches: 0
2025-10-16 13:46:25 - INFO - INFO:     prefix_matches: 0
2025-10-16 13:46:25 - INFO - INFO:     contains_matches: 0
2025-10-16 13:46:25 - INFO - INFO:   performance:
2025-10-16 13:46:25 - INFO - INFO:     memory_before_mb: 95.546875
2025-10-16 13:46:25 - INFO - INFO:     memory_after_mb: 95.546875
2025-10-16 13:46:25 - INFO - INFO:     memory_delta_mb: 0.0
2025-10-16 13:46:25 - INFO - INFO:     cpu_before_percent: 0.0
2025-10-16 13:46:25 - INFO - INFO:     cpu_after_percent: 0.0
2025-10-16 13:46:25 - INFO - INFO:     data_volume_before_mb: 0.000213623046875
2025-10-16 13:46:25 - INFO - INFO:     data_volume_after_mb: 0.000213623046875
2025-10-16 13:46:25 - INFO - INFO:     data_volume_reduction_mb: 0.0
2025-10-16 13:46:25 - INFO - INFO:     records_per_ms: 0
2025-10-16 13:46:25 - INFO - INFO: 
2025-10-16 13:46:25 - INFO - INFO: Таблица данных (1 записей):
2025-10-16 13:46:25 - INFO - INFO: +-----------+---------------------+---------+------------------+
| Formula   | FirstName           | Phase   | Tmin-Tmax (K)    |
+===========+=====================+=========+==================+
| H2O(+g)   | Hydrogen oxide +ion | g       | 298.15 - 5600.00 |
+-----------+---------------------+---------+------------------+
2025-10-16 13:46:25 - INFO - INFO: ═══════════════════════════════════════════════════════════════
2025-10-16 13:46:25 - INFO - INFO: СТАДИЯ 3: Температурная фильтрация | Вещество: H2O
2025-10-16 13:46:25 - INFO - INFO: ───────────────────────────────────────────────────────────────
2025-10-16 13:46:25 - INFO - INFO: Записей до фильтрации: 1
2025-10-16 13:46:25 - INFO - INFO: Записей после фильтрации: 1
2025-10-16 13:46:25 - INFO - INFO: Процент отсева: 0.0%
2025-10-16 13:46:25 - INFO - INFO: Время выполнения: 0.0 мс
2025-10-16 13:46:25 - INFO - INFO: Температурный диапазон: 573.0 - 873.0 K
2025-10-16 13:46:25 - INFO - INFO: Записей в диапазоне: 1
2025-10-16 13:46:25 - INFO - INFO: Записей вне диапазона: 0
2025-10-16 13:46:25 - INFO - INFO: Дополнительная статистика:
2025-10-16 13:46:25 - INFO - INFO:   records_in_range: 1
2025-10-16 13:46:25 - INFO - INFO:   records_out_of_range: 0
2025-10-16 13:46:25 - INFO - INFO:   coverage_percentage: 100.0
2025-10-16 13:46:25 - INFO - INFO:   performance:
2025-10-16 13:46:25 - INFO - INFO:     memory_before_mb: 95.546875
2025-10-16 13:46:25 - INFO - INFO:     memory_after_mb: 95.546875
2025-10-16 13:46:25 - INFO - INFO:     memory_delta_mb: 0.0
2025-10-16 13:46:25 - INFO - INFO:     cpu_before_percent: 0.0
2025-10-16 13:46:25 - INFO - INFO:     cpu_after_percent: 0.0
2025-10-16 13:46:25 - INFO - INFO:     data_volume_before_mb: 0.000213623046875
2025-10-16 13:46:25 - INFO - INFO:     data_volume_after_mb: 0.000213623046875
2025-10-16 13:46:25 - INFO - INFO:     data_volume_reduction_mb: 0.0
2025-10-16 13:46:25 - INFO - INFO:     records_per_ms: 0
2025-10-16 13:46:25 - INFO - INFO: 
2025-10-16 13:46:25 - INFO - INFO: Таблица данных (1 записей):
2025-10-16 13:46:25 - INFO - INFO: +-----------+---------------------+---------+------------------+
| Formula   | FirstName           | Phase   | Tmin-Tmax (K)    |
+===========+=====================+=========+==================+
| H2O(+g)   | Hydrogen oxide +ion | g       | 298.15 - 5600.00 |
+-----------+---------------------+---------+------------------+
2025-10-16 13:46:25 - INFO - INFO: ═══════════════════════════════════════════════════════════════
2025-10-16 13:46:25 - INFO - INFO: СТАДИЯ 4: Фазовая фильтрация | Вещество: H2O
2025-10-16 13:46:25 - INFO - INFO: ───────────────────────────────────────────────────────────────
2025-10-16 13:46:25 - INFO - INFO: Записей до фильтрации: 1
2025-10-16 13:46:25 - INFO - INFO: Записей после фильтрации: 1
2025-10-16 13:46:25 - INFO - INFO: Процент отсева: 0.0%
2025-10-16 13:46:25 - INFO - INFO: Время выполнения: 0.0 мс
2025-10-16 13:46:25 - INFO - INFO: Дополнительная статистика:
2025-10-16 13:46:25 - INFO - INFO:   phase_matches: 1
2025-10-16 13:46:25 - INFO - INFO:   phase_mismatches: 0
2025-10-16 13:46:25 - INFO - INFO:   phase_analysis:
2025-10-16 13:46:25 - INFO - INFO:     correct: 1
2025-10-16 13:46:25 - INFO - INFO:     unknown: 0
2025-10-16 13:46:25 - INFO - INFO:     incorrect: 0
2025-10-16 13:46:25 - INFO - INFO:   mid_temperature: 723.0
2025-10-16 13:46:25 - INFO - INFO:   average_score: 1.0
2025-10-16 13:46:25 - INFO - INFO:   performance:
2025-10-16 13:46:25 - INFO - INFO:     memory_before_mb: 95.546875
2025-10-16 13:46:25 - INFO - INFO:     memory_after_mb: 95.546875
2025-10-16 13:46:25 - INFO - INFO:     memory_delta_mb: 0.0
2025-10-16 13:46:25 - INFO - INFO:     cpu_before_percent: 0.0
2025-10-16 13:46:25 - INFO - INFO:     cpu_after_percent: 0.0
2025-10-16 13:46:25 - INFO - INFO:     data_volume_before_mb: 0.000213623046875
2025-10-16 13:46:25 - INFO - INFO:     data_volume_after_mb: 0.000213623046875
2025-10-16 13:46:25 - INFO - INFO:     data_volume_reduction_mb: 0.0
2025-10-16 13:46:25 - INFO - INFO:     records_per_ms: 0
2025-10-16 13:46:25 - INFO - INFO: 
2025-10-16 13:46:25 - INFO - INFO: Таблица данных (1 записей):
2025-10-16 13:46:25 - INFO - INFO: +-----------+---------------------+---------+------------------+
| Formula   | FirstName           | Phase   | Tmin-Tmax (K)    |
+===========+=====================+=========+==================+
| H2O(+g)   | Hydrogen oxide +ion | g       | 298.15 - 5600.00 |
+-----------+---------------------+---------+------------------+
2025-10-16 13:46:25 - INFO - INFO: ═══════════════════════════════════════════════════════════════
2025-10-16 13:46:25 - INFO - INFO: СТАДИЯ 5: Приоритизация по надёжности | Вещество: H2O
2025-10-16 13:46:25 - INFO - INFO: ───────────────────────────────────────────────────────────────
2025-10-16 13:46:25 - INFO - INFO: Записей до фильтрации: 1
2025-10-16 13:46:25 - INFO - INFO: Записей после фильтрации: 1
2025-10-16 13:46:25 - INFO - INFO: Процент отсева: 0.0%
2025-10-16 13:46:25 - INFO - INFO: Время выполнения: 0.5 мс
2025-10-16 13:46:25 - INFO - INFO: Дополнительная статистика:
2025-10-16 13:46:25 - INFO - INFO:   total_candidates: 1
2025-10-16 13:46:25 - INFO - INFO:   selected: 1
2025-10-16 13:46:25 - INFO - INFO:   max_records: 1
2025-10-16 13:46:25 - INFO - INFO:   reliability_distribution:
2025-10-16 13:46:25 - INFO - INFO:     1: 1
2025-10-16 13:46:25 - INFO - INFO:   average_completeness: 1.0
2025-10-16 13:46:25 - INFO - INFO:   average_score: 1020.0
2025-10-16 13:46:25 - INFO - INFO:   performance:
2025-10-16 13:46:25 - INFO - INFO:     memory_before_mb: 95.546875
2025-10-16 13:46:25 - INFO - INFO:     memory_after_mb: 95.546875
2025-10-16 13:46:25 - INFO - INFO:     memory_delta_mb: 0.0
2025-10-16 13:46:25 - INFO - INFO:     cpu_before_percent: 0.0
2025-10-16 13:46:25 - INFO - INFO:     cpu_after_percent: 0.0
2025-10-16 13:46:25 - INFO - INFO:     data_volume_before_mb: 0.000213623046875
2025-10-16 13:46:25 - INFO - INFO:     data_volume_after_mb: 0.000213623046875
2025-10-16 13:46:25 - INFO - INFO:     data_volume_reduction_mb: 0.0
2025-10-16 13:46:25 - INFO - INFO:     records_per_ms: 1.8953023045639403
2025-10-16 13:46:25 - INFO - INFO: 
2025-10-16 13:46:25 - INFO - INFO: Таблица данных (1 записей):
2025-10-16 13:46:25 - INFO - INFO: +-----------+---------------------+---------+------------------+
| Formula   | FirstName           | Phase   | Tmin-Tmax (K)    |
+===========+=====================+=========+==================+
| H2O(+g)   | Hydrogen oxide +ion | g       | 298.15 - 5600.00 |
+-----------+---------------------+---------+------------------+
2025-10-16 13:46:25 - INFO - INFO: ═══════════════════════════════════════════════════════════════
2025-10-16 13:46:25 - INFO - INFO: СТАДИЯ 6: Проверка температурного покрытия | Вещество: H2O
2025-10-16 13:46:25 - INFO - INFO: ───────────────────────────────────────────────────────────────
2025-10-16 13:46:25 - INFO - INFO: Записей до фильтрации: 1
2025-10-16 13:46:25 - INFO - INFO: Записей после фильтрации: 1
2025-10-16 13:46:25 - INFO - INFO: Процент отсева: 0.0%
2025-10-16 13:46:25 - INFO - INFO: Время выполнения: 0.9 мс
2025-10-16 13:46:25 - INFO - INFO: Температурный диапазон: 573.0 - 873.0 K
2025-10-16 13:46:25 - INFO - INFO: Записей в диапазоне: 0
2025-10-16 13:46:25 - INFO - INFO: Записей вне диапазона: 0
2025-10-16 13:46:25 - INFO - INFO: Дополнительная статистика:
2025-10-16 13:46:25 - INFO - INFO:   coverage_percentage: 100.0
2025-10-16 13:46:25 - INFO - INFO:   records_with_coverage: 1
2025-10-16 13:46:25 - INFO - INFO:   performance:
2025-10-16 13:46:25 - INFO - INFO:     memory_before_mb: 95.546875
2025-10-16 13:46:25 - INFO - INFO:     memory_after_mb: 95.546875
2025-10-16 13:46:25 - INFO - INFO:     memory_delta_mb: 0.0
2025-10-16 13:46:25 - INFO - INFO:     cpu_before_percent: 0.0
2025-10-16 13:46:25 - INFO - INFO:     cpu_after_percent: 0.0
2025-10-16 13:46:25 - INFO - INFO:     data_volume_before_mb: 0.000213623046875
2025-10-16 13:46:25 - INFO - INFO:     data_volume_after_mb: 0.000213623046875
2025-10-16 13:46:25 - INFO - INFO:     data_volume_reduction_mb: 0.0
2025-10-16 13:46:25 - INFO - INFO:     records_per_ms: 1.1478664477285168
2025-10-16 13:46:25 - INFO - INFO: 
2025-10-16 13:46:25 - INFO - INFO: Таблица данных (1 записей):
2025-10-16 13:46:25 - INFO - INFO: +-----------+---------------------+---------+------------------+
| Formula   | FirstName           | Phase   | Tmin-Tmax (K)    |
+===========+=====================+=========+==================+
| H2O(+g)   | Hydrogen oxide +ion | g       | 298.15 - 5600.00 |
+-----------+---------------------+---------+------------------+
2025-10-16 13:46:25 - INFO - INFO: Начало поиска для NH3
2025-10-16 13:46:25 - INFO - INFO: 
2025-10-16 13:46:25 - INFO - INFO: ═══════════════════════════════════════════════════════════════
2025-10-16 13:46:25 - INFO - INFO: ПОИСК: NH3
2025-10-16 13:46:25 - INFO - INFO: ───────────────────────────────────────────────────────────────
2025-10-16 13:46:25 - INFO - INFO: SQL запрос:
2025-10-16 13:46:25 - INFO - INFO: 
          SELECT * 
  FROM compounds
        
  WHERE (TRIM(Formula) = 'NH3' OR Formula LIKE 'NH3(%' OR Formula LIKE 'NH3%' OR Formula LIKE '%NH3%') AND (? >= Tmin AND ? <= Tmax)
        
  ORDER BY CASE ReliabilityClass WHEN 1 THEN 0 WHEN 2 THEN 1 WHEN 3 THEN 2 WHEN 0 THEN 3 WHEN 4 THEN 4 WHEN 5 THEN 5 ELSE 6 END, (Tmax - Tmin) DESC, LENGTH(TRIM(Formula)) ASC, CASE Phase WHEN 'g' THEN 0 WHEN 'l' THEN 1 WHEN 's' THEN 2 WHEN 'aq' THEN 3 ELSE 4 END, rowid ASC
        
  LIMIT ?
        
2025-10-16 13:46:25 - INFO - INFO: Параметры: [573.0, 873.0, 100]
2025-10-16 13:46:25 - INFO - INFO: Найдено записей: 12
2025-10-16 13:46:25 - INFO - INFO: Время выполнения: 76.3 мс
2025-10-16 13:46:25 - INFO - INFO: ═══════════════════════════════════════════════════════════════
2025-10-16 13:46:25 - INFO - INFO: ═══════════════════════════════════════════════════════════════
2025-10-16 13:46:25 - INFO - INFO: СТАДИЯ 1: Reaction Validation Stage | Вещество: NH3
2025-10-16 13:46:25 - INFO - INFO: ───────────────────────────────────────────────────────────────
2025-10-16 13:46:25 - INFO - INFO: Записей до фильтрации: 12
2025-10-16 13:46:25 - INFO - INFO: Записей после фильтрации: 1
2025-10-16 13:46:25 - INFO - INFO: Процент отсева: 0.9%
2025-10-16 13:46:25 - INFO - INFO: Время выполнения: 0.5 мс
2025-10-16 13:46:25 - INFO - INFO: Дополнительная статистика:
2025-10-16 13:46:25 - INFO - INFO:   validation_applied: True
2025-10-16 13:46:25 - INFO - INFO:   records_after_validation: 1
2025-10-16 13:46:25 - INFO - INFO:   records_after_threshold: 1
2025-10-16 13:46:25 - INFO - INFO:   confidence_threshold: 0.5
2025-10-16 13:46:25 - INFO - INFO:   name_validation_enabled: True
2025-10-16 13:46:25 - INFO - INFO:   best_confidence: 1.0
2025-10-16 13:46:25 - INFO - INFO:   performance:
2025-10-16 13:46:25 - INFO - INFO:     memory_before_mb: 95.546875
2025-10-16 13:46:25 - INFO - INFO:     memory_after_mb: 95.546875
2025-10-16 13:46:25 - INFO - INFO:     memory_delta_mb: 0.0
2025-10-16 13:46:25 - INFO - INFO:     cpu_before_percent: 100.2
2025-10-16 13:46:25 - INFO - INFO:     cpu_after_percent: 0.0
2025-10-16 13:46:25 - INFO - INFO:     data_volume_before_mb: 0.0025634765625
2025-10-16 13:46:25 - INFO - INFO:     data_volume_after_mb: 0.000213623046875
2025-10-16 13:46:25 - INFO - INFO:     data_volume_reduction_mb: 0.002349853515625
2025-10-16 13:46:25 - INFO - INFO:     records_per_ms: 23.85386161137441
2025-10-16 13:46:25 - INFO - INFO: 
2025-10-16 13:46:25 - INFO - INFO: Таблица данных (1 записей):
2025-10-16 13:46:25 - INFO - INFO: +-----------+-------------+---------+------------------+
| Formula   | FirstName   | Phase   | Tmin-Tmax (K)    |
+===========+=============+=========+==================+
| NH3(g)    | Ammonia     | g       | 100.00 - 1000.00 |
+-----------+-------------+---------+------------------+
2025-10-16 13:46:25 - INFO - INFO: ═══════════════════════════════════════════════════════════════
2025-10-16 13:46:25 - INFO - INFO: СТАДИЯ 2: Комплексный поиск формул | Вещество: NH3
2025-10-16 13:46:25 - INFO - INFO: ───────────────────────────────────────────────────────────────
2025-10-16 13:46:25 - INFO - INFO: Записей до фильтрации: 1
2025-10-16 13:46:25 - INFO - INFO: Записей после фильтрации: 1
2025-10-16 13:46:25 - INFO - INFO: Процент отсева: 0.0%
2025-10-16 13:46:25 - INFO - INFO: Время выполнения: 0.0 мс
2025-10-16 13:46:25 - INFO - INFO: Дополнительная статистика:
2025-10-16 13:46:25 - INFO - INFO:   total_records_before: 1
2025-10-16 13:46:25 - INFO - INFO:   total_records_after: 1
2025-10-16 13:46:25 - INFO - INFO:   search_statistics:
2025-10-16 13:46:25 - INFO - INFO:     exact_matches: 1
2025-10-16 13:46:25 - INFO - INFO:     phase_matches: 0
2025-10-16 13:46:25 - INFO - INFO:     prefix_matches: 0
2025-10-16 13:46:25 - INFO - INFO:     contains_matches: 0
2025-10-16 13:46:25 - INFO - INFO:   performance:
2025-10-16 13:46:25 - INFO - INFO:     memory_before_mb: 95.546875
2025-10-16 13:46:25 - INFO - INFO:     memory_after_mb: 95.546875
2025-10-16 13:46:25 - INFO - INFO:     memory_delta_mb: 0.0
2025-10-16 13:46:25 - INFO - INFO:     cpu_before_percent: 0.0
2025-10-16 13:46:25 - INFO - INFO:     cpu_after_percent: 0.0
2025-10-16 13:46:25 - INFO - INFO:     data_volume_before_mb: 0.000213623046875
2025-10-16 13:46:25 - INFO - INFO:     data_volume_after_mb: 0.000213623046875
2025-10-16 13:46:25 - INFO - INFO:     data_volume_reduction_mb: 0.0
2025-10-16 13:46:25 - INFO - INFO:     records_per_ms: 0
2025-10-16 13:46:25 - INFO - INFO: 
2025-10-16 13:46:25 - INFO - INFO: Таблица данных (1 записей):
2025-10-16 13:46:25 - INFO - INFO: +-----------+-------------+---------+------------------+
| Formula   | FirstName   | Phase   | Tmin-Tmax (K)    |
+===========+=============+=========+==================+
| NH3(g)    | Ammonia     | g       | 100.00 - 1000.00 |
+-----------+-------------+---------+------------------+
2025-10-16 13:46:25 - INFO - INFO: ═══════════════════════════════════════════════════════════════
2025-10-16 13:46:25 - INFO - INFO: СТАДИЯ 3: Температурная фильтрация | Вещество: NH3
2025-10-16 13:46:25 - INFO - INFO: ───────────────────────────────────────────────────────────────
2025-10-16 13:46:25 - INFO - INFO: Записей до фильтрации: 1
2025-10-16 13:46:25 - INFO - INFO: Записей после фильтрации: 1
2025-10-16 13:46:25 - INFO - INFO: Процент отсева: 0.0%
2025-10-16 13:46:25 - INFO - INFO: Время выполнения: 0.0 мс
2025-10-16 13:46:25 - INFO - INFO: Температурный диапазон: 573.0 - 873.0 K
2025-10-16 13:46:25 - INFO - INFO: Записей в диапазоне: 1
2025-10-16 13:46:25 - INFO - INFO: Записей вне диапазона: 0
2025-10-16 13:46:25 - INFO - INFO: Дополнительная статистика:
2025-10-16 13:46:25 - INFO - INFO:   records_in_range: 1
2025-10-16 13:46:25 - INFO - INFO:   records_out_of_range: 0
2025-10-16 13:46:25 - INFO - INFO:   coverage_percentage: 100.0
2025-10-16 13:46:25 - INFO - INFO:   performance:
2025-10-16 13:46:25 - INFO - INFO:     memory_before_mb: 95.546875
2025-10-16 13:46:25 - INFO - INFO:     memory_after_mb: 95.546875
2025-10-16 13:46:25 - INFO - INFO:     memory_delta_mb: 0.0
2025-10-16 13:46:25 - INFO - INFO:     cpu_before_percent: 0.0
2025-10-16 13:46:25 - INFO - INFO:     cpu_after_percent: 0.0
2025-10-16 13:46:25 - INFO - INFO:     data_volume_before_mb: 0.000213623046875
2025-10-16 13:46:25 - INFO - INFO:     data_volume_after_mb: 0.000213623046875
2025-10-16 13:46:25 - INFO - INFO:     data_volume_reduction_mb: 0.0
2025-10-16 13:46:25 - INFO - INFO:     records_per_ms: 0
2025-10-16 13:46:25 - INFO - INFO: 
2025-10-16 13:46:25 - INFO - INFO: Таблица данных (1 записей):
2025-10-16 13:46:25 - INFO - INFO: +-----------+-------------+---------+------------------+
| Formula   | FirstName   | Phase   | Tmin-Tmax (K)    |
+===========+=============+=========+==================+
| NH3(g)    | Ammonia     | g       | 100.00 - 1000.00 |
+-----------+-------------+---------+------------------+
2025-10-16 13:46:25 - INFO - INFO: ═══════════════════════════════════════════════════════════════
2025-10-16 13:46:25 - INFO - INFO: СТАДИЯ 4: Фазовая фильтрация | Вещество: NH3
2025-10-16 13:46:25 - INFO - INFO: ───────────────────────────────────────────────────────────────
2025-10-16 13:46:25 - INFO - INFO: Записей до фильтрации: 1
2025-10-16 13:46:25 - INFO - INFO: Записей после фильтрации: 1
2025-10-16 13:46:25 - INFO - INFO: Процент отсева: 0.0%
2025-10-16 13:46:25 - INFO - INFO: Время выполнения: 0.0 мс
2025-10-16 13:46:25 - INFO - INFO: Дополнительная статистика:
2025-10-16 13:46:25 - INFO - INFO:   phase_matches: 1
2025-10-16 13:46:25 - INFO - INFO:   phase_mismatches: 0
2025-10-16 13:46:25 - INFO - INFO:   phase_analysis:
2025-10-16 13:46:25 - INFO - INFO:     correct: 1
2025-10-16 13:46:25 - INFO - INFO:     unknown: 0
2025-10-16 13:46:25 - INFO - INFO:     incorrect: 0
2025-10-16 13:46:25 - INFO - INFO:   mid_temperature: 723.0
2025-10-16 13:46:25 - INFO - INFO:   average_score: 1.0
2025-10-16 13:46:25 - INFO - INFO:   performance:
2025-10-16 13:46:25 - INFO - INFO:     memory_before_mb: 95.546875
2025-10-16 13:46:25 - INFO - INFO:     memory_after_mb: 95.546875
2025-10-16 13:46:25 - INFO - INFO:     memory_delta_mb: 0.0
2025-10-16 13:46:25 - INFO - INFO:     cpu_before_percent: 0.0
2025-10-16 13:46:25 - INFO - INFO:     cpu_after_percent: 0.0
2025-10-16 13:46:25 - INFO - INFO:     data_volume_before_mb: 0.000213623046875
2025-10-16 13:46:25 - INFO - INFO:     data_volume_after_mb: 0.000213623046875
2025-10-16 13:46:25 - INFO - INFO:     data_volume_reduction_mb: 0.0
2025-10-16 13:46:25 - INFO - INFO:     records_per_ms: 0
2025-10-16 13:46:25 - INFO - INFO: 
2025-10-16 13:46:25 - INFO - INFO: Таблица данных (1 записей):
2025-10-16 13:46:25 - INFO - INFO: +-----------+-------------+---------+------------------+
| Formula   | FirstName   | Phase   | Tmin-Tmax (K)    |
+===========+=============+=========+==================+
| NH3(g)    | Ammonia     | g       | 100.00 - 1000.00 |
+-----------+-------------+---------+------------------+
2025-10-16 13:46:25 - INFO - INFO: ═══════════════════════════════════════════════════════════════
2025-10-16 13:46:25 - INFO - INFO: СТАДИЯ 5: Приоритизация по надёжности | Вещество: NH3
2025-10-16 13:46:25 - INFO - INFO: ───────────────────────────────────────────────────────────────
2025-10-16 13:46:25 - INFO - INFO: Записей до фильтрации: 1
2025-10-16 13:46:25 - INFO - INFO: Записей после фильтрации: 1
2025-10-16 13:46:25 - INFO - INFO: Процент отсева: 0.0%
2025-10-16 13:46:25 - INFO - INFO: Время выполнения: 0.0 мс
2025-10-16 13:46:25 - INFO - INFO: Дополнительная статистика:
2025-10-16 13:46:25 - INFO - INFO:   total_candidates: 1
2025-10-16 13:46:25 - INFO - INFO:   selected: 1
2025-10-16 13:46:25 - INFO - INFO:   max_records: 1
2025-10-16 13:46:25 - INFO - INFO:   reliability_distribution:
2025-10-16 13:46:25 - INFO - INFO:     1: 1
2025-10-16 13:46:25 - INFO - INFO:   average_completeness: 1.0
2025-10-16 13:46:25 - INFO - INFO:   average_score: 1019.0
2025-10-16 13:46:25 - INFO - INFO:   performance:
2025-10-16 13:46:25 - INFO - INFO:     memory_before_mb: 95.546875
2025-10-16 13:46:25 - INFO - INFO:     memory_after_mb: 95.546875
2025-10-16 13:46:25 - INFO - INFO:     memory_delta_mb: 0.0
2025-10-16 13:46:25 - INFO - INFO:     cpu_before_percent: 0.0
2025-10-16 13:46:25 - INFO - INFO:     cpu_after_percent: 0.0
2025-10-16 13:46:25 - INFO - INFO:     data_volume_before_mb: 0.000213623046875
2025-10-16 13:46:25 - INFO - INFO:     data_volume_after_mb: 0.000213623046875
2025-10-16 13:46:25 - INFO - INFO:     data_volume_reduction_mb: 0.0
2025-10-16 13:46:25 - INFO - INFO:     records_per_ms: 0
2025-10-16 13:46:25 - INFO - INFO: 
2025-10-16 13:46:25 - INFO - INFO: Таблица данных (1 записей):
2025-10-16 13:46:25 - INFO - INFO: +-----------+-------------+---------+------------------+
| Formula   | FirstName   | Phase   | Tmin-Tmax (K)    |
+===========+=============+=========+==================+
| NH3(g)    | Ammonia     | g       | 100.00 - 1000.00 |
+-----------+-------------+---------+------------------+
2025-10-16 13:46:25 - INFO - INFO: ═══════════════════════════════════════════════════════════════
2025-10-16 13:46:25 - INFO - INFO: СТАДИЯ 6: Проверка температурного покрытия | Вещество: NH3
2025-10-16 13:46:25 - INFO - INFO: ───────────────────────────────────────────────────────────────
2025-10-16 13:46:25 - INFO - INFO: Записей до фильтрации: 1
2025-10-16 13:46:25 - INFO - INFO: Записей после фильтрации: 1
2025-10-16 13:46:25 - INFO - INFO: Процент отсева: 0.0%
2025-10-16 13:46:25 - INFO - INFO: Время выполнения: 0.0 мс
2025-10-16 13:46:25 - INFO - INFO: Температурный диапазон: 573.0 - 873.0 K
2025-10-16 13:46:25 - INFO - INFO: Записей в диапазоне: 0
2025-10-16 13:46:25 - INFO - INFO: Записей вне диапазона: 0
2025-10-16 13:46:25 - INFO - INFO: Дополнительная статистика:
2025-10-16 13:46:25 - INFO - INFO:   coverage_percentage: 100.0
2025-10-16 13:46:25 - INFO - INFO:   records_with_coverage: 1
2025-10-16 13:46:25 - INFO - INFO:   performance:
2025-10-16 13:46:25 - INFO - INFO:     memory_before_mb: 95.546875
2025-10-16 13:46:25 - INFO - INFO:     memory_after_mb: 95.546875
2025-10-16 13:46:25 - INFO - INFO:     memory_delta_mb: 0.0
2025-10-16 13:46:25 - INFO - INFO:     cpu_before_percent: 0.0
2025-10-16 13:46:25 - INFO - INFO:     cpu_after_percent: 0.0
2025-10-16 13:46:25 - INFO - INFO:     data_volume_before_mb: 0.000213623046875
2025-10-16 13:46:25 - INFO - INFO:     data_volume_after_mb: 0.000213623046875
2025-10-16 13:46:25 - INFO - INFO:     data_volume_reduction_mb: 0.0
2025-10-16 13:46:25 - INFO - INFO:     records_per_ms: 0
2025-10-16 13:46:25 - INFO - INFO: 
2025-10-16 13:46:25 - INFO - INFO: Таблица данных (1 записей):
2025-10-16 13:46:25 - INFO - INFO: +-----------+-------------+---------+------------------+
| Formula   | FirstName   | Phase   | Tmin-Tmax (K)    |
+===========+=============+=========+==================+
| NH3(g)    | Ammonia     | g       | 100.00 - 1000.00 |
+-----------+-------------+---------+------------------+
2025-10-16 13:46:25 - INFO - INFO: 
2025-10-16 13:46:25 - INFO - INFO: ================================================================================
2025-10-16 13:46:25 - INFO - INFO: СВОДНЫЕ РЕЗУЛЬТАТЫ СЕССИИ:
2025-10-16 13:46:25 - INFO - INFO: ================================================================================
2025-10-16 13:46:25 - INFO - INFO: ✅ Термодинамические данные для реакции:
2025-10-16 13:46:25 - INFO - INFO:    CeO2 + 2NH4Cl → CeCl3 + 2H2O + 2NH3
2025-10-16 13:46:25 - INFO - INFO: 📊 Найденные данные:
2025-10-16 13:46:25 - INFO - INFO: +-----------+----------------------+--------+------------------+-------------------+--------------------+------------------------------+----------------------+
2025-10-16 13:46:25 - INFO - INFO: | Формула   | Название             | Фаза   | T_диапазон (K)   |   H298 (кДж/моль) |   S298 (Дж/моль·K) | Cp_коэффициенты (f1-f6)      |   Надёжность (класс) |
2025-10-16 13:46:25 - INFO - INFO: +===========+======================+========+==================+===================+====================+==============================+======================+
2025-10-16 13:46:25 - INFO - INFO: | CeO2      | Cerium(IV) oxide     | s      | 298-2753         |           -1090.4 |               62.3 | 70.496, 9.484, -10.396, ...  |                    1 |
2025-10-16 13:46:25 - INFO - INFO: +-----------+----------------------+--------+------------------+-------------------+--------------------+------------------------------+----------------------+
2025-10-16 13:46:25 - INFO - INFO: | NH4ClO4   | Ammonium perchlorate | s      | 513-1000         |               9.6 |               18.8 | 76.170, 202.283, -0.065, ... |                    1 |
2025-10-16 13:46:25 - INFO - INFO: +-----------+----------------------+--------+------------------+-------------------+--------------------+------------------------------+----------------------+
2025-10-16 13:46:25 - INFO - INFO: | CeCl3     | Cerium(III) chloride | g      | 298-2000         |            -723   |              370.7 | 77.345, 14.309, -2.531, ...  |                    1 |
2025-10-16 13:46:25 - INFO - INFO: +-----------+----------------------+--------+------------------+-------------------+--------------------+------------------------------+----------------------+
2025-10-16 13:46:25 - INFO - INFO: | H2O       | Hydrogen oxide +ion  | g      | 298-5600         |             981.6 |              195.3 | 30.263, 13.447, -0.711, ...  |                    1 |
2025-10-16 13:46:25 - INFO - INFO: +-----------+----------------------+--------+------------------+-------------------+--------------------+------------------------------+----------------------+
2025-10-16 13:46:25 - INFO - INFO: | NH3       | Ammonia              | g      | 100-1000         |             -45.9 |              192.8 | 24.904, 36.321, 0.487, ...   |                    1 |
2025-10-16 13:46:25 - INFO - INFO: +-----------+----------------------+--------+------------------+-------------------+--------------------+------------------------------+----------------------+
2025-10-16 13:46:25 - INFO - INFO: 📈 Детальная статистика фильтрации:
2025-10-16 13:46:25 - INFO - INFO: CeO2:
2025-10-16 13:46:25 - INFO - INFO:   ├─ Стадия 1 (Начальные данные): найдено 9 записей
2025-10-16 13:46:25 - INFO - INFO:   ├─ Стадия 2 (Reaction Validation Stage): осталось 1 записей
2025-10-16 13:46:25 - INFO - INFO:   ├─ Стадия 3 (Комплексный поиск формул): осталось 1 записей
2025-10-16 13:46:25 - INFO - INFO:   └─ Стадия 4 (Температурная фильтрация): выбрана 1 запись
2025-10-16 13:46:25 - INFO - INFO:   ✅ ВЕЩЕСТВО УСПЕШНО НАЙДЕНО
2025-10-16 13:46:25 - INFO - INFO: NH4Cl:
2025-10-16 13:46:25 - INFO - INFO:   ├─ Стадия 1 (Начальные данные): найдено 6 записей
2025-10-16 13:46:25 - INFO - INFO:   ├─ Стадия 2 (Reaction Validation Stage): осталось 1 записей
2025-10-16 13:46:25 - INFO - INFO:   ├─ Стадия 3 (Комплексный поиск формул): осталось 1 записей
2025-10-16 13:46:25 - INFO - INFO:   └─ Стадия 4 (Температурная фильтрация): выбрана 1 запись
2025-10-16 13:46:25 - INFO - INFO:   ✅ ВЕЩЕСТВО УСПЕШНО НАЙДЕНО
2025-10-16 13:46:25 - INFO - INFO: CeCl3:
2025-10-16 13:46:25 - INFO - INFO:   ├─ Стадия 1 (Начальные данные): найдено 16 записей
2025-10-16 13:46:25 - INFO - INFO:   ├─ Стадия 2 (Reaction Validation Stage): осталось 1 записей
2025-10-16 13:46:25 - INFO - INFO:   ├─ Стадия 3 (Комплексный поиск формул): осталось 1 записей
2025-10-16 13:46:25 - INFO - INFO:   └─ Стадия 4 (Температурная фильтрация): выбрана 1 запись
2025-10-16 13:46:25 - INFO - INFO:   ✅ ВЕЩЕСТВО УСПЕШНО НАЙДЕНО
2025-10-16 13:46:25 - INFO - INFO: H2O:
2025-10-16 13:46:25 - INFO - INFO:   ├─ Стадия 1 (Начальные данные): найдено 100 записей
2025-10-16 13:46:25 - INFO - INFO:   ├─ Стадия 2 (Reaction Validation Stage): осталось 1 записей
2025-10-16 13:46:25 - INFO - INFO:   ├─ Стадия 3 (Комплексный поиск формул): осталось 1 записей
2025-10-16 13:46:25 - INFO - INFO:   └─ Стадия 4 (Температурная фильтрация): выбрана 1 запись
2025-10-16 13:46:25 - INFO - INFO:   ✅ ВЕЩЕСТВО УСПЕШНО НАЙДЕНО
2025-10-16 13:46:25 - INFO - INFO: NH3:
2025-10-16 13:46:25 - INFO - INFO:   ├─ Стадия 1 (Начальные данные): найдено 12 записей
2025-10-16 13:46:25 - INFO - INFO:   ├─ Стадия 2 (Reaction Validation Stage): осталось 1 записей
2025-10-16 13:46:25 - INFO - INFO:   ├─ Стадия 3 (Комплексный поиск формул): осталось 1 записей
2025-10-16 13:46:25 - INFO - INFO:   └─ Стадия 4 (Температурная фильтрация): выбрана 1 запись
2025-10-16 13:46:25 - INFO - INFO:   ✅ ВЕЩЕСТВО УСПЕШНО НАЙДЕНО
2025-10-16 13:46:25 - INFO - INFO: ⚠️ Предупреждения:
2025-10-16 13:46:25 - INFO - INFO:    - Found 1 records missing standard thermodynamic data
2025-10-16 13:46:25 - INFO - INFO:    - Found 15 records missing standard thermodynamic data
2025-10-16 13:46:25 - INFO - INFO: ================================================================================
2025-10-16 13:46:25 - INFO - INFO: Общее время обработки: успешно завершено
2025-10-16 13:46:25 - INFO - INFO: SESSION ENDED
