2025-09-17 17:29:03 - INFO - Executed query, found 3 rows
2025-09-17 17:29:03 - INFO - QUERY RESULTS:
2025-09-17 17:29:03 - INFO -   SQL: SELECT * FROM compounds WHERE Formula IN ('H2O', 'NaCl')
2025-09-17 17:29:03 - INFO -   YAML Results:
row_0:
  BoilingPoint: 373.15
  FirstName: Water
  Formula: H2O
  MeltingPoint: 273.15
  Phase: l
  Tmax: 500.0
  Tmin: 200.0
row_1:
  BoilingPoint: 373.15
  FirstName: Water
  Formula: H2O
  MeltingPoint: 273.15
  Phase: g
  Tmax: 600.0
  Tmin: 300.0
row_2:
  BoilingPoint: 1686.0
  FirstName: Sodium chloride
  Formula: NaCl
  MeltingPoint: 1074.0
  Phase: s
  Tmax: 1200.0
  Tmin: 298.0
