2025-09-17 18:07:52 - INFO - INFO: === ТЕСТИРОВАНИЕ ЛОГИРОВАНИЯ ОТФИЛЬТРОВАННЫХ РЕЗУЛЬТАТОВ ===
2025-09-17 18:07:52 - INFO - INFO: Тестовая реакция: WC + Mg = W + MgC2 при 400°C
2025-09-17 18:07:52 - INFO - Executed query, found 6 rows
2025-09-17 18:07:52 - INFO - QUERY RESULTS:
2025-09-17 18:07:52 - INFO -   SQL: SELECT * FROM compounds WHERE Formula IN ('WC', 'Mg', 'W', 'MgC2')
2025-09-17 18:07:52 - INFO -   YAML Results:
row_0:
  BoilingPoint: 6273.0
  FirstName: Tungsten carbide
  Formula: WC
  MeltingPoint: 3058.0
  Phase: s
  Tmax: 3050.0
  Tmin: 298.15
row_1:
  BoilingPoint: 6273.0
  FirstName: Tungsten carbide
  Formula: WC
  MeltingPoint: 3058.0
  Phase: s
  Tmax: 2500.0
  Tmin: 298.15
row_2:
  BoilingPoint: 1361.0
  FirstName: Magnesium
  Formula: Mg
  MeltingPoint: 923.0
  Phase: l
  Tmax: 6000.0
  Tmin: 923.0
row_3:
  BoilingPoint: 1361.0
  FirstName: Magnesium
  Formula: Mg
  MeltingPoint: 923.0
  Phase: s
  Tmax: 923.0
  Tmin: 298.15
row_4:
  BoilingPoint: 5828.0
  FirstName: Tungsten
  Formula: W
  MeltingPoint: 3695.0
  Phase: s
  Tmax: 3000.0
  Tmin: 298.15
row_5:
  BoilingPoint: 0.0
  FirstName: Magnesium carbide
  Formula: MgC2
  MeltingPoint: 0.0
  Phase: s
  Tmax: 2000.0
  Tmin: 298.15
2025-09-17 18:07:52 - INFO - FILTERED RESULTS:
2025-09-17 18:07:52 - INFO -   Total original records: 6
2025-09-17 18:07:52 - INFO -   Selected records: 4
2025-09-17 18:07:52 - INFO -   Excluded records: 2
2025-09-17 18:07:52 - INFO -   Overall confidence: 0.95
2025-09-17 18:07:52 - INFO -   Selected Records Table:
2025-09-17 18:07:52 - INFO -     +-----+---------+-------------------+-------+--------------+--------------+---------+---------+-------+------+------------------+
2025-09-17 18:07:52 - INFO -     | ID  | Formula | FirstName         | Phase | MeltingPoint | BoilingPoint | Tmin    | Tmax    | H298  | S298 | ReliabilityClass |
2025-09-17 18:07:52 - INFO -     +-----+---------+-------------------+-------+--------------+--------------+---------+---------+-------+------+------------------+
2025-09-17 18:07:52 - INFO -     | 0   | WC      | Tungsten carbide  | s     | 3058.0K      | 6273.0K      | 298.15K | 3050.0K | -38.0 | 32.6 | 1                |
2025-09-17 18:07:52 - INFO -     | 3   | Mg      | Magnesium         | s     | 923.0K       | 1361.0K      | 298.15K | 923.0K  | 0.0   | 32.7 | 1                |
2025-09-17 18:07:52 - INFO -     | 4   | W       | Tungsten          | s     | 3695.0K      | 5828.0K      | 298.15K | 3000.0K | 0.0   | 32.6 | 1                |
2025-09-17 18:07:52 - INFO -     | 5   | MgC2    | Magnesium carbide | s     | 0            | 0            | 298.15K | 2000.0K | -25.0 | 65.7 | 2                |
2025-09-17 18:07:52 - INFO -     +-----+---------+-------------------+-------+--------------+--------------+---------+---------+-------+------+------------------+
2025-09-17 18:07:52 - INFO -   Phase Determinations:
2025-09-17 18:07:52 - INFO -     WC: s (confidence: 0.99) - Melting point 3058K >> 673.15K
2025-09-17 18:07:52 - INFO -     Mg: s (confidence: 0.99) - Melting point 923K > 673.15K
2025-09-17 18:07:52 - INFO -     W: s (confidence: 0.99) - Melting point 3695K >> 673.15K
2025-09-17 18:07:52 - INFO -     MgC2: s (confidence: 0.85) - Missing transition data, but chemical intuition suggests solid carbide at 673.15K
2025-09-17 18:07:52 - INFO -   Selection Reasoning:
2025-09-17 18:07:52 - INFO -     ID=0 (WC): Selected record ID=0: solid state at 673.15K, temperature range 298.15-3050.0K covers target temperature, better reliability and wider range than ID=1
2025-09-17 18:07:52 - INFO -     ID=3 (Mg): Selected record ID=3: solid state at 673.15K (below melting point 923.0K), temperature range 298.15-923.0K covers target temperature
2025-09-17 18:07:52 - INFO -     ID=4 (W): Selected record ID=4: solid state at 673.15K, temperature range 298.15-3000.0K covers target temperature
2025-09-17 18:07:52 - INFO -     ID=5 (MgC2): Selected record ID=5: solid state at 673.15K (assuming stability as solid due to missing transition data), temperature range 298.15-2000.0K covers target temperature
2025-09-17 18:07:52 - INFO -   Warnings:
2025-09-17 18:07:52 - INFO -     MgC2 lacks melting/boiling point data; phase assumed based on intuition
2025-09-17 18:07:52 - INFO -   Summary: From 6 found records, selected 4: one for each compound in appropriate phase at 673.15K.
2025-09-17 18:07:52 - INFO - INFO: === ТЕСТИРОВАНИЕ ЗАВЕРШЕНО ===
2025-09-17 18:07:52 - INFO - SESSION ENDED
